1+8+meta-llama/Llama-2-7b-hf+mvp
./checkpoints/trec/meta-llama/Llama-2-7b-hf/swap_labels/retrieval_icl-seed-1-shot-8
textattack: Updating TextAttack package dependencies.
textattack: Downloading NLTK required packages.
2024-03-10 15:47:07.572737: I tensorflow/core/platform/cpu_feature_guard.cc:182] This TensorFlow binary is optimized to use available CPU instructions in performance-critical operations.
To enable the following instructions: AVX2 FMA, in other operations, rebuild TensorFlow with the appropriate compiler flags.
2024-03-10 15:47:08.392993: W tensorflow/compiler/tf2tensorrt/utils/py_utils.cc:38] TF-TRT Warning: Could not find TensorRT
[nltk_data] Downloading package averaged_perceptron_tagger to
[nltk_data]     /root/nltk_data...
[nltk_data]   Unzipping taggers/averaged_perceptron_tagger.zip.
[nltk_data] Downloading package stopwords to /root/nltk_data...
[nltk_data]   Unzipping corpora/stopwords.zip.
[nltk_data] Downloading package omw to /root/nltk_data...
[nltk_data] Downloading package universal_tagset to /root/nltk_data...
[nltk_data]   Unzipping taggers/universal_tagset.zip.
[nltk_data] Downloading package wordnet to /root/nltk_data...
[nltk_data] Downloading package punkt to /root/nltk_data...
[nltk_data]   Unzipping tokenizers/punkt.zip.
textattack: Downloading https://textattack.s3.amazonaws.com/word_embeddings/paragramcf.
  0%|          | 0.00/481M [00:00<?, ?B/s]  0%|          | 51.2k/481M [00:00<27:49, 288kB/s]  0%|          | 172k/481M [00:00<15:33, 516kB/s]   0%|          | 660k/481M [00:00<05:15, 1.52MB/s]  0%|          | 2.39M/481M [00:00<01:23, 5.74MB/s]  1%|          | 4.97M/481M [00:00<00:42, 11.3MB/s]  2%|▏         | 7.54M/481M [00:00<00:36, 13.1MB/s]  2%|▏         | 11.2M/481M [00:00<00:24, 19.0MB/s]  3%|▎         | 14.7M/481M [00:01<00:19, 23.5MB/s]  4%|▎         | 17.5M/481M [00:01<00:22, 21.1MB/s]  4%|▍         | 21.0M/481M [00:01<00:18, 24.5MB/s]  5%|▌         | 24.7M/481M [00:01<00:16, 27.8MB/s]  6%|▌         | 27.7M/481M [00:01<00:18, 24.0MB/s]  6%|▋         | 31.2M/481M [00:01<00:16, 26.8MB/s]  7%|▋         | 34.6M/481M [00:01<00:18, 24.4MB/s]  8%|▊         | 38.1M/481M [00:01<00:16, 27.0MB/s]  9%|▊         | 41.9M/481M [00:02<00:14, 29.7MB/s]  9%|▉         | 45.0M/481M [00:02<00:16, 25.8MB/s] 10%|█         | 48.7M/481M [00:02<00:15, 28.4MB/s] 11%|█         | 52.4M/481M [00:02<00:16, 26.0MB/s] 12%|█▏        | 56.1M/481M [00:02<00:14, 28.7MB/s] 12%|█▏        | 59.7M/481M [00:02<00:13, 30.7MB/s] 13%|█▎        | 63.0M/481M [00:02<00:15, 26.5MB/s] 14%|█▍        | 66.6M/481M [00:02<00:14, 28.9MB/s] 15%|█▍        | 70.2M/481M [00:03<00:15, 26.1MB/s] 15%|█▌        | 73.6M/481M [00:03<00:14, 28.1MB/s] 16%|█▌        | 77.4M/481M [00:03<00:13, 30.5MB/s] 17%|█▋        | 80.6M/481M [00:03<00:15, 26.3MB/s] 18%|█▊        | 84.3M/481M [00:03<00:13, 28.7MB/s] 18%|█▊        | 87.3M/481M [00:03<00:15, 24.9MB/s] 19%|█▉        | 90.9M/481M [00:03<00:14, 27.5MB/s] 20%|█▉        | 94.4M/481M [00:04<00:15, 25.0MB/s] 20%|██        | 97.8M/481M [00:04<00:14, 27.1MB/s] 21%|██        | 101M/481M [00:04<00:12, 29.5MB/s]  22%|██▏       | 105M/481M [00:04<00:14, 25.4MB/s] 22%|██▏       | 108M/481M [00:04<00:13, 27.8MB/s] 23%|██▎       | 111M/481M [00:04<00:15, 24.2MB/s] 24%|██▍       | 114M/481M [00:04<00:13, 26.4MB/s] 24%|██▍       | 118M/481M [00:04<00:15, 23.7MB/s] 25%|██▌       | 121M/481M [00:05<00:13, 26.1MB/s] 26%|██▌       | 125M/481M [00:05<00:14, 23.9MB/s] 27%|██▋       | 128M/481M [00:05<00:13, 26.2MB/s] 27%|██▋       | 131M/481M [00:05<00:12, 28.3MB/s] 28%|██▊       | 134M/481M [00:05<00:14, 24.4MB/s] 29%|██▊       | 138M/481M [00:05<00:12, 26.7MB/s] 29%|██▉       | 141M/481M [00:05<00:14, 24.1MB/s] 30%|███       | 145M/481M [00:05<00:12, 26.6MB/s] 31%|███       | 148M/481M [00:06<00:11, 28.8MB/s] 31%|███▏      | 151M/481M [00:06<00:13, 24.8MB/s] 32%|███▏      | 155M/481M [00:06<00:12, 27.2MB/s] 33%|███▎      | 158M/481M [00:06<00:13, 24.0MB/s] 33%|███▎      | 161M/481M [00:06<00:12, 26.5MB/s] 34%|███▍      | 165M/481M [00:06<00:11, 28.7MB/s] 35%|███▍      | 168M/481M [00:06<00:12, 24.7MB/s] 36%|███▌      | 171M/481M [00:06<00:11, 27.2MB/s] 36%|███▌      | 174M/481M [00:07<00:12, 24.0MB/s] 37%|███▋      | 178M/481M [00:07<00:11, 26.2MB/s] 38%|███▊      | 181M/481M [00:07<00:10, 28.8MB/s] 38%|███▊      | 184M/481M [00:07<00:11, 24.8MB/s] 39%|███▉      | 188M/481M [00:07<00:10, 27.1MB/s] 40%|███▉      | 191M/481M [00:07<00:12, 24.1MB/s] 40%|████      | 194M/481M [00:07<00:10, 26.5MB/s] 41%|████      | 198M/481M [00:07<00:09, 28.9MB/s] 42%|████▏     | 201M/481M [00:08<00:11, 24.9MB/s] 42%|████▏     | 204M/481M [00:08<00:10, 27.3MB/s] 43%|████▎     | 207M/481M [00:08<00:11, 23.9MB/s] 44%|████▍     | 211M/481M [00:08<00:10, 26.2MB/s] 45%|████▍     | 214M/481M [00:08<00:09, 28.5MB/s] 45%|████▌     | 217M/481M [00:08<00:10, 24.6MB/s] 46%|████▌     | 221M/481M [00:08<00:09, 27.1MB/s] 47%|████▋     | 224M/481M [00:09<00:10, 24.0MB/s] 47%|████▋     | 227M/481M [00:09<00:09, 26.6MB/s] 48%|████▊     | 231M/481M [00:09<00:08, 28.8MB/s] 49%|████▊     | 234M/481M [00:09<00:09, 24.8MB/s] 49%|████▉     | 238M/481M [00:09<00:08, 27.3MB/s] 50%|█████     | 241M/481M [00:09<00:09, 24.7MB/s] 51%|█████     | 245M/481M [00:09<00:08, 27.7MB/s] 52%|█████▏    | 249M/481M [00:09<00:07, 30.7MB/s] 52%|█████▏    | 252M/481M [00:10<00:08, 26.7MB/s] 53%|█████▎    | 256M/481M [00:10<00:07, 29.8MB/s] 54%|█████▍    | 260M/481M [00:10<00:06, 32.3MB/s] 55%|█████▍    | 263M/481M [00:10<00:07, 28.0MB/s] 55%|█████▌    | 267M/481M [00:10<00:06, 30.7MB/s] 56%|█████▋    | 271M/481M [00:10<00:07, 27.7MB/s] 57%|█████▋    | 275M/481M [00:10<00:06, 30.2MB/s] 58%|█████▊    | 278M/481M [00:10<00:06, 32.3MB/s] 59%|█████▊    | 282M/481M [00:11<00:07, 28.0MB/s] 59%|█████▉    | 286M/481M [00:11<00:06, 30.6MB/s] 60%|██████    | 290M/481M [00:11<00:05, 32.9MB/s] 61%|██████    | 293M/481M [00:11<00:06, 28.5MB/s] 62%|██████▏   | 297M/481M [00:11<00:05, 30.8MB/s] 62%|██████▏   | 301M/481M [00:11<00:06, 28.0MB/s] 63%|██████▎   | 305M/481M [00:11<00:05, 30.6MB/s] 64%|██████▍   | 309M/481M [00:11<00:05, 32.8MB/s] 65%|██████▍   | 312M/481M [00:12<00:05, 28.5MB/s] 66%|██████▌   | 316M/481M [00:12<00:05, 31.2MB/s] 66%|██████▋   | 320M/481M [00:12<00:04, 33.1MB/s] 67%|██████▋   | 323M/481M [00:12<00:05, 29.3MB/s] 68%|██████▊   | 327M/481M [00:12<00:04, 31.8MB/s] 69%|██████▉   | 331M/481M [00:12<00:04, 33.5MB/s] 70%|██████▉   | 335M/481M [00:12<00:04, 33.7MB/s] 70%|███████   | 338M/481M [00:12<00:04, 30.5MB/s] 71%|███████   | 342M/481M [00:12<00:04, 32.3MB/s] 72%|███████▏  | 346M/481M [00:13<00:03, 34.5MB/s] 73%|███████▎  | 350M/481M [00:13<00:03, 33.8MB/s] 73%|███████▎  | 353M/481M [00:13<00:03, 32.8MB/s] 74%|███████▍  | 357M/481M [00:13<00:03, 31.6MB/s] 75%|███████▍  | 360M/481M [00:13<00:03, 33.0MB/s] 76%|███████▌  | 364M/481M [00:13<00:03, 32.6MB/s] 76%|███████▋  | 368M/481M [00:13<00:03, 34.2MB/s] 77%|███████▋  | 371M/481M [00:13<00:03, 32.8MB/s] 78%|███████▊  | 374M/481M [00:13<00:03, 33.0MB/s] 78%|███████▊  | 378M/481M [00:14<00:03, 32.4MB/s] 79%|███████▉  | 381M/481M [00:14<00:03, 32.3MB/s] 80%|███████▉  | 384M/481M [00:14<00:02, 32.6MB/s] 81%|████████  | 388M/481M [00:14<00:02, 34.0MB/s] 81%|████████▏ | 392M/481M [00:14<00:02, 32.3MB/s] 82%|████████▏ | 395M/481M [00:14<00:02, 32.8MB/s] 83%|████████▎ | 398M/481M [00:14<00:02, 32.8MB/s] 83%|████████▎ | 402M/481M [00:14<00:02, 32.4MB/s] 84%|████████▍ | 405M/481M [00:14<00:02, 32.4MB/s] 85%|████████▍ | 409M/481M [00:14<00:02, 33.9MB/s] 86%|████████▌ | 412M/481M [00:15<00:02, 33.5MB/s] 86%|████████▋ | 416M/481M [00:15<00:02, 32.8MB/s] 87%|████████▋ | 419M/481M [00:15<00:01, 33.6MB/s] 88%|████████▊ | 422M/481M [00:15<00:01, 32.8MB/s] 88%|████████▊ | 426M/481M [00:15<00:01, 32.6MB/s] 89%|████████▉ | 429M/481M [00:15<00:01, 33.1MB/s] 90%|████████▉ | 432M/481M [00:15<00:01, 33.1MB/s] 91%|█████████ | 436M/481M [00:15<00:01, 32.7MB/s] 91%|█████████ | 439M/481M [00:15<00:01, 32.6MB/s] 92%|█████████▏| 443M/481M [00:15<00:01, 33.1MB/s] 93%|█████████▎| 446M/481M [00:16<00:01, 33.1MB/s] 93%|█████████▎| 449M/481M [00:16<00:00, 33.6MB/s] 94%|█████████▍| 453M/481M [00:16<00:00, 32.6MB/s] 95%|█████████▍| 456M/481M [00:16<00:00, 32.1MB/s] 96%|█████████▌| 460M/481M [00:16<00:00, 32.1MB/s] 96%|█████████▋| 463M/481M [00:16<00:00, 33.3MB/s] 97%|█████████▋| 467M/481M [00:16<00:00, 32.8MB/s] 98%|█████████▊| 470M/481M [00:16<00:00, 33.6MB/s] 98%|█████████▊| 474M/481M [00:16<00:00, 33.5MB/s] 99%|█████████▉| 477M/481M [00:17<00:00, 33.9MB/s]100%|█████████▉| 481M/481M [00:17<00:00, 32.7MB/s]100%|██████████| 481M/481M [00:17<00:00, 28.0MB/s]
textattack: Unzipping file /root/.cache/textattack/tmpcwrz3j63.zip to /root/.cache/textattack/word_embeddings/paragramcf.
textattack: Successfully saved word_embeddings/paragramcf to cache.
/mnt/data/mvp/src/utils/funcs.py:261: FutureWarning: load_metric is deprecated and will be removed in the next major version of datasets. Use 'evaluate.load' instead, from the new library 🤗 Evaluate: https://huggingface.co/docs/evaluate
  metric = load_metric('accuracy')
Downloading builder script:   0%|          | 0.00/1.65k [00:00<?, ?B/s]Downloading builder script: 4.21kB [00:00, 22.0MB/s]                   2024-03-10 15:47:38.407484: I tensorflow/compiler/xla/stream_executor/cuda/cuda_gpu_executor.cc:996] successful NUMA node read from SysFS had negative value (-1), but there must be at least one NUMA node, so returning NUMA node zero. See more at https://github.com/torvalds/linux/blob/v6.0/Documentation/ABI/testing/sysfs-bus-pci#L344-L355
2024-03-10 15:47:38.416803: I tensorflow/compiler/xla/stream_executor/cuda/cuda_gpu_executor.cc:996] successful NUMA node read from SysFS had negative value (-1), but there must be at least one NUMA node, so returning NUMA node zero. See more at https://github.com/torvalds/linux/blob/v6.0/Documentation/ABI/testing/sysfs-bus-pci#L344-L355
2024-03-10 15:47:38.419205: I tensorflow/compiler/xla/stream_executor/cuda/cuda_gpu_executor.cc:996] successful NUMA node read from SysFS had negative value (-1), but there must be at least one NUMA node, so returning NUMA node zero. See more at https://github.com/torvalds/linux/blob/v6.0/Documentation/ABI/testing/sysfs-bus-pci#L344-L355
2024-03-10 15:47:38.434765: I tensorflow/compiler/xla/stream_executor/cuda/cuda_gpu_executor.cc:996] successful NUMA node read from SysFS had negative value (-1), but there must be at least one NUMA node, so returning NUMA node zero. See more at https://github.com/torvalds/linux/blob/v6.0/Documentation/ABI/testing/sysfs-bus-pci#L344-L355
2024-03-10 15:47:38.437155: I tensorflow/compiler/xla/stream_executor/cuda/cuda_gpu_executor.cc:996] successful NUMA node read from SysFS had negative value (-1), but there must be at least one NUMA node, so returning NUMA node zero. See more at https://github.com/torvalds/linux/blob/v6.0/Documentation/ABI/testing/sysfs-bus-pci#L344-L355
2024-03-10 15:47:38.439513: I tensorflow/compiler/xla/stream_executor/cuda/cuda_gpu_executor.cc:996] successful NUMA node read from SysFS had negative value (-1), but there must be at least one NUMA node, so returning NUMA node zero. See more at https://github.com/torvalds/linux/blob/v6.0/Documentation/ABI/testing/sysfs-bus-pci#L344-L355
2024-03-10 15:47:38.614572: I tensorflow/compiler/xla/stream_executor/cuda/cuda_gpu_executor.cc:996] successful NUMA node read from SysFS had negative value (-1), but there must be at least one NUMA node, so returning NUMA node zero. See more at https://github.com/torvalds/linux/blob/v6.0/Documentation/ABI/testing/sysfs-bus-pci#L344-L355
2024-03-10 15:47:38.616176: I tensorflow/compiler/xla/stream_executor/cuda/cuda_gpu_executor.cc:996] successful NUMA node read from SysFS had negative value (-1), but there must be at least one NUMA node, so returning NUMA node zero. See more at https://github.com/torvalds/linux/blob/v6.0/Documentation/ABI/testing/sysfs-bus-pci#L344-L355
2024-03-10 15:47:38.617580: I tensorflow/compiler/xla/stream_executor/cuda/cuda_gpu_executor.cc:996] successful NUMA node read from SysFS had negative value (-1), but there must be at least one NUMA node, so returning NUMA node zero. See more at https://github.com/torvalds/linux/blob/v6.0/Documentation/ABI/testing/sysfs-bus-pci#L344-L355
2024-03-10 15:47:38.618980: I tensorflow/core/common_runtime/gpu/gpu_device.cc:1635] Created device /job:localhost/replica:0/task:0/device:GPU:0 with 79087 MB memory:  -> device: 0, name: NVIDIA A100-SXM4-80GB, pci bus id: 0000:08:00.0, compute capability: 8.0

Downloading builder script:   0%|          | 0.00/5.09k [00:00<?, ?B/s]Downloading builder script: 100%|██████████| 5.09k/5.09k [00:00<00:00, 37.5MB/s]
Downloading readme:   0%|          | 0.00/10.6k [00:00<?, ?B/s]Downloading readme: 100%|██████████| 10.6k/10.6k [00:00<00:00, 48.7MB/s]
Downloading data files:   0%|          | 0/2 [00:00<?, ?it/s]
Downloading data:   0%|          | 0.00/336k [00:00<?, ?B/s][A
Downloading data:   2%|▏         | 8.19k/336k [00:00<00:04, 80.7kB/s][A
Downloading data:  14%|█▍        | 48.1k/336k [00:00<00:01, 263kB/s] [A
Downloading data:  31%|███       | 104k/336k [00:00<00:00, 393kB/s] [A
Downloading data:  48%|████▊     | 161k/336k [00:00<00:00, 454kB/s][A
Downloading data:  62%|██████▏   | 209k/336k [00:00<00:00, 459kB/s][A
Downloading data:  79%|███████▊  | 264k/336k [00:00<00:00, 485kB/s][A
Downloading data:  95%|█████████▌| 321k/336k [00:00<00:00, 505kB/s][ADownloading data: 100%|██████████| 336k/336k [00:00<00:00, 466kB/s]
Downloading data files:  50%|█████     | 1/2 [00:01<00:01,  1.40s/it]
Downloading data:   0%|          | 0.00/23.4k [00:00<?, ?B/s][A
Downloading data:  70%|███████   | 16.4k/23.4k [00:00<00:00, 164kB/s][ADownloading data: 100%|██████████| 23.4k/23.4k [00:00<00:00, 232kB/s]
Downloading data files: 100%|██████████| 2/2 [00:02<00:00,  1.00s/it]Downloading data files: 100%|██████████| 2/2 [00:02<00:00,  1.06s/it]
Generating train split:   0%|          | 0/5452 [00:00<?, ? examples/s]Generating train split:  71%|███████   | 3868/5452 [00:00<00:00, 38572.26 examples/s]Generating train split: 100%|██████████| 5452/5452 [00:00<00:00, 38555.11 examples/s]
Generating test split:   0%|          | 0/500 [00:00<?, ? examples/s]Generating test split: 100%|██████████| 500/500 [00:00<00:00, 37520.83 examples/s]
Map:   0%|          | 0/5452 [00:00<?, ? examples/s]Map:  37%|███▋      | 2024/5452 [00:00<00:00, 20074.94 examples/s]Map:  75%|███████▌  | 4109/5452 [00:00<00:00, 20527.15 examples/s]Map: 100%|██████████| 5452/5452 [00:00<00:00, 20395.71 examples/s]
Map:   0%|          | 0/500 [00:00<?, ? examples/s]Map: 100%|██████████| 500/500 [00:00<00:00, 17368.73 examples/s]
Map:   0%|          | 0/5179 [00:00<?, ? examples/s]Map:  23%|██▎       | 1175/5179 [00:00<00:00, 11658.70 examples/s]Map:  46%|████▋     | 2403/5179 [00:00<00:00, 12015.01 examples/s]Map:  70%|███████   | 3632/5179 [00:00<00:00, 12134.33 examples/s]Map: 100%|██████████| 5179/5179 [00:00<00:00, 11993.84 examples/s]Map: 100%|██████████| 5179/5179 [00:00<00:00, 11957.37 examples/s]
Map:   0%|          | 0/500 [00:00<?, ? examples/s]Map: 100%|██████████| 500/500 [00:00<00:00, 17723.06 examples/s]
Map:   0%|          | 0/273 [00:00<?, ? examples/s]Map: 100%|██████████| 273/273 [00:00<00:00, 10406.76 examples/s]
Downloading tokenizer_config.json:   0%|          | 0.00/776 [00:00<?, ?B/s]Downloading tokenizer_config.json: 100%|██████████| 776/776 [00:00<00:00, 143kB/s]
Downloading tokenizer.model:   0%|          | 0.00/500k [00:00<?, ?B/s]Downloading tokenizer.model: 100%|██████████| 500k/500k [00:00<00:00, 13.7MB/s]
Downloading tokenizer.json:   0%|          | 0.00/1.84M [00:00<?, ?B/s]Downloading tokenizer.json: 100%|██████████| 1.84M/1.84M [00:00<00:00, 6.20MB/s]Downloading tokenizer.json: 100%|██████████| 1.84M/1.84M [00:00<00:00, 6.17MB/s]
Downloading (…)cial_tokens_map.json:   0%|          | 0.00/414 [00:00<?, ?B/s]Downloading (…)cial_tokens_map.json: 100%|██████████| 414/414 [00:00<00:00, 597kB/s]
Downloading config.json:   0%|          | 0.00/609 [00:00<?, ?B/s]Downloading config.json: 100%|██████████| 609/609 [00:00<00:00, 126kB/s]
Downloading (…)fetensors.index.json:   0%|          | 0.00/26.8k [00:00<?, ?B/s]Downloading (…)fetensors.index.json: 100%|██████████| 26.8k/26.8k [00:00<00:00, 25.5MB/s]
Downloading shards:   0%|          | 0/2 [00:00<?, ?it/s]
Downloading (…)of-00002.safetensors:   0%|          | 0.00/9.98G [00:00<?, ?B/s][A
Downloading (…)of-00002.safetensors:   0%|          | 10.5M/9.98G [00:00<02:16, 73.0MB/s][A
Downloading (…)of-00002.safetensors:   0%|          | 21.0M/9.98G [00:00<02:03, 80.7MB/s][A
Downloading (…)of-00002.safetensors:   0%|          | 31.5M/9.98G [00:00<02:01, 81.8MB/s][A
Downloading (…)of-00002.safetensors:   0%|          | 41.9M/9.98G [00:00<02:00, 82.2MB/s][A
Downloading (…)of-00002.safetensors:   1%|          | 52.4M/9.98G [00:00<02:02, 80.7MB/s][A
Downloading (…)of-00002.safetensors:   1%|          | 62.9M/9.98G [00:00<02:02, 81.2MB/s][A
Downloading (…)of-00002.safetensors:   1%|          | 73.4M/9.98G [00:00<02:12, 74.5MB/s][A
Downloading (…)of-00002.safetensors:   1%|          | 83.9M/9.98G [00:01<02:15, 72.9MB/s][A
Downloading (…)of-00002.safetensors:   1%|          | 94.4M/9.98G [00:01<02:11, 75.2MB/s][A
Downloading (…)of-00002.safetensors:   1%|          | 105M/9.98G [00:01<02:08, 77.0MB/s] [A
Downloading (…)of-00002.safetensors:   1%|          | 115M/9.98G [00:01<02:09, 76.2MB/s][A
Downloading (…)of-00002.safetensors:   1%|▏         | 126M/9.98G [00:01<02:12, 74.4MB/s][A
Downloading (…)of-00002.safetensors:   1%|▏         | 136M/9.98G [00:01<02:24, 68.2MB/s][A
Downloading (…)of-00002.safetensors:   1%|▏         | 147M/9.98G [00:01<02:25, 67.5MB/s][A
Downloading (…)of-00002.safetensors:   2%|▏         | 157M/9.98G [00:02<02:20, 70.0MB/s][A
Downloading (…)of-00002.safetensors:   2%|▏         | 168M/9.98G [00:02<02:32, 64.5MB/s][A
Downloading (…)of-00002.safetensors:   2%|▏         | 178M/9.98G [00:02<02:22, 68.6MB/s][A
Downloading (…)of-00002.safetensors:   2%|▏         | 189M/9.98G [00:02<02:15, 72.0MB/s][A
Downloading (…)of-00002.safetensors:   2%|▏         | 199M/9.98G [00:02<02:15, 72.0MB/s][A
Downloading (…)of-00002.safetensors:   2%|▏         | 210M/9.98G [00:02<02:11, 74.0MB/s][A
Downloading (…)of-00002.safetensors:   2%|▏         | 220M/9.98G [00:03<02:22, 68.6MB/s][A
Downloading (…)of-00002.safetensors:   2%|▏         | 231M/9.98G [00:03<02:14, 72.5MB/s][A
Downloading (…)of-00002.safetensors:   2%|▏         | 241M/9.98G [00:03<02:14, 72.6MB/s][A
Downloading (…)of-00002.safetensors:   3%|▎         | 252M/9.98G [00:03<02:10, 74.6MB/s][A
Downloading (…)of-00002.safetensors:   3%|▎         | 262M/9.98G [00:03<02:07, 76.4MB/s][A
Downloading (…)of-00002.safetensors:   3%|▎         | 273M/9.98G [00:03<02:02, 79.1MB/s][A
Downloading (…)of-00002.safetensors:   3%|▎         | 283M/9.98G [00:03<02:02, 79.4MB/s][A
Downloading (…)of-00002.safetensors:   3%|▎         | 294M/9.98G [00:03<02:11, 73.8MB/s][A
Downloading (…)of-00002.safetensors:   3%|▎         | 304M/9.98G [00:04<02:12, 73.3MB/s][A
Downloading (…)of-00002.safetensors:   3%|▎         | 315M/9.98G [00:04<02:06, 76.1MB/s][A
Downloading (…)of-00002.safetensors:   3%|▎         | 325M/9.98G [00:04<02:04, 77.8MB/s][A
Downloading (…)of-00002.safetensors:   3%|▎         | 336M/9.98G [00:04<02:02, 78.6MB/s][A
Downloading (…)of-00002.safetensors:   3%|▎         | 346M/9.98G [00:04<02:01, 79.3MB/s][A
Downloading (…)of-00002.safetensors:   4%|▎         | 357M/9.98G [00:04<01:59, 80.7MB/s][A
Downloading (…)of-00002.safetensors:   4%|▎         | 367M/9.98G [00:04<02:04, 77.4MB/s][A
Downloading (…)of-00002.safetensors:   4%|▍         | 377M/9.98G [00:05<02:03, 77.5MB/s][A
Downloading (…)of-00002.safetensors:   4%|▍         | 388M/9.98G [00:05<02:03, 77.4MB/s][A
Downloading (…)of-00002.safetensors:   4%|▍         | 398M/9.98G [00:05<02:02, 78.2MB/s][A
Downloading (…)of-00002.safetensors:   4%|▍         | 409M/9.98G [00:05<02:00, 79.6MB/s][A
Downloading (…)of-00002.safetensors:   4%|▍         | 419M/9.98G [00:05<01:58, 80.5MB/s][A
Downloading (…)of-00002.safetensors:   4%|▍         | 430M/9.98G [00:05<02:03, 77.4MB/s][A
Downloading (…)of-00002.safetensors:   4%|▍         | 440M/9.98G [00:05<02:04, 76.7MB/s][A
Downloading (…)of-00002.safetensors:   5%|▍         | 451M/9.98G [00:05<02:02, 78.0MB/s][A
Downloading (…)of-00002.safetensors:   5%|▍         | 461M/9.98G [00:06<02:02, 77.4MB/s][A
Downloading (…)of-00002.safetensors:   5%|▍         | 472M/9.98G [00:06<02:01, 78.5MB/s][A
Downloading (…)of-00002.safetensors:   5%|▍         | 482M/9.98G [00:06<02:08, 73.8MB/s][A
Downloading (…)of-00002.safetensors:   5%|▍         | 493M/9.98G [00:06<02:08, 73.6MB/s][A
Downloading (…)of-00002.safetensors:   5%|▌         | 503M/9.98G [00:06<02:04, 76.2MB/s][A
Downloading (…)of-00002.safetensors:   5%|▌         | 514M/9.98G [00:06<02:03, 76.6MB/s][A
Downloading (…)of-00002.safetensors:   5%|▌         | 524M/9.98G [00:06<02:01, 77.9MB/s][A
Downloading (…)of-00002.safetensors:   5%|▌         | 535M/9.98G [00:07<02:00, 78.3MB/s][A
Downloading (…)of-00002.safetensors:   5%|▌         | 545M/9.98G [00:07<01:59, 78.8MB/s][A
Downloading (…)of-00002.safetensors:   6%|▌         | 556M/9.98G [00:07<01:56, 80.8MB/s][A
Downloading (…)of-00002.safetensors:   6%|▌         | 566M/9.98G [00:07<01:54, 81.9MB/s][A
Downloading (…)of-00002.safetensors:   6%|▌         | 577M/9.98G [00:07<01:53, 82.8MB/s][A
Downloading (…)of-00002.safetensors:   6%|▌         | 587M/9.98G [00:07<01:53, 82.9MB/s][A
Downloading (…)of-00002.safetensors:   6%|▌         | 598M/9.98G [00:07<01:52, 83.7MB/s][A
Downloading (…)of-00002.safetensors:   6%|▌         | 608M/9.98G [00:07<01:49, 85.3MB/s][A
Downloading (…)of-00002.safetensors:   6%|▌         | 619M/9.98G [00:08<01:49, 85.1MB/s][A
Downloading (…)of-00002.safetensors:   6%|▋         | 629M/9.98G [00:08<01:53, 82.4MB/s][A
Downloading (…)of-00002.safetensors:   6%|▋         | 640M/9.98G [00:08<01:55, 80.8MB/s][A
Downloading (…)of-00002.safetensors:   7%|▋         | 650M/9.98G [00:08<01:53, 82.2MB/s][A
Downloading (…)of-00002.safetensors:   7%|▋         | 661M/9.98G [00:08<01:55, 81.0MB/s][A
Downloading (…)of-00002.safetensors:   7%|▋         | 671M/9.98G [00:08<01:57, 79.5MB/s][A
Downloading (…)of-00002.safetensors:   7%|▋         | 682M/9.98G [00:08<02:02, 75.9MB/s][A
Downloading (…)of-00002.safetensors:   7%|▋         | 692M/9.98G [00:09<02:00, 77.3MB/s][A
Downloading (…)of-00002.safetensors:   7%|▋         | 703M/9.98G [00:09<01:57, 79.1MB/s][A
Downloading (…)of-00002.safetensors:   7%|▋         | 713M/9.98G [00:09<01:54, 81.0MB/s][A
Downloading (…)of-00002.safetensors:   7%|▋         | 724M/9.98G [00:09<01:54, 81.1MB/s][A
Downloading (…)of-00002.safetensors:   7%|▋         | 734M/9.98G [00:09<01:53, 81.4MB/s][A
Downloading (…)of-00002.safetensors:   7%|▋         | 744M/9.98G [00:09<01:56, 79.6MB/s][A
Downloading (…)of-00002.safetensors:   8%|▊         | 755M/9.98G [00:09<02:15, 68.0MB/s][A
Downloading (…)of-00002.safetensors:   8%|▊         | 765M/9.98G [00:09<02:06, 72.7MB/s][A
Downloading (…)of-00002.safetensors:   8%|▊         | 776M/9.98G [00:10<02:01, 75.5MB/s][A
Downloading (…)of-00002.safetensors:   8%|▊         | 786M/9.98G [00:10<02:07, 71.9MB/s][A
Downloading (…)of-00002.safetensors:   8%|▊         | 797M/9.98G [00:10<02:09, 70.8MB/s][A
Downloading (…)of-00002.safetensors:   8%|▊         | 807M/9.98G [00:10<02:04, 73.4MB/s][A
Downloading (…)of-00002.safetensors:   8%|▊         | 818M/9.98G [00:10<02:03, 74.3MB/s][A
Downloading (…)of-00002.safetensors:   8%|▊         | 828M/9.98G [00:10<01:58, 77.4MB/s][A
Downloading (…)of-00002.safetensors:   8%|▊         | 839M/9.98G [00:10<01:54, 79.5MB/s][A
Downloading (…)of-00002.safetensors:   9%|▊         | 849M/9.98G [00:11<01:59, 76.3MB/s][A
Downloading (…)of-00002.safetensors:   9%|▊         | 860M/9.98G [00:11<01:57, 77.7MB/s][A
Downloading (…)of-00002.safetensors:   9%|▊         | 870M/9.98G [00:11<01:59, 76.1MB/s][A
Downloading (…)of-00002.safetensors:   9%|▉         | 881M/9.98G [00:11<01:57, 77.7MB/s][A
Downloading (…)of-00002.safetensors:   9%|▉         | 891M/9.98G [00:11<01:54, 79.4MB/s][A
Downloading (…)of-00002.safetensors:   9%|▉         | 902M/9.98G [00:11<02:05, 72.6MB/s][A
Downloading (…)of-00002.safetensors:   9%|▉         | 912M/9.98G [00:11<02:15, 66.9MB/s][A
Downloading (…)of-00002.safetensors:   9%|▉         | 923M/9.98G [00:12<02:10, 69.6MB/s][A
Downloading (…)of-00002.safetensors:   9%|▉         | 933M/9.98G [00:12<02:03, 73.3MB/s][A
Downloading (…)of-00002.safetensors:   9%|▉         | 944M/9.98G [00:12<01:59, 75.7MB/s][A
Downloading (…)of-00002.safetensors:  10%|▉         | 954M/9.98G [00:12<02:03, 73.0MB/s][A
Downloading (…)of-00002.safetensors:  10%|▉         | 965M/9.98G [00:12<02:01, 74.2MB/s][A
Downloading (…)of-00002.safetensors:  10%|▉         | 975M/9.98G [00:12<01:58, 76.2MB/s][A
Downloading (…)of-00002.safetensors:  10%|▉         | 986M/9.98G [00:12<01:59, 75.3MB/s][A
Downloading (…)of-00002.safetensors:  10%|▉         | 996M/9.98G [00:13<01:58, 75.9MB/s][A
Downloading (…)of-00002.safetensors:  10%|█         | 1.01G/9.98G [00:13<01:57, 76.0MB/s][A
Downloading (…)of-00002.safetensors:  10%|█         | 1.02G/9.98G [00:13<01:58, 75.7MB/s][A
Downloading (…)of-00002.safetensors:  10%|█         | 1.03G/9.98G [00:13<01:55, 77.8MB/s][A
Downloading (…)of-00002.safetensors:  10%|█         | 1.04G/9.98G [00:13<01:52, 79.8MB/s][A
Downloading (…)of-00002.safetensors:  11%|█         | 1.05G/9.98G [00:13<01:53, 78.6MB/s][A
Downloading (…)of-00002.safetensors:  11%|█         | 1.06G/9.98G [00:13<01:56, 76.4MB/s][A
Downloading (…)of-00002.safetensors:  11%|█         | 1.07G/9.98G [00:14<01:54, 77.5MB/s][A
Downloading (…)of-00002.safetensors:  11%|█         | 1.08G/9.98G [00:14<01:54, 77.9MB/s][A
Downloading (…)of-00002.safetensors:  11%|█         | 1.09G/9.98G [00:14<01:52, 79.1MB/s][A
Downloading (…)of-00002.safetensors:  11%|█         | 1.10G/9.98G [00:14<01:54, 77.7MB/s][A
Downloading (…)of-00002.safetensors:  11%|█         | 1.11G/9.98G [00:14<01:54, 77.6MB/s][A
Downloading (…)of-00002.safetensors:  11%|█         | 1.12G/9.98G [00:14<01:57, 75.2MB/s][A
Downloading (…)of-00002.safetensors:  11%|█▏        | 1.13G/9.98G [00:14<02:02, 72.3MB/s][A
Downloading (…)of-00002.safetensors:  11%|█▏        | 1.14G/9.98G [00:14<01:57, 75.2MB/s][A
Downloading (…)of-00002.safetensors:  12%|█▏        | 1.15G/9.98G [00:15<01:58, 74.5MB/s][A
Downloading (…)of-00002.safetensors:  12%|█▏        | 1.16G/9.98G [00:15<01:58, 74.5MB/s][A
Downloading (…)of-00002.safetensors:  12%|█▏        | 1.17G/9.98G [00:15<01:58, 74.3MB/s][A
Downloading (…)of-00002.safetensors:  12%|█▏        | 1.18G/9.98G [00:15<02:03, 71.3MB/s][A
Downloading (…)of-00002.safetensors:  12%|█▏        | 1.20G/9.98G [00:15<02:01, 72.5MB/s][A
Downloading (…)of-00002.safetensors:  12%|█▏        | 1.21G/9.98G [00:15<01:57, 74.3MB/s][A
Downloading (…)of-00002.safetensors:  12%|█▏        | 1.22G/9.98G [00:15<01:55, 76.1MB/s][A
Downloading (…)of-00002.safetensors:  12%|█▏        | 1.23G/9.98G [00:16<01:52, 77.6MB/s][A
Downloading (…)of-00002.safetensors:  12%|█▏        | 1.24G/9.98G [00:16<01:50, 79.3MB/s][A
Downloading (…)of-00002.safetensors:  13%|█▎        | 1.25G/9.98G [00:16<01:51, 78.4MB/s][A
Downloading (…)of-00002.safetensors:  13%|█▎        | 1.26G/9.98G [00:16<01:52, 77.8MB/s][A
Downloading (…)of-00002.safetensors:  13%|█▎        | 1.27G/9.98G [00:16<01:50, 78.8MB/s][A
Downloading (…)of-00002.safetensors:  13%|█▎        | 1.28G/9.98G [00:16<01:57, 73.9MB/s][A
Downloading (…)of-00002.safetensors:  13%|█▎        | 1.29G/9.98G [00:16<01:56, 74.3MB/s][A
Downloading (…)of-00002.safetensors:  13%|█▎        | 1.30G/9.98G [00:17<01:58, 73.0MB/s][A
Downloading (…)of-00002.safetensors:  13%|█▎        | 1.31G/9.98G [00:17<01:56, 74.3MB/s][A
Downloading (…)of-00002.safetensors:  13%|█▎        | 1.32G/9.98G [00:17<01:58, 72.8MB/s][A
Downloading (…)of-00002.safetensors:  13%|█▎        | 1.33G/9.98G [00:17<01:59, 72.6MB/s][A
Downloading (…)of-00002.safetensors:  13%|█▎        | 1.34G/9.98G [00:17<01:54, 75.4MB/s][A
Downloading (…)of-00002.safetensors:  14%|█▎        | 1.35G/9.98G [00:17<01:57, 73.2MB/s][A
Downloading (…)of-00002.safetensors:  14%|█▎        | 1.36G/9.98G [00:17<01:54, 75.1MB/s][A
Downloading (…)of-00002.safetensors:  14%|█▍        | 1.37G/9.98G [00:18<01:53, 75.9MB/s][A
Downloading (…)of-00002.safetensors:  14%|█▍        | 1.38G/9.98G [00:18<01:49, 78.2MB/s][A
Downloading (…)of-00002.safetensors:  14%|█▍        | 1.39G/9.98G [00:18<01:49, 78.0MB/s][A
Downloading (…)of-00002.safetensors:  14%|█▍        | 1.41G/9.98G [00:18<01:47, 79.7MB/s][A
Downloading (…)of-00002.safetensors:  14%|█▍        | 1.42G/9.98G [00:18<01:51, 76.8MB/s][A
Downloading (…)of-00002.safetensors:  14%|█▍        | 1.43G/9.98G [00:18<01:48, 78.6MB/s][A
Downloading (…)of-00002.safetensors:  14%|█▍        | 1.44G/9.98G [00:18<01:47, 79.4MB/s][A
Downloading (…)of-00002.safetensors:  15%|█▍        | 1.45G/9.98G [00:18<01:45, 81.2MB/s][A
Downloading (…)of-00002.safetensors:  15%|█▍        | 1.46G/9.98G [00:19<01:43, 82.2MB/s][A
Downloading (…)of-00002.safetensors:  15%|█▍        | 1.47G/9.98G [00:19<01:42, 83.1MB/s][A
Downloading (…)of-00002.safetensors:  15%|█▍        | 1.48G/9.98G [00:19<01:43, 82.3MB/s][A
Downloading (…)of-00002.safetensors:  15%|█▍        | 1.49G/9.98G [00:19<01:41, 83.4MB/s][A
Downloading (…)of-00002.safetensors:  15%|█▌        | 1.50G/9.98G [00:19<01:45, 80.1MB/s][A
Downloading (…)of-00002.safetensors:  15%|█▌        | 1.51G/9.98G [00:19<01:43, 81.6MB/s][A
Downloading (…)of-00002.safetensors:  15%|█▌        | 1.52G/9.98G [00:19<01:41, 83.1MB/s][A
Downloading (…)of-00002.safetensors:  15%|█▌        | 1.53G/9.98G [00:19<01:40, 84.3MB/s][A
Downloading (…)of-00002.safetensors:  15%|█▌        | 1.54G/9.98G [00:20<01:39, 84.9MB/s][A
Downloading (…)of-00002.safetensors:  16%|█▌        | 1.55G/9.98G [00:20<01:40, 83.6MB/s][A
Downloading (…)of-00002.safetensors:  16%|█▌        | 1.56G/9.98G [00:20<01:48, 77.7MB/s][A
Downloading (…)of-00002.safetensors:  16%|█▌        | 1.57G/9.98G [00:20<01:40, 84.0MB/s][A
Downloading (…)of-00002.safetensors:  16%|█▌        | 1.58G/9.98G [00:20<01:44, 80.7MB/s][A
Downloading (…)of-00002.safetensors:  16%|█▌        | 1.59G/9.98G [00:20<01:43, 81.3MB/s][A
Downloading (…)of-00002.safetensors:  16%|█▌        | 1.60G/9.98G [00:20<01:42, 81.3MB/s][A
Downloading (…)of-00002.safetensors:  16%|█▌        | 1.61G/9.98G [00:21<01:47, 77.4MB/s][A
Downloading (…)of-00002.safetensors:  16%|█▋        | 1.63G/9.98G [00:21<01:45, 79.0MB/s][A
Downloading (…)of-00002.safetensors:  16%|█▋        | 1.64G/9.98G [00:21<01:47, 77.9MB/s][A
Downloading (…)of-00002.safetensors:  17%|█▋        | 1.65G/9.98G [00:21<01:45, 79.2MB/s][A
Downloading (…)of-00002.safetensors:  17%|█▋        | 1.66G/9.98G [00:21<01:47, 77.5MB/s][A
Downloading (…)of-00002.safetensors:  17%|█▋        | 1.67G/9.98G [00:21<01:52, 73.7MB/s][A
Downloading (…)of-00002.safetensors:  17%|█▋        | 1.68G/9.98G [00:21<01:51, 74.7MB/s][A
Downloading (…)of-00002.safetensors:  17%|█▋        | 1.69G/9.98G [00:21<01:48, 76.1MB/s][A
Downloading (…)of-00002.safetensors:  17%|█▋        | 1.70G/9.98G [00:22<01:45, 78.6MB/s][A
Downloading (…)of-00002.safetensors:  17%|█▋        | 1.71G/9.98G [00:22<01:43, 79.5MB/s][A
Downloading (…)of-00002.safetensors:  17%|█▋        | 1.72G/9.98G [00:22<01:44, 79.1MB/s][A
Downloading (…)of-00002.safetensors:  17%|█▋        | 1.73G/9.98G [00:22<01:48, 75.9MB/s][A
Downloading (…)of-00002.safetensors:  17%|█▋        | 1.74G/9.98G [00:22<01:48, 76.1MB/s][A
Downloading (…)of-00002.safetensors:  18%|█▊        | 1.75G/9.98G [00:22<01:47, 76.2MB/s][A
Downloading (…)of-00002.safetensors:  18%|█▊        | 1.76G/9.98G [00:22<01:47, 76.7MB/s][A
Downloading (…)of-00002.safetensors:  18%|█▊        | 1.77G/9.98G [00:23<01:49, 74.7MB/s][A
Downloading (…)of-00002.safetensors:  18%|█▊        | 1.78G/9.98G [00:23<01:50, 74.3MB/s][A
Downloading (…)of-00002.safetensors:  18%|█▊        | 1.79G/9.98G [00:23<01:50, 74.1MB/s][A
Downloading (…)of-00002.safetensors:  18%|█▊        | 1.80G/9.98G [00:23<01:46, 76.4MB/s][A
Downloading (…)of-00002.safetensors:  18%|█▊        | 1.81G/9.98G [00:23<01:51, 73.2MB/s][A
Downloading (…)of-00002.safetensors:  18%|█▊        | 1.82G/9.98G [00:23<01:52, 72.4MB/s][A
Downloading (…)of-00002.safetensors:  18%|█▊        | 1.84G/9.98G [00:23<01:48, 74.9MB/s][A
Downloading (…)of-00002.safetensors:  18%|█▊        | 1.85G/9.98G [00:24<01:45, 77.1MB/s][A
Downloading (…)of-00002.safetensors:  19%|█▊        | 1.86G/9.98G [00:24<01:43, 78.6MB/s][A
Downloading (…)of-00002.safetensors:  19%|█▊        | 1.87G/9.98G [00:24<01:45, 77.0MB/s][A
Downloading (…)of-00002.safetensors:  19%|█▉        | 1.88G/9.98G [00:24<01:43, 78.1MB/s][A
Downloading (…)of-00002.safetensors:  19%|█▉        | 1.89G/9.98G [00:24<01:41, 79.5MB/s][A
Downloading (…)of-00002.safetensors:  19%|█▉        | 1.90G/9.98G [00:24<01:41, 79.2MB/s][A
Downloading (…)of-00002.safetensors:  19%|█▉        | 1.91G/9.98G [00:24<01:43, 78.2MB/s][A
Downloading (…)of-00002.safetensors:  19%|█▉        | 1.92G/9.98G [00:25<01:52, 71.6MB/s][A
Downloading (…)of-00002.safetensors:  19%|█▉        | 1.93G/9.98G [00:25<01:48, 74.0MB/s][A
Downloading (…)of-00002.safetensors:  19%|█▉        | 1.94G/9.98G [00:25<01:45, 76.2MB/s][A
Downloading (…)of-00002.safetensors:  20%|█▉        | 1.95G/9.98G [00:25<01:43, 77.6MB/s][A
Downloading (…)of-00002.safetensors:  20%|█▉        | 1.96G/9.98G [00:25<01:42, 78.3MB/s][A
Downloading (…)of-00002.safetensors:  20%|█▉        | 1.97G/9.98G [00:25<01:42, 78.2MB/s][A
Downloading (…)of-00002.safetensors:  20%|█▉        | 1.98G/9.98G [00:25<01:45, 75.5MB/s][A
Downloading (…)of-00002.safetensors:  20%|█▉        | 1.99G/9.98G [00:25<01:43, 77.3MB/s][A
Downloading (…)of-00002.safetensors:  20%|██        | 2.00G/9.98G [00:26<01:47, 74.5MB/s][A
Downloading (…)of-00002.safetensors:  20%|██        | 2.01G/9.98G [00:26<01:45, 75.7MB/s][A
Downloading (…)of-00002.safetensors:  20%|██        | 2.02G/9.98G [00:26<01:42, 77.7MB/s][A
Downloading (…)of-00002.safetensors:  20%|██        | 2.03G/9.98G [00:26<01:43, 76.4MB/s][A
Downloading (…)of-00002.safetensors:  20%|██        | 2.04G/9.98G [00:26<01:42, 77.5MB/s][A
Downloading (…)of-00002.safetensors:  21%|██        | 2.06G/9.98G [00:26<01:42, 77.6MB/s][A
Downloading (…)of-00002.safetensors:  21%|██        | 2.07G/9.98G [00:26<01:40, 78.7MB/s][A
Downloading (…)of-00002.safetensors:  21%|██        | 2.08G/9.98G [00:27<01:48, 72.7MB/s][A
Downloading (…)of-00002.safetensors:  21%|██        | 2.09G/9.98G [00:27<01:44, 75.2MB/s][A
Downloading (…)of-00002.safetensors:  21%|██        | 2.10G/9.98G [00:27<01:42, 76.6MB/s][A
Downloading (…)of-00002.safetensors:  21%|██        | 2.11G/9.98G [00:27<01:49, 72.1MB/s][A
Downloading (…)of-00002.safetensors:  21%|██        | 2.12G/9.98G [00:27<01:45, 74.8MB/s][A
Downloading (…)of-00002.safetensors:  21%|██▏       | 2.13G/9.98G [00:27<02:18, 56.6MB/s][A
Downloading (…)of-00002.safetensors:  22%|██▏       | 2.15G/9.98G [00:28<01:38, 79.8MB/s][A
Downloading (…)of-00002.safetensors:  22%|██▏       | 2.16G/9.98G [00:28<01:47, 72.9MB/s][A
Downloading (…)of-00002.safetensors:  22%|██▏       | 2.17G/9.98G [00:28<01:44, 75.0MB/s][A
Downloading (…)of-00002.safetensors:  22%|██▏       | 2.18G/9.98G [00:28<01:41, 76.6MB/s][A
Downloading (…)of-00002.safetensors:  22%|██▏       | 2.19G/9.98G [00:28<01:39, 78.3MB/s][A
Downloading (…)of-00002.safetensors:  22%|██▏       | 2.20G/9.98G [00:28<01:38, 79.1MB/s][A
Downloading (…)of-00002.safetensors:  22%|██▏       | 2.21G/9.98G [00:28<01:37, 80.0MB/s][A
Downloading (…)of-00002.safetensors:  22%|██▏       | 2.22G/9.98G [00:29<01:36, 80.2MB/s][A
Downloading (…)of-00002.safetensors:  22%|██▏       | 2.23G/9.98G [00:29<01:36, 80.4MB/s][A
Downloading (…)of-00002.safetensors:  22%|██▏       | 2.24G/9.98G [00:29<01:36, 80.0MB/s][A
Downloading (…)of-00002.safetensors:  23%|██▎       | 2.25G/9.98G [00:29<01:36, 79.9MB/s][A
Downloading (…)of-00002.safetensors:  23%|██▎       | 2.26G/9.98G [00:29<01:42, 75.1MB/s][A
Downloading (…)of-00002.safetensors:  23%|██▎       | 2.28G/9.98G [00:29<01:38, 78.1MB/s][A
Downloading (…)of-00002.safetensors:  23%|██▎       | 2.29G/9.98G [00:29<01:36, 79.5MB/s][A
Downloading (…)of-00002.safetensors:  23%|██▎       | 2.30G/9.98G [00:29<01:36, 79.4MB/s][A
Downloading (…)of-00002.safetensors:  23%|██▎       | 2.31G/9.98G [00:30<01:38, 77.7MB/s][A
Downloading (…)of-00002.safetensors:  23%|██▎       | 2.32G/9.98G [00:30<01:37, 78.9MB/s][A
Downloading (…)of-00002.safetensors:  23%|██▎       | 2.33G/9.98G [00:30<01:35, 79.7MB/s][A
Downloading (…)of-00002.safetensors:  23%|██▎       | 2.34G/9.98G [00:30<01:34, 81.1MB/s][A
Downloading (…)of-00002.safetensors:  24%|██▎       | 2.35G/9.98G [00:30<01:33, 81.9MB/s][A
Downloading (…)of-00002.safetensors:  24%|██▎       | 2.36G/9.98G [00:30<01:31, 83.1MB/s][A
Downloading (…)of-00002.safetensors:  24%|██▍       | 2.37G/9.98G [00:30<01:32, 82.4MB/s][A
Downloading (…)of-00002.safetensors:  24%|██▍       | 2.38G/9.98G [00:30<01:33, 81.4MB/s][A
Downloading (…)of-00002.safetensors:  24%|██▍       | 2.39G/9.98G [00:31<01:33, 81.0MB/s][A
Downloading (…)of-00002.safetensors:  24%|██▍       | 2.40G/9.98G [00:31<01:33, 81.0MB/s][A
Downloading (…)of-00002.safetensors:  24%|██▍       | 2.41G/9.98G [00:31<01:35, 79.3MB/s][A
Downloading (…)of-00002.safetensors:  24%|██▍       | 2.42G/9.98G [00:31<01:34, 80.2MB/s][A
Downloading (…)of-00002.safetensors:  24%|██▍       | 2.43G/9.98G [00:31<01:34, 79.8MB/s][A
Downloading (…)of-00002.safetensors:  24%|██▍       | 2.44G/9.98G [00:31<01:32, 81.9MB/s][A
Downloading (…)of-00002.safetensors:  25%|██▍       | 2.45G/9.98G [00:31<01:31, 82.3MB/s][A
Downloading (…)of-00002.safetensors:  25%|██▍       | 2.46G/9.98G [00:32<01:30, 82.7MB/s][A
Downloading (…)of-00002.safetensors:  25%|██▍       | 2.47G/9.98G [00:32<01:32, 81.5MB/s][A
Downloading (…)of-00002.safetensors:  25%|██▍       | 2.49G/9.98G [00:32<01:37, 76.7MB/s][A
Downloading (…)of-00002.safetensors:  25%|██▌       | 2.50G/9.98G [00:32<01:36, 77.3MB/s][A
Downloading (…)of-00002.safetensors:  25%|██▌       | 2.51G/9.98G [00:32<01:35, 78.5MB/s][A
Downloading (…)of-00002.safetensors:  25%|██▌       | 2.52G/9.98G [00:32<01:33, 80.0MB/s][A
Downloading (…)of-00002.safetensors:  25%|██▌       | 2.53G/9.98G [00:32<01:32, 80.9MB/s][A
Downloading (…)of-00002.safetensors:  25%|██▌       | 2.54G/9.98G [00:32<01:32, 80.8MB/s][A
Downloading (…)of-00002.safetensors:  26%|██▌       | 2.55G/9.98G [00:33<01:31, 81.3MB/s][A
Downloading (…)of-00002.safetensors:  26%|██▌       | 2.56G/9.98G [00:33<01:32, 80.1MB/s][A
Downloading (…)of-00002.safetensors:  26%|██▌       | 2.57G/9.98G [00:33<01:32, 80.4MB/s][A
Downloading (…)of-00002.safetensors:  26%|██▌       | 2.58G/9.98G [00:33<01:32, 80.2MB/s][A
Downloading (…)of-00002.safetensors:  26%|██▌       | 2.59G/9.98G [00:33<01:31, 80.4MB/s][A
Downloading (…)of-00002.safetensors:  26%|██▌       | 2.60G/9.98G [00:33<01:30, 81.5MB/s][A
Downloading (…)of-00002.safetensors:  26%|██▌       | 2.61G/9.98G [00:33<01:28, 83.4MB/s][A
Downloading (…)of-00002.safetensors:  26%|██▋       | 2.62G/9.98G [00:33<01:34, 77.5MB/s][A
Downloading (…)of-00002.safetensors:  26%|██▋       | 2.63G/9.98G [00:34<01:33, 78.6MB/s][A
Downloading (…)of-00002.safetensors:  26%|██▋       | 2.64G/9.98G [00:34<01:32, 78.9MB/s][A
Downloading (…)of-00002.safetensors:  27%|██▋       | 2.65G/9.98G [00:34<01:36, 75.9MB/s][A
Downloading (…)of-00002.safetensors:  27%|██▋       | 2.66G/9.98G [00:34<01:34, 77.2MB/s][A
Downloading (…)of-00002.safetensors:  27%|██▋       | 2.67G/9.98G [00:34<01:31, 79.8MB/s][A
Downloading (…)of-00002.safetensors:  27%|██▋       | 2.68G/9.98G [00:34<01:31, 79.6MB/s][A
Downloading (…)of-00002.safetensors:  27%|██▋       | 2.69G/9.98G [00:34<01:29, 81.7MB/s][A
Downloading (…)of-00002.safetensors:  27%|██▋       | 2.71G/9.98G [00:35<01:30, 80.2MB/s][A
Downloading (…)of-00002.safetensors:  27%|██▋       | 2.72G/9.98G [00:35<01:31, 78.9MB/s][A
Downloading (…)of-00002.safetensors:  27%|██▋       | 2.73G/9.98G [00:35<01:31, 79.3MB/s][A
Downloading (…)of-00002.safetensors:  27%|██▋       | 2.74G/9.98G [00:35<01:29, 80.9MB/s][A
Downloading (…)of-00002.safetensors:  28%|██▊       | 2.75G/9.98G [00:35<01:28, 82.1MB/s][A
Downloading (…)of-00002.safetensors:  28%|██▊       | 2.76G/9.98G [00:35<01:29, 81.0MB/s][A
Downloading (…)of-00002.safetensors:  28%|██▊       | 2.77G/9.98G [00:35<01:29, 80.9MB/s][A
Downloading (…)of-00002.safetensors:  28%|██▊       | 2.78G/9.98G [00:35<01:29, 80.5MB/s][A
Downloading (…)of-00002.safetensors:  28%|██▊       | 2.79G/9.98G [00:36<01:30, 79.4MB/s][A
Downloading (…)of-00002.safetensors:  28%|██▊       | 2.80G/9.98G [00:36<01:39, 71.9MB/s][A
Downloading (…)of-00002.safetensors:  28%|██▊       | 2.81G/9.98G [00:36<01:35, 75.4MB/s][A
Downloading (…)of-00002.safetensors:  28%|██▊       | 2.82G/9.98G [00:36<01:32, 77.2MB/s][A
Downloading (…)of-00002.safetensors:  28%|██▊       | 2.83G/9.98G [00:36<01:32, 77.6MB/s][A
Downloading (…)of-00002.safetensors:  28%|██▊       | 2.84G/9.98G [00:36<01:35, 74.9MB/s][A
Downloading (…)of-00002.safetensors:  29%|██▊       | 2.85G/9.98G [00:36<01:32, 77.4MB/s][A
Downloading (…)of-00002.safetensors:  29%|██▊       | 2.86G/9.98G [00:37<01:29, 79.9MB/s][A
Downloading (…)of-00002.safetensors:  29%|██▉       | 2.87G/9.98G [00:37<01:28, 80.0MB/s][A
Downloading (…)of-00002.safetensors:  29%|██▉       | 2.88G/9.98G [00:37<01:28, 80.3MB/s][A
Downloading (…)of-00002.safetensors:  29%|██▉       | 2.89G/9.98G [00:37<01:29, 79.2MB/s][A
Downloading (…)of-00002.safetensors:  29%|██▉       | 2.90G/9.98G [00:37<01:28, 79.6MB/s][A
Downloading (…)of-00002.safetensors:  29%|██▉       | 2.92G/9.98G [00:37<01:27, 80.5MB/s][A
Downloading (…)of-00002.safetensors:  29%|██▉       | 2.93G/9.98G [00:37<01:27, 80.3MB/s][A
Downloading (…)of-00002.safetensors:  29%|██▉       | 2.94G/9.98G [00:37<01:26, 81.7MB/s][A
Downloading (…)of-00002.safetensors:  30%|██▉       | 2.95G/9.98G [00:38<01:29, 78.6MB/s][A
Downloading (…)of-00002.safetensors:  30%|██▉       | 2.96G/9.98G [00:38<01:29, 78.5MB/s][A
Downloading (…)of-00002.safetensors:  30%|██▉       | 2.97G/9.98G [00:38<01:28, 78.8MB/s][A
Downloading (…)of-00002.safetensors:  30%|██▉       | 2.98G/9.98G [00:38<01:33, 75.2MB/s][A
Downloading (…)of-00002.safetensors:  30%|██▉       | 2.99G/9.98G [00:38<01:32, 75.7MB/s][A
Downloading (…)of-00002.safetensors:  30%|███       | 3.00G/9.98G [00:38<01:34, 74.1MB/s][A
Downloading (…)of-00002.safetensors:  30%|███       | 3.01G/9.98G [00:38<01:32, 75.5MB/s][A
Downloading (…)of-00002.safetensors:  30%|███       | 3.02G/9.98G [00:39<01:59, 58.3MB/s][A
Downloading (…)of-00002.safetensors:  30%|███       | 3.04G/9.98G [00:39<01:27, 79.0MB/s][A
Downloading (…)of-00002.safetensors:  31%|███       | 3.05G/9.98G [00:39<01:33, 73.9MB/s][A
Downloading (…)of-00002.safetensors:  31%|███       | 3.06G/9.98G [00:39<01:30, 76.2MB/s][A
Downloading (…)of-00002.safetensors:  31%|███       | 3.07G/9.98G [00:39<01:34, 73.4MB/s][A
Downloading (…)of-00002.safetensors:  31%|███       | 3.08G/9.98G [00:39<01:31, 75.1MB/s][A
Downloading (…)of-00002.safetensors:  31%|███       | 3.09G/9.98G [00:40<01:29, 77.3MB/s][A
Downloading (…)of-00002.safetensors:  31%|███       | 3.10G/9.98G [00:40<01:26, 79.3MB/s][A
Downloading (…)of-00002.safetensors:  31%|███       | 3.11G/9.98G [00:40<01:27, 78.0MB/s][A
Downloading (…)of-00002.safetensors:  31%|███▏      | 3.12G/9.98G [00:40<01:28, 77.9MB/s][A
Downloading (…)of-00002.safetensors:  31%|███▏      | 3.14G/9.98G [00:40<01:27, 78.3MB/s][A
Downloading (…)of-00002.safetensors:  32%|███▏      | 3.15G/9.98G [00:40<01:27, 78.3MB/s][A
Downloading (…)of-00002.safetensors:  32%|███▏      | 3.16G/9.98G [00:40<01:25, 79.7MB/s][A
Downloading (…)of-00002.safetensors:  32%|███▏      | 3.17G/9.98G [00:41<01:33, 72.7MB/s][A
Downloading (…)of-00002.safetensors:  32%|███▏      | 3.18G/9.98G [00:41<01:32, 73.1MB/s][A
Downloading (…)of-00002.safetensors:  32%|███▏      | 3.19G/9.98G [00:41<01:30, 74.9MB/s][A
Downloading (…)of-00002.safetensors:  32%|███▏      | 3.20G/9.98G [00:41<01:30, 74.9MB/s][A
Downloading (…)of-00002.safetensors:  32%|███▏      | 3.21G/9.98G [00:41<01:27, 77.7MB/s][A
Downloading (…)of-00002.safetensors:  32%|███▏      | 3.22G/9.98G [00:41<01:25, 78.9MB/s][A
Downloading (…)of-00002.safetensors:  32%|███▏      | 3.23G/9.98G [00:41<01:24, 79.8MB/s][A
Downloading (…)of-00002.safetensors:  32%|███▏      | 3.24G/9.98G [00:41<01:23, 80.9MB/s][A
Downloading (…)of-00002.safetensors:  33%|███▎      | 3.25G/9.98G [00:42<01:23, 81.0MB/s][A
Downloading (…)of-00002.safetensors:  33%|███▎      | 3.26G/9.98G [00:42<01:22, 81.2MB/s][A
Downloading (…)of-00002.safetensors:  33%|███▎      | 3.27G/9.98G [00:42<01:22, 81.1MB/s][A
Downloading (…)of-00002.safetensors:  33%|███▎      | 3.28G/9.98G [00:42<01:26, 77.5MB/s][A
Downloading (…)of-00002.safetensors:  33%|███▎      | 3.29G/9.98G [00:42<01:25, 78.6MB/s][A
Downloading (…)of-00002.safetensors:  33%|███▎      | 3.30G/9.98G [00:42<01:29, 74.3MB/s][A
Downloading (…)of-00002.safetensors:  33%|███▎      | 3.31G/9.98G [00:42<01:31, 72.9MB/s][A
Downloading (…)of-00002.safetensors:  33%|███▎      | 3.32G/9.98G [00:43<01:29, 74.5MB/s][A
Downloading (…)of-00002.safetensors:  33%|███▎      | 3.33G/9.98G [00:43<01:26, 76.7MB/s][A
Downloading (…)of-00002.safetensors:  34%|███▎      | 3.34G/9.98G [00:43<01:27, 76.0MB/s][A
Downloading (…)of-00002.safetensors:  34%|███▎      | 3.36G/9.98G [00:43<01:26, 76.7MB/s][A
Downloading (…)of-00002.safetensors:  34%|███▎      | 3.37G/9.98G [00:43<01:28, 75.1MB/s][A
Downloading (…)of-00002.safetensors:  34%|███▍      | 3.38G/9.98G [00:43<01:24, 78.3MB/s][A
Downloading (…)of-00002.safetensors:  34%|███▍      | 3.39G/9.98G [00:43<01:22, 79.8MB/s][A
Downloading (…)of-00002.safetensors:  34%|███▍      | 3.40G/9.98G [00:44<01:21, 80.5MB/s][A
Downloading (…)of-00002.safetensors:  34%|███▍      | 3.41G/9.98G [00:44<01:19, 82.6MB/s][A
Downloading (…)of-00002.safetensors:  34%|███▍      | 3.42G/9.98G [00:44<01:18, 83.2MB/s][A
Downloading (…)of-00002.safetensors:  34%|███▍      | 3.43G/9.98G [00:44<01:20, 80.9MB/s][A
Downloading (…)of-00002.safetensors:  34%|███▍      | 3.44G/9.98G [00:44<01:25, 76.0MB/s][A
Downloading (…)of-00002.safetensors:  35%|███▍      | 3.45G/9.98G [00:44<01:23, 77.8MB/s][A
Downloading (…)of-00002.safetensors:  35%|███▍      | 3.46G/9.98G [00:44<01:22, 79.1MB/s][A
Downloading (…)of-00002.safetensors:  35%|███▍      | 3.47G/9.98G [00:44<01:20, 80.9MB/s][A
Downloading (…)of-00002.safetensors:  35%|███▍      | 3.48G/9.98G [00:45<01:19, 81.7MB/s][A
Downloading (…)of-00002.safetensors:  35%|███▍      | 3.49G/9.98G [00:45<01:18, 83.0MB/s][A
Downloading (…)of-00002.safetensors:  35%|███▌      | 3.50G/9.98G [00:45<01:18, 82.8MB/s][A
Downloading (…)of-00002.safetensors:  35%|███▌      | 3.51G/9.98G [00:45<01:28, 73.4MB/s][A
Downloading (…)of-00002.safetensors:  35%|███▌      | 3.52G/9.98G [00:45<01:31, 70.7MB/s][A
Downloading (…)of-00002.safetensors:  35%|███▌      | 3.53G/9.98G [00:45<01:31, 70.2MB/s][A
Downloading (…)of-00002.safetensors:  36%|███▌      | 3.54G/9.98G [00:45<01:27, 73.9MB/s][A
Downloading (…)of-00002.safetensors:  36%|███▌      | 3.55G/9.98G [00:46<01:25, 74.8MB/s][A
Downloading (…)of-00002.safetensors:  36%|███▌      | 3.57G/9.98G [00:46<01:25, 75.0MB/s][A
Downloading (…)of-00002.safetensors:  36%|███▌      | 3.58G/9.98G [00:46<01:23, 77.1MB/s][A
Downloading (…)of-00002.safetensors:  36%|███▌      | 3.59G/9.98G [00:46<01:22, 77.2MB/s][A
Downloading (…)of-00002.safetensors:  36%|███▌      | 3.60G/9.98G [00:46<01:20, 79.0MB/s][A
Downloading (…)of-00002.safetensors:  36%|███▌      | 3.61G/9.98G [00:46<01:21, 77.8MB/s][A
Downloading (…)of-00002.safetensors:  36%|███▋      | 3.62G/9.98G [00:46<01:20, 78.6MB/s][A
Downloading (…)of-00002.safetensors:  36%|███▋      | 3.63G/9.98G [00:46<01:20, 79.3MB/s][A
Downloading (…)of-00002.safetensors:  36%|███▋      | 3.64G/9.98G [00:47<01:20, 79.0MB/s][A
Downloading (…)of-00002.safetensors:  37%|███▋      | 3.65G/9.98G [00:47<01:18, 80.3MB/s][A
Downloading (…)of-00002.safetensors:  37%|███▋      | 3.66G/9.98G [00:47<01:19, 79.8MB/s][A
Downloading (…)of-00002.safetensors:  37%|███▋      | 3.67G/9.98G [00:47<01:18, 80.2MB/s][A
Downloading (…)of-00002.safetensors:  37%|███▋      | 3.68G/9.98G [00:47<01:19, 79.6MB/s][A
Downloading (…)of-00002.safetensors:  37%|███▋      | 3.69G/9.98G [00:47<01:21, 77.1MB/s][A
Downloading (…)of-00002.safetensors:  37%|███▋      | 3.70G/9.98G [00:47<01:19, 79.3MB/s][A
Downloading (…)of-00002.safetensors:  37%|███▋      | 3.71G/9.98G [00:48<01:19, 78.9MB/s][A
Downloading (…)of-00002.safetensors:  37%|███▋      | 3.72G/9.98G [00:48<01:20, 77.6MB/s][A
Downloading (…)of-00002.safetensors:  37%|███▋      | 3.73G/9.98G [00:48<01:20, 77.8MB/s][A
Downloading (…)of-00002.safetensors:  38%|███▊      | 3.74G/9.98G [00:48<01:18, 79.9MB/s][A
Downloading (…)of-00002.safetensors:  38%|███▊      | 3.75G/9.98G [00:48<01:21, 76.8MB/s][A
Downloading (…)of-00002.safetensors:  38%|███▊      | 3.76G/9.98G [00:48<01:23, 74.7MB/s][A
Downloading (…)of-00002.safetensors:  38%|███▊      | 3.77G/9.98G [00:48<01:22, 75.1MB/s][A
Downloading (…)of-00002.safetensors:  38%|███▊      | 3.79G/9.98G [00:48<01:19, 78.2MB/s][A
Downloading (…)of-00002.safetensors:  38%|███▊      | 3.80G/9.98G [00:49<01:19, 77.9MB/s][A
Downloading (…)of-00002.safetensors:  38%|███▊      | 3.81G/9.98G [00:49<01:18, 78.8MB/s][A
Downloading (…)of-00002.safetensors:  38%|███▊      | 3.82G/9.98G [00:49<01:20, 76.6MB/s][A
Downloading (…)of-00002.safetensors:  38%|███▊      | 3.83G/9.98G [00:49<01:17, 79.6MB/s][A
Downloading (…)of-00002.safetensors:  38%|███▊      | 3.84G/9.98G [00:49<01:17, 79.6MB/s][A
Downloading (…)of-00002.safetensors:  39%|███▊      | 3.85G/9.98G [00:49<01:16, 79.7MB/s][A
Downloading (…)of-00002.safetensors:  39%|███▊      | 3.86G/9.98G [00:49<01:15, 80.6MB/s][A
Downloading (…)of-00002.safetensors:  39%|███▉      | 3.87G/9.98G [00:50<01:17, 79.1MB/s][A
Downloading (…)of-00002.safetensors:  39%|███▉      | 3.88G/9.98G [00:50<01:54, 53.4MB/s][A
Downloading (…)of-00002.safetensors:  39%|███▉      | 3.91G/9.98G [00:50<01:20, 75.5MB/s][A
Downloading (…)of-00002.safetensors:  39%|███▉      | 3.92G/9.98G [00:50<01:19, 76.3MB/s][A
Downloading (…)of-00002.safetensors:  39%|███▉      | 3.93G/9.98G [00:50<01:17, 78.4MB/s][A
Downloading (…)of-00002.safetensors:  40%|███▉      | 3.94G/9.98G [00:51<01:16, 78.8MB/s][A
Downloading (…)of-00002.safetensors:  40%|███▉      | 3.95G/9.98G [00:51<01:16, 78.4MB/s][A
Downloading (…)of-00002.safetensors:  40%|███▉      | 3.96G/9.98G [00:51<01:19, 76.0MB/s][A
Downloading (…)of-00002.safetensors:  40%|███▉      | 3.97G/9.98G [00:51<01:16, 78.8MB/s][A
Downloading (…)of-00002.safetensors:  40%|███▉      | 3.98G/9.98G [00:51<01:14, 80.1MB/s][A
Downloading (…)of-00002.safetensors:  40%|████      | 4.00G/9.98G [00:51<01:14, 80.5MB/s][A
Downloading (…)of-00002.safetensors:  40%|████      | 4.01G/9.98G [00:51<01:14, 80.5MB/s][A
Downloading (…)of-00002.safetensors:  40%|████      | 4.02G/9.98G [00:51<01:12, 82.5MB/s][A
Downloading (…)of-00002.safetensors:  40%|████      | 4.03G/9.98G [00:52<01:12, 82.5MB/s][A
Downloading (…)of-00002.safetensors:  40%|████      | 4.04G/9.98G [00:52<01:11, 82.8MB/s][A
Downloading (…)of-00002.safetensors:  41%|████      | 4.05G/9.98G [00:52<01:10, 84.1MB/s][A
Downloading (…)of-00002.safetensors:  41%|████      | 4.06G/9.98G [00:52<01:10, 84.1MB/s][A
Downloading (…)of-00002.safetensors:  41%|████      | 4.07G/9.98G [00:52<01:18, 75.6MB/s][A
Downloading (…)of-00002.safetensors:  41%|████      | 4.08G/9.98G [00:52<01:15, 77.7MB/s][A
Downloading (…)of-00002.safetensors:  41%|████      | 4.09G/9.98G [00:52<01:14, 79.2MB/s][A
Downloading (…)of-00002.safetensors:  41%|████      | 4.10G/9.98G [00:53<01:14, 79.4MB/s][A
Downloading (…)of-00002.safetensors:  41%|████      | 4.11G/9.98G [00:53<01:13, 80.2MB/s][A
Downloading (…)of-00002.safetensors:  41%|████▏     | 4.12G/9.98G [00:53<01:12, 80.5MB/s][A
Downloading (…)of-00002.safetensors:  41%|████▏     | 4.13G/9.98G [00:53<01:10, 82.6MB/s][A
Downloading (…)of-00002.safetensors:  42%|████▏     | 4.14G/9.98G [00:53<01:11, 81.8MB/s][A
Downloading (…)of-00002.safetensors:  42%|████▏     | 4.15G/9.98G [00:53<01:12, 80.9MB/s][A
Downloading (…)of-00002.safetensors:  42%|████▏     | 4.16G/9.98G [00:53<01:11, 81.7MB/s][A
Downloading (…)of-00002.safetensors:  42%|████▏     | 4.17G/9.98G [00:53<01:10, 82.0MB/s][A
Downloading (…)of-00002.safetensors:  42%|████▏     | 4.18G/9.98G [00:54<01:16, 75.2MB/s][A
Downloading (…)of-00002.safetensors:  42%|████▏     | 4.19G/9.98G [00:54<01:16, 75.1MB/s][A
Downloading (…)of-00002.safetensors:  42%|████▏     | 4.20G/9.98G [00:54<01:15, 76.9MB/s][A
Downloading (…)of-00002.safetensors:  42%|████▏     | 4.22G/9.98G [00:54<01:12, 79.6MB/s][A
Downloading (…)of-00002.safetensors:  42%|████▏     | 4.23G/9.98G [00:54<01:14, 76.8MB/s][A
Downloading (…)of-00002.safetensors:  42%|████▏     | 4.24G/9.98G [00:54<01:14, 77.2MB/s][A
Downloading (…)of-00002.safetensors:  43%|████▎     | 4.25G/9.98G [00:54<01:13, 78.1MB/s][A
Downloading (…)of-00002.safetensors:  43%|████▎     | 4.26G/9.98G [00:55<01:12, 78.5MB/s][A
Downloading (…)of-00002.safetensors:  43%|████▎     | 4.27G/9.98G [00:55<01:12, 79.1MB/s][A
Downloading (…)of-00002.safetensors:  43%|████▎     | 4.28G/9.98G [00:55<01:14, 76.4MB/s][A
Downloading (…)of-00002.safetensors:  43%|████▎     | 4.29G/9.98G [00:55<01:13, 77.8MB/s][A
Downloading (…)of-00002.safetensors:  43%|████▎     | 4.30G/9.98G [00:55<01:11, 79.7MB/s][A
Downloading (…)of-00002.safetensors:  43%|████▎     | 4.31G/9.98G [00:55<01:09, 81.0MB/s][A
Downloading (…)of-00002.safetensors:  43%|████▎     | 4.32G/9.98G [00:55<01:10, 79.8MB/s][A
Downloading (…)of-00002.safetensors:  43%|████▎     | 4.33G/9.98G [00:55<01:11, 78.7MB/s][A
Downloading (…)of-00002.safetensors:  44%|████▎     | 4.34G/9.98G [00:56<01:11, 79.3MB/s][A
Downloading (…)of-00002.safetensors:  44%|████▎     | 4.35G/9.98G [00:56<01:11, 78.9MB/s][A
Downloading (…)of-00002.safetensors:  44%|████▎     | 4.36G/9.98G [00:56<01:09, 80.5MB/s][A
Downloading (…)of-00002.safetensors:  44%|████▍     | 4.37G/9.98G [00:56<01:07, 82.6MB/s][A
Downloading (…)of-00002.safetensors:  44%|████▍     | 4.38G/9.98G [00:56<01:07, 82.5MB/s][A
Downloading (…)of-00002.safetensors:  44%|████▍     | 4.39G/9.98G [00:56<01:07, 82.3MB/s][A
Downloading (…)of-00002.safetensors:  44%|████▍     | 4.40G/9.98G [00:56<01:08, 81.8MB/s][A
Downloading (…)of-00002.safetensors:  44%|████▍     | 4.41G/9.98G [00:56<01:08, 81.1MB/s][A
Downloading (…)of-00002.safetensors:  44%|████▍     | 4.42G/9.98G [00:57<01:08, 81.4MB/s][A
Downloading (…)of-00002.safetensors:  44%|████▍     | 4.44G/9.98G [00:57<01:08, 81.3MB/s][A
Downloading (…)of-00002.safetensors:  45%|████▍     | 4.45G/9.98G [00:57<01:07, 82.2MB/s][A
Downloading (…)of-00002.safetensors:  45%|████▍     | 4.46G/9.98G [00:57<01:06, 82.5MB/s][A
Downloading (…)of-00002.safetensors:  45%|████▍     | 4.47G/9.98G [00:57<01:06, 82.7MB/s][A
Downloading (…)of-00002.safetensors:  45%|████▍     | 4.48G/9.98G [00:57<01:08, 80.7MB/s][A
Downloading (…)of-00002.safetensors:  45%|████▍     | 4.49G/9.98G [00:57<01:07, 81.0MB/s][A
Downloading (…)of-00002.safetensors:  45%|████▌     | 4.50G/9.98G [00:58<01:11, 76.3MB/s][A
Downloading (…)of-00002.safetensors:  45%|████▌     | 4.51G/9.98G [00:58<01:10, 77.9MB/s][A
Downloading (…)of-00002.safetensors:  45%|████▌     | 4.52G/9.98G [00:58<01:08, 79.8MB/s][A
Downloading (…)of-00002.safetensors:  45%|████▌     | 4.53G/9.98G [00:58<01:07, 80.9MB/s][A
Downloading (…)of-00002.safetensors:  46%|████▌     | 4.54G/9.98G [00:58<01:06, 82.0MB/s][A
Downloading (…)of-00002.safetensors:  46%|████▌     | 4.55G/9.98G [00:58<01:05, 83.3MB/s][A
Downloading (…)of-00002.safetensors:  46%|████▌     | 4.56G/9.98G [00:58<01:06, 82.0MB/s][A
Downloading (…)of-00002.safetensors:  46%|████▌     | 4.57G/9.98G [00:58<01:11, 75.6MB/s][A
Downloading (…)of-00002.safetensors:  46%|████▌     | 4.58G/9.98G [00:59<01:13, 73.4MB/s][A
Downloading (…)of-00002.safetensors:  46%|████▌     | 4.59G/9.98G [00:59<01:12, 73.8MB/s][A
Downloading (…)of-00002.safetensors:  46%|████▌     | 4.60G/9.98G [00:59<01:11, 75.5MB/s][A
Downloading (…)of-00002.safetensors:  46%|████▌     | 4.61G/9.98G [00:59<01:08, 77.8MB/s][A
Downloading (…)of-00002.safetensors:  46%|████▋     | 4.62G/9.98G [00:59<01:08, 78.2MB/s][A
Downloading (…)of-00002.safetensors:  46%|████▋     | 4.63G/9.98G [00:59<01:07, 79.3MB/s][A
Downloading (…)of-00002.safetensors:  47%|████▋     | 4.65G/9.98G [00:59<01:06, 80.0MB/s][A
Downloading (…)of-00002.safetensors:  47%|████▋     | 4.66G/9.98G [01:00<01:05, 80.9MB/s][A
Downloading (…)of-00002.safetensors:  47%|████▋     | 4.67G/9.98G [01:00<01:05, 81.3MB/s][A
Downloading (…)of-00002.safetensors:  47%|████▋     | 4.68G/9.98G [01:00<01:06, 79.6MB/s][A
Downloading (…)of-00002.safetensors:  47%|████▋     | 4.69G/9.98G [01:00<01:10, 75.5MB/s][A
Downloading (…)of-00002.safetensors:  47%|████▋     | 4.70G/9.98G [01:00<01:09, 76.2MB/s][A
Downloading (…)of-00002.safetensors:  47%|████▋     | 4.71G/9.98G [01:00<01:07, 78.0MB/s][A
Downloading (…)of-00002.safetensors:  47%|████▋     | 4.72G/9.98G [01:00<01:06, 79.1MB/s][A
Downloading (…)of-00002.safetensors:  47%|████▋     | 4.73G/9.98G [01:00<01:03, 82.0MB/s][A
Downloading (…)of-00002.safetensors:  48%|████▊     | 4.74G/9.98G [01:01<01:03, 82.2MB/s][A
Downloading (…)of-00002.safetensors:  48%|████▊     | 4.75G/9.98G [01:01<01:08, 76.7MB/s][A
Downloading (…)of-00002.safetensors:  48%|████▊     | 4.76G/9.98G [01:01<01:06, 77.9MB/s][A
Downloading (…)of-00002.safetensors:  48%|████▊     | 4.77G/9.98G [01:01<01:05, 79.9MB/s][A
Downloading (…)of-00002.safetensors:  48%|████▊     | 4.78G/9.98G [01:01<01:04, 80.3MB/s][A
Downloading (…)of-00002.safetensors:  48%|████▊     | 4.79G/9.98G [01:01<01:02, 82.4MB/s][A
Downloading (…)of-00002.safetensors:  48%|████▊     | 4.80G/9.98G [01:01<01:02, 82.6MB/s][A
Downloading (…)of-00002.safetensors:  48%|████▊     | 4.81G/9.98G [01:01<01:02, 83.1MB/s][A
Downloading (…)of-00002.safetensors:  48%|████▊     | 4.82G/9.98G [01:02<01:01, 83.7MB/s][A
Downloading (…)of-00002.safetensors:  48%|████▊     | 4.83G/9.98G [01:02<01:02, 82.1MB/s][A
Downloading (…)of-00002.safetensors:  49%|████▊     | 4.84G/9.98G [01:02<01:02, 81.6MB/s][A
Downloading (…)of-00002.safetensors:  49%|████▊     | 4.85G/9.98G [01:02<01:03, 81.0MB/s][A
Downloading (…)of-00002.safetensors:  49%|████▉     | 4.87G/9.98G [01:02<01:04, 79.6MB/s][A
Downloading (…)of-00002.safetensors:  49%|████▉     | 4.88G/9.98G [01:02<01:03, 80.8MB/s][A
Downloading (…)of-00002.safetensors:  49%|████▉     | 4.89G/9.98G [01:02<01:03, 80.3MB/s][A
Downloading (…)of-00002.safetensors:  49%|████▉     | 4.90G/9.98G [01:03<01:02, 81.3MB/s][A
Downloading (…)of-00002.safetensors:  49%|████▉     | 4.91G/9.98G [01:03<01:02, 81.6MB/s][A
Downloading (…)of-00002.safetensors:  49%|████▉     | 4.92G/9.98G [01:03<01:04, 77.9MB/s][A
Downloading (…)of-00002.safetensors:  49%|████▉     | 4.93G/9.98G [01:03<01:02, 80.4MB/s][A
Downloading (…)of-00002.safetensors:  50%|████▉     | 4.94G/9.98G [01:03<01:04, 77.5MB/s][A
Downloading (…)of-00002.safetensors:  50%|████▉     | 4.95G/9.98G [01:03<01:03, 78.9MB/s][A
Downloading (…)of-00002.safetensors:  50%|████▉     | 4.96G/9.98G [01:03<01:01, 81.3MB/s][A
Downloading (…)of-00002.safetensors:  50%|████▉     | 4.97G/9.98G [01:03<01:00, 82.6MB/s][A
Downloading (…)of-00002.safetensors:  50%|████▉     | 4.98G/9.98G [01:04<01:01, 81.9MB/s][A
Downloading (…)of-00002.safetensors:  50%|█████     | 4.99G/9.98G [01:04<01:00, 82.4MB/s][A
Downloading (…)of-00002.safetensors:  50%|█████     | 5.00G/9.98G [01:04<01:01, 80.8MB/s][A
Downloading (…)of-00002.safetensors:  50%|█████     | 5.01G/9.98G [01:04<01:01, 81.2MB/s][A
Downloading (…)of-00002.safetensors:  50%|█████     | 5.02G/9.98G [01:04<01:00, 81.7MB/s][A
Downloading (…)of-00002.safetensors:  50%|█████     | 5.03G/9.98G [01:04<01:00, 82.3MB/s][A
Downloading (…)of-00002.safetensors:  51%|█████     | 5.04G/9.98G [01:04<00:59, 83.0MB/s][A
Downloading (…)of-00002.safetensors:  51%|█████     | 5.05G/9.98G [01:04<01:02, 79.3MB/s][A
Downloading (…)of-00002.safetensors:  51%|█████     | 5.06G/9.98G [01:05<01:00, 81.2MB/s][A
Downloading (…)of-00002.safetensors:  51%|█████     | 5.08G/9.98G [01:05<01:00, 81.5MB/s][A
Downloading (…)of-00002.safetensors:  51%|█████     | 5.09G/9.98G [01:05<00:59, 81.8MB/s][A
Downloading (…)of-00002.safetensors:  51%|█████     | 5.10G/9.98G [01:05<00:59, 82.0MB/s][A
Downloading (…)of-00002.safetensors:  51%|█████     | 5.11G/9.98G [01:05<00:59, 82.0MB/s][A
Downloading (…)of-00002.safetensors:  51%|█████▏    | 5.12G/9.98G [01:05<00:58, 82.5MB/s][A
Downloading (…)of-00002.safetensors:  51%|█████▏    | 5.13G/9.98G [01:05<00:58, 82.7MB/s][A
Downloading (…)of-00002.safetensors:  52%|█████▏    | 5.14G/9.98G [01:05<00:58, 83.3MB/s][A
Downloading (…)of-00002.safetensors:  52%|█████▏    | 5.15G/9.98G [01:06<01:01, 78.5MB/s][A
Downloading (…)of-00002.safetensors:  52%|█████▏    | 5.16G/9.98G [01:06<01:00, 79.1MB/s][A
Downloading (…)of-00002.safetensors:  52%|█████▏    | 5.17G/9.98G [01:06<01:00, 79.5MB/s][A
Downloading (…)of-00002.safetensors:  52%|█████▏    | 5.18G/9.98G [01:06<01:03, 76.1MB/s][A
Downloading (…)of-00002.safetensors:  52%|█████▏    | 5.19G/9.98G [01:06<01:00, 79.1MB/s][A
Downloading (…)of-00002.safetensors:  52%|█████▏    | 5.20G/9.98G [01:06<01:00, 79.4MB/s][A
Downloading (…)of-00002.safetensors:  52%|█████▏    | 5.21G/9.98G [01:06<00:59, 80.4MB/s][A
Downloading (…)of-00002.safetensors:  52%|█████▏    | 5.22G/9.98G [01:07<00:56, 83.5MB/s][A
Downloading (…)of-00002.safetensors:  52%|█████▏    | 5.23G/9.98G [01:07<00:56, 83.8MB/s][A
Downloading (…)of-00002.safetensors:  53%|█████▎    | 5.24G/9.98G [01:07<00:56, 83.5MB/s][A
Downloading (…)of-00002.safetensors:  53%|█████▎    | 5.25G/9.98G [01:07<00:55, 85.3MB/s][A
Downloading (…)of-00002.safetensors:  53%|█████▎    | 5.26G/9.98G [01:07<00:55, 84.6MB/s][A
Downloading (…)of-00002.safetensors:  53%|█████▎    | 5.27G/9.98G [01:07<00:55, 84.4MB/s][A
Downloading (…)of-00002.safetensors:  53%|█████▎    | 5.28G/9.98G [01:07<00:55, 85.0MB/s][A
Downloading (…)of-00002.safetensors:  53%|█████▎    | 5.30G/9.98G [01:07<00:56, 83.0MB/s][A
Downloading (…)of-00002.safetensors:  53%|█████▎    | 5.31G/9.98G [01:08<00:55, 84.1MB/s][A
Downloading (…)of-00002.safetensors:  53%|█████▎    | 5.32G/9.98G [01:08<00:55, 84.7MB/s][A
Downloading (…)of-00002.safetensors:  53%|█████▎    | 5.33G/9.98G [01:08<00:54, 85.0MB/s][A
Downloading (…)of-00002.safetensors:  53%|█████▎    | 5.34G/9.98G [01:08<00:54, 84.8MB/s][A
Downloading (…)of-00002.safetensors:  54%|█████▎    | 5.35G/9.98G [01:08<00:56, 82.5MB/s][A
Downloading (…)of-00002.safetensors:  54%|█████▎    | 5.36G/9.98G [01:08<00:56, 81.9MB/s][A
Downloading (…)of-00002.safetensors:  54%|█████▍    | 5.37G/9.98G [01:08<01:23, 55.2MB/s][A
Downloading (…)of-00002.safetensors:  54%|█████▍    | 5.39G/9.98G [01:09<00:55, 83.1MB/s][A
Downloading (…)of-00002.safetensors:  54%|█████▍    | 5.41G/9.98G [01:09<00:54, 83.2MB/s][A
Downloading (…)of-00002.safetensors:  54%|█████▍    | 5.42G/9.98G [01:09<00:56, 81.1MB/s][A
Downloading (…)of-00002.safetensors:  54%|█████▍    | 5.43G/9.98G [01:09<00:54, 82.8MB/s][A
Downloading (…)of-00002.safetensors:  55%|█████▍    | 5.44G/9.98G [01:09<00:54, 82.8MB/s][A
Downloading (…)of-00002.safetensors:  55%|█████▍    | 5.45G/9.98G [01:09<00:54, 83.3MB/s][A
Downloading (…)of-00002.safetensors:  55%|█████▍    | 5.46G/9.98G [01:09<00:55, 81.7MB/s][A
Downloading (…)of-00002.safetensors:  55%|█████▍    | 5.47G/9.98G [01:10<00:56, 80.2MB/s][A
Downloading (…)of-00002.safetensors:  55%|█████▍    | 5.48G/9.98G [01:10<00:55, 80.9MB/s][A
Downloading (…)of-00002.safetensors:  55%|█████▌    | 5.49G/9.98G [01:10<00:55, 80.3MB/s][A
Downloading (…)of-00002.safetensors:  55%|█████▌    | 5.51G/9.98G [01:10<00:56, 79.0MB/s][A
Downloading (…)of-00002.safetensors:  55%|█████▌    | 5.52G/9.98G [01:10<00:55, 81.1MB/s][A
Downloading (…)of-00002.safetensors:  55%|█████▌    | 5.53G/9.98G [01:10<00:54, 82.0MB/s][A
Downloading (…)of-00002.safetensors:  55%|█████▌    | 5.54G/9.98G [01:10<00:54, 81.5MB/s][A
Downloading (…)of-00002.safetensors:  56%|█████▌    | 5.55G/9.98G [01:11<00:55, 79.8MB/s][A
Downloading (…)of-00002.safetensors:  56%|█████▌    | 5.56G/9.98G [01:11<00:56, 78.8MB/s][A
Downloading (…)of-00002.safetensors:  56%|█████▌    | 5.57G/9.98G [01:11<00:55, 79.5MB/s][A
Downloading (…)of-00002.safetensors:  56%|█████▌    | 5.58G/9.98G [01:11<00:56, 77.5MB/s][A
Downloading (…)of-00002.safetensors:  56%|█████▌    | 5.59G/9.98G [01:11<00:57, 75.7MB/s][A
Downloading (…)of-00002.safetensors:  56%|█████▌    | 5.60G/9.98G [01:11<00:55, 78.5MB/s][A
Downloading (…)of-00002.safetensors:  56%|█████▌    | 5.61G/9.98G [01:11<00:54, 79.7MB/s][A
Downloading (…)of-00002.safetensors:  56%|█████▋    | 5.62G/9.98G [01:11<00:53, 81.3MB/s][A
Downloading (…)of-00002.safetensors:  56%|█████▋    | 5.63G/9.98G [01:12<00:52, 82.1MB/s][A
Downloading (…)of-00002.safetensors:  57%|█████▋    | 5.64G/9.98G [01:12<00:52, 82.6MB/s][A
Downloading (…)of-00002.safetensors:  57%|█████▋    | 5.65G/9.98G [01:12<00:52, 82.6MB/s][A
Downloading (…)of-00002.safetensors:  57%|█████▋    | 5.66G/9.98G [01:12<00:52, 82.1MB/s][A
Downloading (…)of-00002.safetensors:  57%|█████▋    | 5.67G/9.98G [01:12<00:56, 76.2MB/s][A
Downloading (…)of-00002.safetensors:  57%|█████▋    | 5.68G/9.98G [01:12<00:54, 78.2MB/s][A
Downloading (…)of-00002.safetensors:  57%|█████▋    | 5.69G/9.98G [01:12<00:55, 77.3MB/s][A
Downloading (…)of-00002.safetensors:  57%|█████▋    | 5.70G/9.98G [01:13<00:56, 75.0MB/s][A
Downloading (…)of-00002.safetensors:  57%|█████▋    | 5.71G/9.98G [01:13<00:58, 73.2MB/s][A
Downloading (…)of-00002.safetensors:  57%|█████▋    | 5.73G/9.98G [01:13<00:56, 75.5MB/s][A
Downloading (…)of-00002.safetensors:  57%|█████▋    | 5.74G/9.98G [01:13<00:55, 76.6MB/s][A
Downloading (…)of-00002.safetensors:  58%|█████▊    | 5.75G/9.98G [01:13<00:54, 78.2MB/s][A
Downloading (…)of-00002.safetensors:  58%|█████▊    | 5.76G/9.98G [01:13<00:54, 77.0MB/s][A
Downloading (…)of-00002.safetensors:  58%|█████▊    | 5.77G/9.98G [01:13<00:56, 74.0MB/s][A
Downloading (…)of-00002.safetensors:  58%|█████▊    | 5.78G/9.98G [01:14<00:54, 76.9MB/s][A
Downloading (…)of-00002.safetensors:  58%|█████▊    | 5.79G/9.98G [01:14<00:53, 78.2MB/s][A
Downloading (…)of-00002.safetensors:  58%|█████▊    | 5.80G/9.98G [01:14<00:52, 80.1MB/s][A
Downloading (…)of-00002.safetensors:  58%|█████▊    | 5.81G/9.98G [01:14<00:51, 81.0MB/s][A
Downloading (…)of-00002.safetensors:  58%|█████▊    | 5.82G/9.98G [01:14<00:52, 79.0MB/s][A
Downloading (…)of-00002.safetensors:  58%|█████▊    | 5.83G/9.98G [01:14<00:55, 74.1MB/s][A
Downloading (…)of-00002.safetensors:  59%|█████▊    | 5.84G/9.98G [01:14<00:55, 74.5MB/s][A
Downloading (…)of-00002.safetensors:  59%|█████▊    | 5.85G/9.98G [01:15<01:01, 67.6MB/s][A
Downloading (…)of-00002.safetensors:  59%|█████▉    | 5.86G/9.98G [01:15<00:58, 70.5MB/s][A
Downloading (…)of-00002.safetensors:  59%|█████▉    | 5.87G/9.98G [01:15<00:55, 74.6MB/s][A
Downloading (…)of-00002.safetensors:  59%|█████▉    | 5.88G/9.98G [01:15<00:54, 75.4MB/s][A
Downloading (…)of-00002.safetensors:  59%|█████▉    | 5.89G/9.98G [01:15<00:52, 77.7MB/s][A
Downloading (…)of-00002.safetensors:  59%|█████▉    | 5.90G/9.98G [01:15<00:53, 76.8MB/s][A
Downloading (…)of-00002.safetensors:  59%|█████▉    | 5.91G/9.98G [01:15<00:53, 75.8MB/s][A
Downloading (…)of-00002.safetensors:  59%|█████▉    | 5.92G/9.98G [01:15<00:51, 78.5MB/s][A
Downloading (…)of-00002.safetensors:  59%|█████▉    | 5.93G/9.98G [01:16<00:51, 78.1MB/s][A
Downloading (…)of-00002.safetensors:  60%|█████▉    | 5.95G/9.98G [01:16<00:51, 78.1MB/s][A
Downloading (…)of-00002.safetensors:  60%|█████▉    | 5.96G/9.98G [01:16<00:50, 79.3MB/s][A
Downloading (…)of-00002.safetensors:  60%|█████▉    | 5.97G/9.98G [01:16<00:49, 81.0MB/s][A
Downloading (…)of-00002.safetensors:  60%|█████▉    | 5.98G/9.98G [01:16<00:49, 81.5MB/s][A
Downloading (…)of-00002.safetensors:  60%|██████    | 5.99G/9.98G [01:16<00:48, 82.3MB/s][A
Downloading (…)of-00002.safetensors:  60%|██████    | 6.00G/9.98G [01:16<00:48, 82.3MB/s][A
Downloading (…)of-00002.safetensors:  60%|██████    | 6.01G/9.98G [01:16<00:49, 80.3MB/s][A
Downloading (…)of-00002.safetensors:  60%|██████    | 6.02G/9.98G [01:17<00:48, 81.2MB/s][A
Downloading (…)of-00002.safetensors:  60%|██████    | 6.03G/9.98G [01:17<00:48, 82.2MB/s][A
Downloading (…)of-00002.safetensors:  61%|██████    | 6.04G/9.98G [01:17<00:47, 82.3MB/s][A
Downloading (…)of-00002.safetensors:  61%|██████    | 6.05G/9.98G [01:17<00:48, 81.7MB/s][A
Downloading (…)of-00002.safetensors:  61%|██████    | 6.06G/9.98G [01:17<00:48, 80.8MB/s][A
Downloading (…)of-00002.safetensors:  61%|██████    | 6.07G/9.98G [01:17<00:48, 80.4MB/s][A
Downloading (…)of-00002.safetensors:  61%|██████    | 6.08G/9.98G [01:17<00:49, 78.4MB/s][A
Downloading (…)of-00002.safetensors:  61%|██████    | 6.09G/9.98G [01:18<00:49, 78.7MB/s][A
Downloading (…)of-00002.safetensors:  61%|██████    | 6.10G/9.98G [01:18<00:48, 79.7MB/s][A
Downloading (…)of-00002.safetensors:  61%|██████▏   | 6.11G/9.98G [01:18<00:47, 81.6MB/s][A
Downloading (…)of-00002.safetensors:  61%|██████▏   | 6.12G/9.98G [01:18<00:47, 81.2MB/s][A
Downloading (…)of-00002.safetensors:  61%|██████▏   | 6.13G/9.98G [01:18<00:46, 82.6MB/s][A
Downloading (…)of-00002.safetensors:  62%|██████▏   | 6.14G/9.98G [01:18<00:47, 81.4MB/s][A
Downloading (…)of-00002.safetensors:  62%|██████▏   | 6.16G/9.98G [01:18<00:50, 76.1MB/s][A
Downloading (…)of-00002.safetensors:  62%|██████▏   | 6.17G/9.98G [01:18<00:48, 78.3MB/s][A
Downloading (…)of-00002.safetensors:  62%|██████▏   | 6.18G/9.98G [01:19<00:47, 80.6MB/s][A
Downloading (…)of-00002.safetensors:  62%|██████▏   | 6.19G/9.98G [01:19<00:45, 82.5MB/s][A
Downloading (…)of-00002.safetensors:  62%|██████▏   | 6.20G/9.98G [01:19<00:45, 83.2MB/s][A
Downloading (…)of-00002.safetensors:  62%|██████▏   | 6.21G/9.98G [01:19<00:46, 81.4MB/s][A
Downloading (…)of-00002.safetensors:  62%|██████▏   | 6.22G/9.98G [01:19<00:45, 82.3MB/s][A
Downloading (…)of-00002.safetensors:  62%|██████▏   | 6.23G/9.98G [01:19<00:45, 82.8MB/s][A
Downloading (…)of-00002.safetensors:  63%|██████▎   | 6.24G/9.98G [01:19<00:45, 81.3MB/s][A
Downloading (…)of-00002.safetensors:  63%|██████▎   | 6.25G/9.98G [01:19<00:45, 81.2MB/s][A
Downloading (…)of-00002.safetensors:  63%|██████▎   | 6.26G/9.98G [01:20<00:45, 81.9MB/s][A
Downloading (…)of-00002.safetensors:  63%|██████▎   | 6.27G/9.98G [01:20<00:46, 80.0MB/s][A
Downloading (…)of-00002.safetensors:  63%|██████▎   | 6.28G/9.98G [01:20<00:45, 81.3MB/s][A
Downloading (…)of-00002.safetensors:  63%|██████▎   | 6.29G/9.98G [01:20<00:46, 79.8MB/s][A
Downloading (…)of-00002.safetensors:  63%|██████▎   | 6.30G/9.98G [01:20<00:46, 79.8MB/s][A
Downloading (…)of-00002.safetensors:  63%|██████▎   | 6.31G/9.98G [01:20<00:45, 79.7MB/s][A
Downloading (…)of-00002.safetensors:  63%|██████▎   | 6.32G/9.98G [01:20<00:47, 76.3MB/s][A
Downloading (…)of-00002.safetensors:  63%|██████▎   | 6.33G/9.98G [01:21<00:48, 75.1MB/s][A
Downloading (…)of-00002.safetensors:  64%|██████▎   | 6.34G/9.98G [01:21<00:49, 73.3MB/s][A
Downloading (…)of-00002.safetensors:  64%|██████▎   | 6.35G/9.98G [01:21<00:52, 69.0MB/s][A
Downloading (…)of-00002.safetensors:  64%|██████▍   | 6.36G/9.98G [01:21<00:49, 73.0MB/s][A
Downloading (…)of-00002.safetensors:  64%|██████▍   | 6.38G/9.98G [01:21<00:49, 73.2MB/s][A
Downloading (…)of-00002.safetensors:  64%|██████▍   | 6.39G/9.98G [01:21<00:47, 75.4MB/s][A
Downloading (…)of-00002.safetensors:  64%|██████▍   | 6.40G/9.98G [01:21<00:47, 75.9MB/s][A
Downloading (…)of-00002.safetensors:  64%|██████▍   | 6.41G/9.98G [01:22<00:47, 75.8MB/s][A
Downloading (…)of-00002.safetensors:  64%|██████▍   | 6.42G/9.98G [01:22<00:46, 77.2MB/s][A
Downloading (…)of-00002.safetensors:  64%|██████▍   | 6.43G/9.98G [01:22<00:46, 76.6MB/s][A
Downloading (…)of-00002.safetensors:  65%|██████▍   | 6.44G/9.98G [01:22<00:45, 77.6MB/s][A
Downloading (…)of-00002.safetensors:  65%|██████▍   | 6.45G/9.98G [01:22<00:45, 77.1MB/s][A
Downloading (…)of-00002.safetensors:  65%|██████▍   | 6.46G/9.98G [01:22<00:44, 78.4MB/s][A
Downloading (…)of-00002.safetensors:  65%|██████▍   | 6.47G/9.98G [01:22<00:44, 79.3MB/s][A
Downloading (…)of-00002.safetensors:  65%|██████▍   | 6.48G/9.98G [01:22<00:43, 80.1MB/s][A
Downloading (…)of-00002.safetensors:  65%|██████▌   | 6.49G/9.98G [01:23<00:43, 79.7MB/s][A
Downloading (…)of-00002.safetensors:  65%|██████▌   | 6.50G/9.98G [01:23<00:43, 79.2MB/s][A
Downloading (…)of-00002.safetensors:  65%|██████▌   | 6.51G/9.98G [01:23<00:46, 75.1MB/s][A
Downloading (…)of-00002.safetensors:  65%|██████▌   | 6.52G/9.98G [01:23<00:46, 74.6MB/s][A
Downloading (…)of-00002.safetensors:  65%|██████▌   | 6.53G/9.98G [01:23<00:44, 77.3MB/s][A
Downloading (…)of-00002.safetensors:  66%|██████▌   | 6.54G/9.98G [01:23<00:43, 78.5MB/s][A
Downloading (…)of-00002.safetensors:  66%|██████▌   | 6.55G/9.98G [01:23<00:43, 79.5MB/s][A
Downloading (…)of-00002.safetensors:  66%|██████▌   | 6.56G/9.98G [01:24<00:45, 74.8MB/s][A
Downloading (…)of-00002.safetensors:  66%|██████▌   | 6.57G/9.98G [01:24<00:47, 71.5MB/s][A
Downloading (…)of-00002.safetensors:  66%|██████▌   | 6.59G/9.98G [01:24<00:48, 70.0MB/s][A
Downloading (…)of-00002.safetensors:  66%|██████▌   | 6.60G/9.98G [01:24<00:47, 71.1MB/s][A
Downloading (…)of-00002.safetensors:  66%|██████▌   | 6.61G/9.98G [01:24<00:46, 73.1MB/s][A
Downloading (…)of-00002.safetensors:  66%|██████▋   | 6.62G/9.98G [01:24<00:47, 71.0MB/s][A
Downloading (…)of-00002.safetensors:  66%|██████▋   | 6.63G/9.98G [01:24<00:49, 68.1MB/s][A
Downloading (…)of-00002.safetensors:  67%|██████▋   | 6.64G/9.98G [01:25<01:06, 50.0MB/s][A
Downloading (…)of-00002.safetensors:  67%|██████▋   | 6.66G/9.98G [01:25<00:44, 75.0MB/s][A
Downloading (…)of-00002.safetensors:  67%|██████▋   | 6.67G/9.98G [01:25<00:42, 77.5MB/s][A
Downloading (…)of-00002.safetensors:  67%|██████▋   | 6.68G/9.98G [01:25<00:42, 77.2MB/s][A
Downloading (…)of-00002.safetensors:  67%|██████▋   | 6.69G/9.98G [01:25<00:42, 77.4MB/s][A
Downloading (…)of-00002.safetensors:  67%|██████▋   | 6.70G/9.98G [01:25<00:41, 79.0MB/s][A
Downloading (…)of-00002.safetensors:  67%|██████▋   | 6.71G/9.98G [01:26<00:41, 79.1MB/s][A
Downloading (…)of-00002.safetensors:  67%|██████▋   | 6.72G/9.98G [01:26<00:41, 79.1MB/s][A
Downloading (…)of-00002.safetensors:  67%|██████▋   | 6.73G/9.98G [01:26<00:42, 77.1MB/s][A
Downloading (…)of-00002.safetensors:  68%|██████▊   | 6.74G/9.98G [01:26<00:41, 77.4MB/s][A
Downloading (…)of-00002.safetensors:  68%|██████▊   | 6.75G/9.98G [01:26<00:42, 76.4MB/s][A
Downloading (…)of-00002.safetensors:  68%|██████▊   | 6.76G/9.98G [01:26<00:42, 74.9MB/s][A
Downloading (…)of-00002.safetensors:  68%|██████▊   | 6.77G/9.98G [01:26<00:42, 75.4MB/s][A
Downloading (…)of-00002.safetensors:  68%|██████▊   | 6.78G/9.98G [01:27<00:41, 77.1MB/s][A
Downloading (…)of-00002.safetensors:  68%|██████▊   | 6.79G/9.98G [01:27<00:41, 76.6MB/s][A
Downloading (…)of-00002.safetensors:  68%|██████▊   | 6.81G/9.98G [01:27<00:42, 75.0MB/s][A
Downloading (…)of-00002.safetensors:  68%|██████▊   | 6.82G/9.98G [01:27<00:40, 77.1MB/s][A
Downloading (…)of-00002.safetensors:  68%|██████▊   | 6.83G/9.98G [01:27<00:41, 75.0MB/s][A
Downloading (…)of-00002.safetensors:  69%|██████▊   | 6.84G/9.98G [01:27<00:41, 76.4MB/s][A
Downloading (…)of-00002.safetensors:  69%|██████▊   | 6.85G/9.98G [01:27<00:41, 75.9MB/s][A
Downloading (…)of-00002.safetensors:  69%|██████▊   | 6.86G/9.98G [01:28<00:40, 77.5MB/s][A
Downloading (…)of-00002.safetensors:  69%|██████▉   | 6.87G/9.98G [01:28<00:39, 78.2MB/s][A
Downloading (…)of-00002.safetensors:  69%|██████▉   | 6.88G/9.98G [01:28<00:39, 78.1MB/s][A
Downloading (…)of-00002.safetensors:  69%|██████▉   | 6.89G/9.98G [01:28<00:39, 78.5MB/s][A
Downloading (…)of-00002.safetensors:  69%|██████▉   | 6.90G/9.98G [01:28<00:38, 80.8MB/s][A
Downloading (…)of-00002.safetensors:  69%|██████▉   | 6.91G/9.98G [01:28<00:37, 82.4MB/s][A
Downloading (…)of-00002.safetensors:  69%|██████▉   | 6.92G/9.98G [01:28<00:37, 81.5MB/s][A
Downloading (…)of-00002.safetensors:  69%|██████▉   | 6.93G/9.98G [01:28<00:37, 81.5MB/s][A
Downloading (…)of-00002.safetensors:  70%|██████▉   | 6.94G/9.98G [01:29<00:37, 81.6MB/s][A
Downloading (…)of-00002.safetensors:  70%|██████▉   | 6.95G/9.98G [01:29<00:37, 80.0MB/s][A
Downloading (…)of-00002.safetensors:  70%|██████▉   | 6.96G/9.98G [01:29<00:38, 77.6MB/s][A
Downloading (…)of-00002.safetensors:  70%|██████▉   | 6.97G/9.98G [01:29<00:38, 78.2MB/s][A
Downloading (…)of-00002.safetensors:  70%|██████▉   | 6.98G/9.98G [01:29<00:40, 73.5MB/s][A
Downloading (…)of-00002.safetensors:  70%|███████   | 6.99G/9.98G [01:29<00:40, 73.0MB/s][A
Downloading (…)of-00002.safetensors:  70%|███████   | 7.00G/9.98G [01:29<00:39, 74.6MB/s][A
Downloading (…)of-00002.safetensors:  70%|███████   | 7.01G/9.98G [01:30<00:39, 75.9MB/s][A
Downloading (…)of-00002.safetensors:  70%|███████   | 7.03G/9.98G [01:30<00:38, 77.4MB/s][A
Downloading (…)of-00002.safetensors:  71%|███████   | 7.04G/9.98G [01:30<00:37, 77.7MB/s][A
Downloading (…)of-00002.safetensors:  71%|███████   | 7.05G/9.98G [01:30<00:39, 74.5MB/s][A
Downloading (…)of-00002.safetensors:  71%|███████   | 7.06G/9.98G [01:30<00:38, 76.4MB/s][A
Downloading (…)of-00002.safetensors:  71%|███████   | 7.07G/9.98G [01:30<00:37, 78.0MB/s][A
Downloading (…)of-00002.safetensors:  71%|███████   | 7.08G/9.98G [01:30<00:37, 76.7MB/s][A
Downloading (…)of-00002.safetensors:  71%|███████   | 7.09G/9.98G [01:30<00:36, 78.7MB/s][A
Downloading (…)of-00002.safetensors:  71%|███████   | 7.10G/9.98G [01:31<00:36, 78.4MB/s][A
Downloading (…)of-00002.safetensors:  71%|███████▏  | 7.11G/9.98G [01:31<00:36, 79.0MB/s][A
Downloading (…)of-00002.safetensors:  71%|███████▏  | 7.12G/9.98G [01:31<00:37, 75.7MB/s][A
Downloading (…)of-00002.safetensors:  71%|███████▏  | 7.13G/9.98G [01:31<00:37, 75.6MB/s][A
Downloading (…)of-00002.safetensors:  72%|███████▏  | 7.14G/9.98G [01:31<00:36, 76.8MB/s][A
Downloading (…)of-00002.safetensors:  72%|███████▏  | 7.15G/9.98G [01:31<00:37, 75.7MB/s][A
Downloading (…)of-00002.safetensors:  72%|███████▏  | 7.16G/9.98G [01:31<00:39, 71.7MB/s][A
Downloading (…)of-00002.safetensors:  72%|███████▏  | 7.17G/9.98G [01:32<00:37, 75.3MB/s][A
Downloading (…)of-00002.safetensors:  72%|███████▏  | 7.18G/9.98G [01:32<00:36, 77.3MB/s][A
Downloading (…)of-00002.safetensors:  72%|███████▏  | 7.19G/9.98G [01:32<00:36, 76.7MB/s][A
Downloading (…)of-00002.safetensors:  72%|███████▏  | 7.20G/9.98G [01:32<00:36, 77.0MB/s][A
Downloading (…)of-00002.safetensors:  72%|███████▏  | 7.21G/9.98G [01:32<00:35, 77.9MB/s][A
Downloading (…)of-00002.safetensors:  72%|███████▏  | 7.22G/9.98G [01:32<00:35, 78.5MB/s][A
Downloading (…)of-00002.safetensors:  73%|███████▎  | 7.24G/9.98G [01:32<00:34, 79.1MB/s][A
Downloading (…)of-00002.safetensors:  73%|███████▎  | 7.25G/9.98G [01:33<00:35, 76.3MB/s][A
Downloading (…)of-00002.safetensors:  73%|███████▎  | 7.26G/9.98G [01:33<00:34, 77.9MB/s][A
Downloading (…)of-00002.safetensors:  73%|███████▎  | 7.27G/9.98G [01:33<00:33, 79.9MB/s][A
Downloading (…)of-00002.safetensors:  73%|███████▎  | 7.28G/9.98G [01:33<00:33, 80.0MB/s][A
Downloading (…)of-00002.safetensors:  73%|███████▎  | 7.29G/9.98G [01:33<00:33, 79.3MB/s][A
Downloading (…)of-00002.safetensors:  73%|███████▎  | 7.30G/9.98G [01:33<00:33, 80.6MB/s][A
Downloading (…)of-00002.safetensors:  73%|███████▎  | 7.31G/9.98G [01:33<00:33, 80.0MB/s][A
Downloading (…)of-00002.safetensors:  73%|███████▎  | 7.32G/9.98G [01:33<00:33, 80.4MB/s][A
Downloading (…)of-00002.safetensors:  73%|███████▎  | 7.33G/9.98G [01:34<00:32, 81.6MB/s][A
Downloading (…)of-00002.safetensors:  74%|███████▎  | 7.34G/9.98G [01:34<00:32, 80.9MB/s][A
Downloading (…)of-00002.safetensors:  74%|███████▎  | 7.35G/9.98G [01:34<00:31, 82.3MB/s][A
Downloading (…)of-00002.safetensors:  74%|███████▍  | 7.36G/9.98G [01:34<00:33, 78.1MB/s][A
Downloading (…)of-00002.safetensors:  74%|███████▍  | 7.37G/9.98G [01:34<00:32, 79.2MB/s][A
Downloading (…)of-00002.safetensors:  74%|███████▍  | 7.38G/9.98G [01:34<00:32, 79.3MB/s][A
Downloading (…)of-00002.safetensors:  74%|███████▍  | 7.39G/9.98G [01:34<00:32, 79.9MB/s][A
Downloading (…)of-00002.safetensors:  74%|███████▍  | 7.40G/9.98G [01:34<00:32, 79.7MB/s][A
Downloading (…)of-00002.safetensors:  74%|███████▍  | 7.41G/9.98G [01:35<00:37, 68.3MB/s][A
Downloading (…)of-00002.safetensors:  74%|███████▍  | 7.42G/9.98G [01:35<00:35, 72.5MB/s][A
Downloading (…)of-00002.safetensors:  75%|███████▍  | 7.43G/9.98G [01:35<00:33, 75.2MB/s][A
Downloading (…)of-00002.safetensors:  75%|███████▍  | 7.44G/9.98G [01:35<00:48, 51.9MB/s][A
Downloading (…)of-00002.safetensors:  75%|███████▍  | 7.47G/9.98G [01:35<00:32, 77.3MB/s][A
Downloading (…)of-00002.safetensors:  75%|███████▍  | 7.48G/9.98G [01:36<00:32, 77.7MB/s][A
Downloading (…)of-00002.safetensors:  75%|███████▌  | 7.49G/9.98G [01:36<00:31, 78.5MB/s][A
Downloading (…)of-00002.safetensors:  75%|███████▌  | 7.50G/9.98G [01:36<00:31, 77.9MB/s][A
Downloading (…)of-00002.safetensors:  75%|███████▌  | 7.51G/9.98G [01:36<00:31, 78.6MB/s][A
Downloading (…)of-00002.safetensors:  75%|███████▌  | 7.52G/9.98G [01:36<00:32, 75.7MB/s][A
Downloading (…)of-00002.safetensors:  75%|███████▌  | 7.53G/9.98G [01:36<00:32, 74.9MB/s][A
Downloading (…)of-00002.safetensors:  76%|███████▌  | 7.54G/9.98G [01:36<00:31, 77.4MB/s][A
Downloading (…)of-00002.safetensors:  76%|███████▌  | 7.55G/9.98G [01:36<00:31, 76.6MB/s][A
Downloading (…)of-00002.safetensors:  76%|███████▌  | 7.56G/9.98G [01:37<00:31, 76.5MB/s][A
Downloading (…)of-00002.safetensors:  76%|███████▌  | 7.57G/9.98G [01:37<00:31, 77.4MB/s][A
Downloading (…)of-00002.safetensors:  76%|███████▌  | 7.58G/9.98G [01:37<00:30, 78.3MB/s][A
Downloading (…)of-00002.safetensors:  76%|███████▌  | 7.59G/9.98G [01:37<00:30, 77.5MB/s][A
Downloading (…)of-00002.safetensors:  76%|███████▌  | 7.60G/9.98G [01:37<00:30, 78.6MB/s][A
Downloading (…)of-00002.safetensors:  76%|███████▋  | 7.61G/9.98G [01:37<00:30, 78.7MB/s][A
Downloading (…)of-00002.safetensors:  76%|███████▋  | 7.62G/9.98G [01:37<00:30, 77.2MB/s][A
Downloading (…)of-00002.safetensors:  77%|███████▋  | 7.63G/9.98G [01:38<00:30, 77.2MB/s][A
Downloading (…)of-00002.safetensors:  77%|███████▋  | 7.64G/9.98G [01:38<00:30, 77.6MB/s][A
Downloading (…)of-00002.safetensors:  77%|███████▋  | 7.65G/9.98G [01:38<00:30, 76.9MB/s][A
Downloading (…)of-00002.safetensors:  77%|███████▋  | 7.67G/9.98G [01:38<00:31, 74.1MB/s][A
Downloading (…)of-00002.safetensors:  77%|███████▋  | 7.68G/9.98G [01:38<00:30, 74.6MB/s][A
Downloading (…)of-00002.safetensors:  77%|███████▋  | 7.69G/9.98G [01:38<00:32, 70.4MB/s][A
Downloading (…)of-00002.safetensors:  77%|███████▋  | 7.70G/9.98G [01:38<00:31, 72.0MB/s][A
Downloading (…)of-00002.safetensors:  77%|███████▋  | 7.71G/9.98G [01:39<00:31, 71.4MB/s][A
Downloading (…)of-00002.safetensors:  77%|███████▋  | 7.72G/9.98G [01:39<00:31, 72.8MB/s][A
Downloading (…)of-00002.safetensors:  77%|███████▋  | 7.73G/9.98G [01:39<00:30, 74.1MB/s][A
Downloading (…)of-00002.safetensors:  78%|███████▊  | 7.74G/9.98G [01:39<00:29, 74.8MB/s][A
Downloading (…)of-00002.safetensors:  78%|███████▊  | 7.75G/9.98G [01:39<00:29, 75.3MB/s][A
Downloading (…)of-00002.safetensors:  78%|███████▊  | 7.76G/9.98G [01:39<00:32, 67.6MB/s][A
Downloading (…)of-00002.safetensors:  78%|███████▊  | 7.77G/9.98G [01:39<00:31, 70.6MB/s][A
Downloading (…)of-00002.safetensors:  78%|███████▊  | 7.78G/9.98G [01:40<00:32, 68.1MB/s][A
Downloading (…)of-00002.safetensors:  78%|███████▊  | 7.79G/9.98G [01:40<00:30, 70.8MB/s][A
Downloading (…)of-00002.safetensors:  78%|███████▊  | 7.80G/9.98G [01:40<00:30, 72.0MB/s][A
Downloading (…)of-00002.safetensors:  78%|███████▊  | 7.81G/9.98G [01:40<00:29, 74.5MB/s][A
Downloading (…)of-00002.safetensors:  78%|███████▊  | 7.82G/9.98G [01:40<00:28, 75.7MB/s][A
Downloading (…)of-00002.safetensors:  79%|███████▊  | 7.83G/9.98G [01:40<00:28, 75.6MB/s][A
Downloading (…)of-00002.safetensors:  79%|███████▊  | 7.84G/9.98G [01:40<00:28, 74.7MB/s][A
Downloading (…)of-00002.safetensors:  79%|███████▊  | 7.85G/9.98G [01:41<00:29, 71.8MB/s][A
Downloading (…)of-00002.safetensors:  79%|███████▉  | 7.86G/9.98G [01:41<00:28, 73.3MB/s][A
Downloading (…)of-00002.safetensors:  79%|███████▉  | 7.87G/9.98G [01:41<00:28, 74.4MB/s][A
Downloading (…)of-00002.safetensors:  79%|███████▉  | 7.89G/9.98G [01:41<00:27, 75.8MB/s][A
Downloading (…)of-00002.safetensors:  79%|███████▉  | 7.90G/9.98G [01:41<00:26, 77.7MB/s][A
Downloading (…)of-00002.safetensors:  79%|███████▉  | 7.91G/9.98G [01:41<00:26, 77.7MB/s][A
Downloading (…)of-00002.safetensors:  79%|███████▉  | 7.92G/9.98G [01:41<00:26, 78.8MB/s][A
Downloading (…)of-00002.safetensors:  79%|███████▉  | 7.93G/9.98G [01:42<00:25, 79.3MB/s][A
Downloading (…)of-00002.safetensors:  80%|███████▉  | 7.94G/9.98G [01:42<00:25, 80.0MB/s][A
Downloading (…)of-00002.safetensors:  80%|███████▉  | 7.95G/9.98G [01:42<00:26, 76.7MB/s][A
Downloading (…)of-00002.safetensors:  80%|███████▉  | 7.96G/9.98G [01:42<00:25, 79.2MB/s][A
Downloading (…)of-00002.safetensors:  80%|███████▉  | 7.97G/9.98G [01:42<00:25, 78.8MB/s][A
Downloading (…)of-00002.safetensors:  80%|███████▉  | 7.98G/9.98G [01:42<00:25, 78.1MB/s][A
Downloading (…)of-00002.safetensors:  80%|████████  | 7.99G/9.98G [01:42<00:25, 77.9MB/s][A
Downloading (…)of-00002.safetensors:  80%|████████  | 8.00G/9.98G [01:42<00:26, 75.7MB/s][A
Downloading (…)of-00002.safetensors:  80%|████████  | 8.01G/9.98G [01:43<00:25, 77.0MB/s][A
Downloading (…)of-00002.safetensors:  80%|████████  | 8.02G/9.98G [01:43<00:24, 78.8MB/s][A
Downloading (…)of-00002.safetensors:  81%|████████  | 8.03G/9.98G [01:43<00:24, 79.9MB/s][A
Downloading (…)of-00002.safetensors:  81%|████████  | 8.04G/9.98G [01:43<00:23, 81.9MB/s][A
Downloading (…)of-00002.safetensors:  81%|████████  | 8.05G/9.98G [01:43<00:23, 82.6MB/s][A
Downloading (…)of-00002.safetensors:  81%|████████  | 8.06G/9.98G [01:43<00:23, 83.2MB/s][A
Downloading (…)of-00002.safetensors:  81%|████████  | 8.07G/9.98G [01:43<00:23, 80.9MB/s][A
Downloading (…)of-00002.safetensors:  81%|████████  | 8.08G/9.98G [01:44<00:22, 82.9MB/s][A
Downloading (…)of-00002.safetensors:  81%|████████  | 8.10G/9.98G [01:44<00:22, 82.1MB/s][A
Downloading (…)of-00002.safetensors:  81%|████████  | 8.11G/9.98G [01:44<00:22, 82.3MB/s][A
Downloading (…)of-00002.safetensors:  81%|████████▏ | 8.12G/9.98G [01:44<00:22, 81.7MB/s][A
Downloading (…)of-00002.safetensors:  81%|████████▏ | 8.13G/9.98G [01:44<00:22, 82.7MB/s][A
Downloading (…)of-00002.safetensors:  82%|████████▏ | 8.14G/9.98G [01:44<00:22, 82.1MB/s][A
Downloading (…)of-00002.safetensors:  82%|████████▏ | 8.15G/9.98G [01:44<00:25, 70.7MB/s][A
Downloading (…)of-00002.safetensors:  82%|████████▏ | 8.16G/9.98G [01:44<00:25, 72.4MB/s][A
Downloading (…)of-00002.safetensors:  82%|████████▏ | 8.17G/9.98G [01:45<00:23, 75.6MB/s][A
Downloading (…)of-00002.safetensors:  82%|████████▏ | 8.18G/9.98G [01:45<00:25, 71.1MB/s][A
Downloading (…)of-00002.safetensors:  82%|████████▏ | 8.19G/9.98G [01:45<00:24, 73.7MB/s][A
Downloading (…)of-00002.safetensors:  82%|████████▏ | 8.20G/9.98G [01:45<00:23, 75.0MB/s][A
Downloading (…)of-00002.safetensors:  82%|████████▏ | 8.21G/9.98G [01:45<00:23, 76.5MB/s][A
Downloading (…)of-00002.safetensors:  82%|████████▏ | 8.22G/9.98G [01:45<00:23, 75.2MB/s][A
Downloading (…)of-00002.safetensors:  83%|████████▎ | 8.23G/9.98G [01:45<00:23, 74.0MB/s][A
Downloading (…)of-00002.safetensors:  83%|████████▎ | 8.24G/9.98G [01:46<00:22, 76.4MB/s][A
Downloading (…)of-00002.safetensors:  83%|████████▎ | 8.25G/9.98G [01:46<00:21, 78.4MB/s][A
Downloading (…)of-00002.safetensors:  83%|████████▎ | 8.26G/9.98G [01:46<00:22, 76.7MB/s][A
Downloading (…)of-00002.safetensors:  83%|████████▎ | 8.27G/9.98G [01:46<00:21, 79.9MB/s][A
Downloading (…)of-00002.safetensors:  83%|████████▎ | 8.28G/9.98G [01:46<00:22, 76.9MB/s][A
Downloading (…)of-00002.safetensors:  83%|████████▎ | 8.29G/9.98G [01:46<00:21, 77.5MB/s][A
Downloading (…)of-00002.safetensors:  83%|████████▎ | 8.30G/9.98G [01:46<00:21, 77.2MB/s][A
Downloading (…)of-00002.safetensors:  83%|████████▎ | 8.32G/9.98G [01:47<00:21, 77.4MB/s][A
Downloading (…)of-00002.safetensors:  83%|████████▎ | 8.33G/9.98G [01:47<00:21, 77.2MB/s][A
Downloading (…)of-00002.safetensors:  84%|████████▎ | 8.34G/9.98G [01:47<00:21, 75.9MB/s][A
Downloading (…)of-00002.safetensors:  84%|████████▎ | 8.35G/9.98G [01:47<00:21, 74.6MB/s][A
Downloading (…)of-00002.safetensors:  84%|████████▍ | 8.36G/9.98G [01:47<00:20, 77.3MB/s][A
Downloading (…)of-00002.safetensors:  84%|████████▍ | 8.37G/9.98G [01:47<00:20, 77.8MB/s][A
Downloading (…)of-00002.safetensors:  84%|████████▍ | 8.38G/9.98G [01:47<00:22, 70.5MB/s][A
Downloading (…)of-00002.safetensors:  84%|████████▍ | 8.39G/9.98G [01:48<00:22, 70.9MB/s][A
Downloading (…)of-00002.safetensors:  84%|████████▍ | 8.40G/9.98G [01:48<00:21, 72.6MB/s][A
Downloading (…)of-00002.safetensors:  84%|████████▍ | 8.41G/9.98G [01:48<00:22, 70.4MB/s][A
Downloading (…)of-00002.safetensors:  84%|████████▍ | 8.42G/9.98G [01:48<00:21, 73.5MB/s][A
Downloading (…)of-00002.safetensors:  85%|████████▍ | 8.43G/9.98G [01:48<00:20, 76.5MB/s][A
Downloading (…)of-00002.safetensors:  85%|████████▍ | 8.44G/9.98G [01:48<00:19, 78.3MB/s][A
Downloading (…)of-00002.safetensors:  85%|████████▍ | 8.45G/9.98G [01:48<00:19, 79.1MB/s][A
Downloading (…)of-00002.safetensors:  85%|████████▍ | 8.46G/9.98G [01:48<00:18, 80.1MB/s][A
Downloading (…)of-00002.safetensors:  85%|████████▍ | 8.47G/9.98G [01:49<00:19, 77.8MB/s][A
Downloading (…)of-00002.safetensors:  85%|████████▌ | 8.48G/9.98G [01:49<00:19, 77.1MB/s][A
Downloading (…)of-00002.safetensors:  85%|████████▌ | 8.49G/9.98G [01:49<00:19, 77.4MB/s][A
Downloading (…)of-00002.safetensors:  85%|████████▌ | 8.50G/9.98G [01:49<00:18, 79.1MB/s][A
Downloading (…)of-00002.safetensors:  85%|████████▌ | 8.51G/9.98G [01:49<00:18, 79.1MB/s][A
Downloading (…)of-00002.safetensors:  85%|████████▌ | 8.52G/9.98G [01:49<00:18, 80.5MB/s][A
Downloading (…)of-00002.safetensors:  86%|████████▌ | 8.54G/9.98G [01:49<00:17, 81.7MB/s][A
Downloading (…)of-00002.safetensors:  86%|████████▌ | 8.55G/9.98G [01:50<00:17, 82.1MB/s][A
Downloading (…)of-00002.safetensors:  86%|████████▌ | 8.56G/9.98G [01:50<00:17, 81.3MB/s][A
Downloading (…)of-00002.safetensors:  86%|████████▌ | 8.57G/9.98G [01:50<00:17, 78.8MB/s][A
Downloading (…)of-00002.safetensors:  86%|████████▌ | 8.58G/9.98G [01:50<00:17, 80.6MB/s][A
Downloading (…)of-00002.safetensors:  86%|████████▌ | 8.59G/9.98G [01:50<00:17, 77.2MB/s][A
Downloading (…)of-00002.safetensors:  86%|████████▌ | 8.60G/9.98G [01:50<00:17, 76.7MB/s][A
Downloading (…)of-00002.safetensors:  86%|████████▋ | 8.61G/9.98G [01:50<00:17, 78.4MB/s][A
Downloading (…)of-00002.safetensors:  86%|████████▋ | 8.62G/9.98G [01:50<00:17, 79.5MB/s][A
Downloading (…)of-00002.safetensors:  87%|████████▋ | 8.63G/9.98G [01:51<00:17, 77.7MB/s][A
Downloading (…)of-00002.safetensors:  87%|████████▋ | 8.64G/9.98G [01:51<00:17, 78.0MB/s][A
Downloading (…)of-00002.safetensors:  87%|████████▋ | 8.65G/9.98G [01:51<00:17, 75.2MB/s][A
Downloading (…)of-00002.safetensors:  87%|████████▋ | 8.66G/9.98G [01:51<00:16, 78.1MB/s][A
Downloading (…)of-00002.safetensors:  87%|████████▋ | 8.67G/9.98G [01:51<00:16, 77.7MB/s][A
Downloading (…)of-00002.safetensors:  87%|████████▋ | 8.68G/9.98G [01:51<00:16, 76.9MB/s][A
Downloading (…)of-00002.safetensors:  87%|████████▋ | 8.69G/9.98G [01:51<00:16, 78.4MB/s][A
Downloading (…)of-00002.safetensors:  87%|████████▋ | 8.70G/9.98G [01:52<00:16, 77.2MB/s][A
Downloading (…)of-00002.safetensors:  87%|████████▋ | 8.71G/9.98G [01:52<00:16, 78.5MB/s][A
Downloading (…)of-00002.safetensors:  87%|████████▋ | 8.72G/9.98G [01:52<00:15, 79.2MB/s][A
Downloading (…)of-00002.safetensors:  88%|████████▊ | 8.73G/9.98G [01:52<00:15, 79.0MB/s][A
Downloading (…)of-00002.safetensors:  88%|████████▊ | 8.75G/9.98G [01:52<00:15, 80.2MB/s][A
Downloading (…)of-00002.safetensors:  88%|████████▊ | 8.76G/9.98G [01:52<00:14, 82.1MB/s][A
Downloading (…)of-00002.safetensors:  88%|████████▊ | 8.77G/9.98G [01:52<00:15, 80.6MB/s][A
Downloading (…)of-00002.safetensors:  88%|████████▊ | 8.78G/9.98G [01:52<00:15, 76.4MB/s][A
Downloading (…)of-00002.safetensors:  88%|████████▊ | 8.79G/9.98G [01:53<00:15, 77.1MB/s][A
Downloading (…)of-00002.safetensors:  88%|████████▊ | 8.80G/9.98G [01:53<00:15, 76.7MB/s][A
Downloading (…)of-00002.safetensors:  88%|████████▊ | 8.81G/9.98G [01:53<00:15, 77.6MB/s][A
Downloading (…)of-00002.safetensors:  88%|████████▊ | 8.82G/9.98G [01:53<00:14, 78.3MB/s][A
Downloading (…)of-00002.safetensors:  88%|████████▊ | 8.83G/9.98G [01:53<00:14, 78.9MB/s][A
Downloading (…)of-00002.safetensors:  89%|████████▊ | 8.84G/9.98G [01:53<00:14, 80.4MB/s][A
Downloading (…)of-00002.safetensors:  89%|████████▊ | 8.85G/9.98G [01:53<00:13, 80.7MB/s][A
Downloading (…)of-00002.safetensors:  89%|████████▉ | 8.86G/9.98G [01:54<00:14, 79.6MB/s][A
Downloading (…)of-00002.safetensors:  89%|████████▉ | 8.87G/9.98G [01:54<00:14, 76.7MB/s][A
Downloading (…)of-00002.safetensors:  89%|████████▉ | 8.88G/9.98G [01:54<00:14, 76.8MB/s][A
Downloading (…)of-00002.safetensors:  89%|████████▉ | 8.89G/9.98G [01:54<00:13, 78.6MB/s][A
Downloading (…)of-00002.safetensors:  89%|████████▉ | 8.90G/9.98G [01:54<00:13, 77.4MB/s][A
Downloading (…)of-00002.safetensors:  89%|████████▉ | 8.91G/9.98G [01:54<00:14, 74.8MB/s][A
Downloading (…)of-00002.safetensors:  89%|████████▉ | 8.92G/9.98G [01:54<00:13, 75.8MB/s][A
Downloading (…)of-00002.safetensors:  90%|████████▉ | 8.93G/9.98G [01:54<00:13, 78.5MB/s][A
Downloading (…)of-00002.safetensors:  90%|████████▉ | 8.94G/9.98G [01:55<00:13, 75.4MB/s][A
Downloading (…)of-00002.safetensors:  90%|████████▉ | 8.95G/9.98G [01:55<00:13, 77.2MB/s][A
Downloading (…)of-00002.safetensors:  90%|████████▉ | 8.97G/9.98G [01:55<00:13, 76.8MB/s][A
Downloading (…)of-00002.safetensors:  90%|████████▉ | 8.98G/9.98G [01:55<00:12, 79.6MB/s][A
Downloading (…)of-00002.safetensors:  90%|█████████ | 8.99G/9.98G [01:55<00:12, 79.6MB/s][A
Downloading (…)of-00002.safetensors:  90%|█████████ | 9.00G/9.98G [01:55<00:17, 55.5MB/s][A
Downloading (…)of-00002.safetensors:  90%|█████████ | 9.02G/9.98G [01:56<00:12, 79.7MB/s][A
Downloading (…)of-00002.safetensors:  90%|█████████ | 9.03G/9.98G [01:56<00:12, 78.3MB/s][A
Downloading (…)of-00002.safetensors:  91%|█████████ | 9.04G/9.98G [01:56<00:11, 80.2MB/s][A
Downloading (…)of-00002.safetensors:  91%|█████████ | 9.05G/9.98G [01:56<00:11, 79.2MB/s][A
Downloading (…)of-00002.safetensors:  91%|█████████ | 9.06G/9.98G [01:56<00:11, 78.8MB/s][A
Downloading (…)of-00002.safetensors:  91%|█████████ | 9.07G/9.98G [01:56<00:11, 77.6MB/s][A
Downloading (…)of-00002.safetensors:  91%|█████████ | 9.08G/9.98G [01:56<00:11, 79.3MB/s][A
Downloading (…)of-00002.safetensors:  91%|█████████ | 9.09G/9.98G [01:57<00:10, 81.1MB/s][A
Downloading (…)of-00002.safetensors:  91%|█████████ | 9.10G/9.98G [01:57<00:10, 81.7MB/s][A
Downloading (…)of-00002.safetensors:  91%|█████████▏| 9.11G/9.98G [01:57<00:10, 81.6MB/s][A
Downloading (…)of-00002.safetensors:  91%|█████████▏| 9.12G/9.98G [01:57<00:10, 81.2MB/s][A
Downloading (…)of-00002.safetensors:  92%|█████████▏| 9.13G/9.98G [01:57<00:10, 79.1MB/s][A
Downloading (…)of-00002.safetensors:  92%|█████████▏| 9.14G/9.98G [01:57<00:10, 78.6MB/s][A
Downloading (…)of-00002.safetensors:  92%|█████████▏| 9.15G/9.98G [01:57<00:10, 75.2MB/s][A
Downloading (…)of-00002.safetensors:  92%|█████████▏| 9.16G/9.98G [01:57<00:10, 74.8MB/s][A
Downloading (…)of-00002.safetensors:  92%|█████████▏| 9.18G/9.98G [01:58<00:10, 75.1MB/s][A
Downloading (…)of-00002.safetensors:  92%|█████████▏| 9.19G/9.98G [01:58<00:10, 78.3MB/s][A
Downloading (…)of-00002.safetensors:  92%|█████████▏| 9.20G/9.98G [01:58<00:10, 77.3MB/s][A
Downloading (…)of-00002.safetensors:  92%|█████████▏| 9.21G/9.98G [01:58<00:09, 78.0MB/s][A
Downloading (…)of-00002.safetensors:  92%|█████████▏| 9.22G/9.98G [01:58<00:09, 77.8MB/s][A
Downloading (…)of-00002.safetensors:  92%|█████████▏| 9.23G/9.98G [01:58<00:09, 75.8MB/s][A
Downloading (…)of-00002.safetensors:  93%|█████████▎| 9.24G/9.98G [01:58<00:09, 76.1MB/s][A
Downloading (…)of-00002.safetensors:  93%|█████████▎| 9.25G/9.98G [01:59<00:09, 75.4MB/s][A
Downloading (…)of-00002.safetensors:  93%|█████████▎| 9.26G/9.98G [01:59<00:09, 76.0MB/s][A
Downloading (…)of-00002.safetensors:  93%|█████████▎| 9.27G/9.98G [01:59<00:09, 75.6MB/s][A
Downloading (…)of-00002.safetensors:  93%|█████████▎| 9.28G/9.98G [01:59<00:09, 76.6MB/s][A
Downloading (…)of-00002.safetensors:  93%|█████████▎| 9.29G/9.98G [01:59<00:09, 74.4MB/s][A
Downloading (…)of-00002.safetensors:  93%|█████████▎| 9.30G/9.98G [01:59<00:09, 73.8MB/s][A
Downloading (…)of-00002.safetensors:  93%|█████████▎| 9.31G/9.98G [01:59<00:08, 75.8MB/s][A
Downloading (…)of-00002.safetensors:  93%|█████████▎| 9.32G/9.98G [02:00<00:08, 76.1MB/s][A
Downloading (…)of-00002.safetensors:  94%|█████████▎| 9.33G/9.98G [02:00<00:08, 77.2MB/s][A
Downloading (…)of-00002.safetensors:  94%|█████████▎| 9.34G/9.98G [02:00<00:08, 76.2MB/s][A
Downloading (…)of-00002.safetensors:  94%|█████████▍| 9.35G/9.98G [02:00<00:08, 77.7MB/s][A
Downloading (…)of-00002.safetensors:  94%|█████████▍| 9.36G/9.98G [02:00<00:07, 79.2MB/s][A
Downloading (…)of-00002.safetensors:  94%|█████████▍| 9.37G/9.98G [02:00<00:07, 76.3MB/s][A
Downloading (…)of-00002.safetensors:  94%|█████████▍| 9.38G/9.98G [02:00<00:07, 74.5MB/s][A
Downloading (…)of-00002.safetensors:  94%|█████████▍| 9.40G/9.98G [02:01<00:07, 76.2MB/s][A
Downloading (…)of-00002.safetensors:  94%|█████████▍| 9.41G/9.98G [02:01<00:07, 77.7MB/s][A
Downloading (…)of-00002.safetensors:  94%|█████████▍| 9.42G/9.98G [02:01<00:07, 77.8MB/s][A
Downloading (…)of-00002.safetensors:  94%|█████████▍| 9.43G/9.98G [02:01<00:06, 79.4MB/s][A
Downloading (…)of-00002.safetensors:  95%|█████████▍| 9.44G/9.98G [02:01<00:06, 79.6MB/s][A
Downloading (…)of-00002.safetensors:  95%|█████████▍| 9.45G/9.98G [02:01<00:06, 78.0MB/s][A
Downloading (…)of-00002.safetensors:  95%|█████████▍| 9.46G/9.98G [02:01<00:06, 77.6MB/s][A
Downloading (…)of-00002.safetensors:  95%|█████████▍| 9.47G/9.98G [02:01<00:06, 77.5MB/s][A
Downloading (…)of-00002.safetensors:  95%|█████████▌| 9.48G/9.98G [02:02<00:06, 78.2MB/s][A
Downloading (…)of-00002.safetensors:  95%|█████████▌| 9.49G/9.98G [02:02<00:06, 79.5MB/s][A
Downloading (…)of-00002.safetensors:  95%|█████████▌| 9.50G/9.98G [02:02<00:06, 78.6MB/s][A
Downloading (…)of-00002.safetensors:  95%|█████████▌| 9.51G/9.98G [02:02<00:05, 78.5MB/s][A
Downloading (…)of-00002.safetensors:  95%|█████████▌| 9.52G/9.98G [02:02<00:06, 73.9MB/s][A
Downloading (…)of-00002.safetensors:  96%|█████████▌| 9.53G/9.98G [02:02<00:05, 74.4MB/s][A
Downloading (…)of-00002.safetensors:  96%|█████████▌| 9.54G/9.98G [02:02<00:05, 76.6MB/s][A
Downloading (…)of-00002.safetensors:  96%|█████████▌| 9.55G/9.98G [02:03<00:05, 76.8MB/s][A
Downloading (…)of-00002.safetensors:  96%|█████████▌| 9.56G/9.98G [02:03<00:05, 75.4MB/s][A
Downloading (…)of-00002.safetensors:  96%|█████████▌| 9.57G/9.98G [02:03<00:05, 76.8MB/s][A
Downloading (…)of-00002.safetensors:  96%|█████████▌| 9.58G/9.98G [02:03<00:04, 79.4MB/s][A
Downloading (…)of-00002.safetensors:  96%|█████████▌| 9.59G/9.98G [02:03<00:04, 79.5MB/s][A
Downloading (…)of-00002.safetensors:  96%|█████████▋| 9.60G/9.98G [02:03<00:04, 80.6MB/s][A
Downloading (…)of-00002.safetensors:  96%|█████████▋| 9.62G/9.98G [02:03<00:04, 76.7MB/s][A
Downloading (…)of-00002.safetensors:  96%|█████████▋| 9.63G/9.98G [02:03<00:04, 77.6MB/s][A
Downloading (…)of-00002.safetensors:  97%|█████████▋| 9.64G/9.98G [02:04<00:04, 80.0MB/s][A
Downloading (…)of-00002.safetensors:  97%|█████████▋| 9.65G/9.98G [02:04<00:04, 81.3MB/s][A
Downloading (…)of-00002.safetensors:  97%|█████████▋| 9.66G/9.98G [02:04<00:04, 78.7MB/s][A
Downloading (…)of-00002.safetensors:  97%|█████████▋| 9.67G/9.98G [02:04<00:04, 76.1MB/s][A
Downloading (…)of-00002.safetensors:  97%|█████████▋| 9.68G/9.98G [02:04<00:03, 80.8MB/s][A
Downloading (…)of-00002.safetensors:  97%|█████████▋| 9.69G/9.98G [02:04<00:03, 82.2MB/s][A
Downloading (…)of-00002.safetensors:  97%|█████████▋| 9.70G/9.98G [02:04<00:03, 81.7MB/s][A
Downloading (…)of-00002.safetensors:  97%|█████████▋| 9.71G/9.98G [02:05<00:03, 79.3MB/s][A
Downloading (…)of-00002.safetensors:  97%|█████████▋| 9.72G/9.98G [02:05<00:03, 78.1MB/s][A
Downloading (…)of-00002.safetensors:  98%|█████████▊| 9.73G/9.98G [02:05<00:03, 80.2MB/s][A
Downloading (…)of-00002.safetensors:  98%|█████████▊| 9.74G/9.98G [02:05<00:02, 79.1MB/s][A
Downloading (…)of-00002.safetensors:  98%|█████████▊| 9.75G/9.98G [02:05<00:02, 78.6MB/s][A
Downloading (…)of-00002.safetensors:  98%|█████████▊| 9.76G/9.98G [02:05<00:02, 77.4MB/s][A
Downloading (…)of-00002.safetensors:  98%|█████████▊| 9.77G/9.98G [02:05<00:02, 77.1MB/s][A
Downloading (…)of-00002.safetensors:  98%|█████████▊| 9.78G/9.98G [02:06<00:02, 69.9MB/s][A
Downloading (…)of-00002.safetensors:  98%|█████████▊| 9.79G/9.98G [02:06<00:02, 72.2MB/s][A
Downloading (…)of-00002.safetensors:  98%|█████████▊| 9.80G/9.98G [02:06<00:02, 74.1MB/s][A
Downloading (…)of-00002.safetensors:  98%|█████████▊| 9.81G/9.98G [02:06<00:02, 76.2MB/s][A
Downloading (…)of-00002.safetensors:  98%|█████████▊| 9.83G/9.98G [02:06<00:02, 75.1MB/s][A
Downloading (…)of-00002.safetensors:  99%|█████████▊| 9.84G/9.98G [02:06<00:01, 77.4MB/s][A
Downloading (…)of-00002.safetensors:  99%|█████████▊| 9.85G/9.98G [02:06<00:01, 74.4MB/s][A
Downloading (…)of-00002.safetensors:  99%|█████████▉| 9.86G/9.98G [02:06<00:01, 74.8MB/s][A
Downloading (…)of-00002.safetensors:  99%|█████████▉| 9.87G/9.98G [02:07<00:01, 76.3MB/s][A
Downloading (…)of-00002.safetensors:  99%|█████████▉| 9.88G/9.98G [02:07<00:01, 77.9MB/s][A
Downloading (…)of-00002.safetensors:  99%|█████████▉| 9.89G/9.98G [02:07<00:01, 79.4MB/s][A
Downloading (…)of-00002.safetensors:  99%|█████████▉| 9.90G/9.98G [02:07<00:00, 79.0MB/s][A
Downloading (…)of-00002.safetensors:  99%|█████████▉| 9.91G/9.98G [02:07<00:00, 77.9MB/s][A
Downloading (…)of-00002.safetensors:  99%|█████████▉| 9.92G/9.98G [02:07<00:00, 71.7MB/s][A
Downloading (…)of-00002.safetensors: 100%|█████████▉| 9.93G/9.98G [02:07<00:00, 72.0MB/s][A
Downloading (…)of-00002.safetensors: 100%|█████████▉| 9.94G/9.98G [02:08<00:00, 74.9MB/s][A
Downloading (…)of-00002.safetensors: 100%|█████████▉| 9.95G/9.98G [02:08<00:00, 76.3MB/s][A
Downloading (…)of-00002.safetensors: 100%|█████████▉| 9.96G/9.98G [02:08<00:00, 78.4MB/s][A
Downloading (…)of-00002.safetensors: 100%|█████████▉| 9.97G/9.98G [02:08<00:00, 80.0MB/s][ADownloading (…)of-00002.safetensors: 100%|██████████| 9.98G/9.98G [02:08<00:00, 77.6MB/s]
Downloading shards:  50%|█████     | 1/2 [02:08<02:08, 128.66s/it]
Downloading (…)of-00002.safetensors:   0%|          | 0.00/3.50G [00:00<?, ?B/s][A
Downloading (…)of-00002.safetensors:   0%|          | 10.5M/3.50G [00:00<00:46, 75.7MB/s][A
Downloading (…)of-00002.safetensors:   1%|          | 21.0M/3.50G [00:00<00:42, 81.7MB/s][A
Downloading (…)of-00002.safetensors:   1%|          | 31.5M/3.50G [00:00<00:43, 79.8MB/s][A
Downloading (…)of-00002.safetensors:   1%|          | 41.9M/3.50G [00:00<00:43, 79.3MB/s][A
Downloading (…)of-00002.safetensors:   1%|▏         | 52.4M/3.50G [00:00<00:43, 79.3MB/s][A
Downloading (…)of-00002.safetensors:   2%|▏         | 62.9M/3.50G [00:00<00:42, 81.2MB/s][A
Downloading (…)of-00002.safetensors:   2%|▏         | 73.4M/3.50G [00:00<00:42, 80.6MB/s][A
Downloading (…)of-00002.safetensors:   2%|▏         | 83.9M/3.50G [00:01<00:41, 81.5MB/s][A
Downloading (…)of-00002.safetensors:   3%|▎         | 94.4M/3.50G [00:01<00:42, 81.1MB/s][A
Downloading (…)of-00002.safetensors:   3%|▎         | 105M/3.50G [00:01<00:41, 82.4MB/s] [A
Downloading (…)of-00002.safetensors:   3%|▎         | 115M/3.50G [00:01<00:40, 83.9MB/s][A
Downloading (…)of-00002.safetensors:   4%|▎         | 126M/3.50G [00:01<00:55, 60.7MB/s][A
Downloading (…)of-00002.safetensors:   4%|▍         | 147M/3.50G [00:01<00:38, 87.7MB/s][A
Downloading (…)of-00002.safetensors:   4%|▍         | 157M/3.50G [00:01<00:38, 86.0MB/s][A
Downloading (…)of-00002.safetensors:   5%|▍         | 168M/3.50G [00:02<00:39, 84.7MB/s][A
Downloading (…)of-00002.safetensors:   5%|▌         | 178M/3.50G [00:02<00:39, 85.2MB/s][A
Downloading (…)of-00002.safetensors:   5%|▌         | 189M/3.50G [00:02<00:38, 85.3MB/s][A
Downloading (…)of-00002.safetensors:   6%|▌         | 199M/3.50G [00:02<00:38, 85.5MB/s][A
Downloading (…)of-00002.safetensors:   6%|▌         | 210M/3.50G [00:02<00:39, 83.6MB/s][A
Downloading (…)of-00002.safetensors:   6%|▋         | 220M/3.50G [00:02<00:42, 77.3MB/s][A
Downloading (…)of-00002.safetensors:   7%|▋         | 231M/3.50G [00:02<00:43, 75.6MB/s][A
Downloading (…)of-00002.safetensors:   7%|▋         | 241M/3.50G [00:03<00:42, 77.4MB/s][A
Downloading (…)of-00002.safetensors:   7%|▋         | 252M/3.50G [00:03<00:42, 77.0MB/s][A
Downloading (…)of-00002.safetensors:   7%|▋         | 262M/3.50G [00:03<00:40, 79.0MB/s][A
Downloading (…)of-00002.safetensors:   8%|▊         | 273M/3.50G [00:03<00:40, 79.0MB/s][A
Downloading (…)of-00002.safetensors:   8%|▊         | 283M/3.50G [00:03<00:39, 80.5MB/s][A
Downloading (…)of-00002.safetensors:   8%|▊         | 294M/3.50G [00:03<00:39, 81.0MB/s][A
Downloading (…)of-00002.safetensors:   9%|▊         | 304M/3.50G [00:03<00:38, 83.0MB/s][A
Downloading (…)of-00002.safetensors:   9%|▉         | 315M/3.50G [00:03<00:38, 82.3MB/s][A
Downloading (…)of-00002.safetensors:   9%|▉         | 325M/3.50G [00:04<00:39, 79.5MB/s][A
Downloading (…)of-00002.safetensors:  10%|▉         | 336M/3.50G [00:04<00:38, 81.3MB/s][A
Downloading (…)of-00002.safetensors:  10%|▉         | 346M/3.50G [00:04<00:39, 80.6MB/s][A
Downloading (…)of-00002.safetensors:  10%|█         | 357M/3.50G [00:04<00:38, 81.0MB/s][A
Downloading (…)of-00002.safetensors:  10%|█         | 367M/3.50G [00:04<00:37, 82.5MB/s][A
Downloading (…)of-00002.safetensors:  11%|█         | 377M/3.50G [00:04<00:37, 83.3MB/s][A
Downloading (…)of-00002.safetensors:  11%|█         | 388M/3.50G [00:04<00:36, 84.3MB/s][A
Downloading (…)of-00002.safetensors:  11%|█▏        | 398M/3.50G [00:04<00:36, 85.4MB/s][A
Downloading (…)of-00002.safetensors:  12%|█▏        | 409M/3.50G [00:05<00:36, 84.9MB/s][A
Downloading (…)of-00002.safetensors:  12%|█▏        | 419M/3.50G [00:05<00:37, 82.0MB/s][A
Downloading (…)of-00002.safetensors:  12%|█▏        | 430M/3.50G [00:05<00:37, 82.5MB/s][A
Downloading (…)of-00002.safetensors:  13%|█▎        | 440M/3.50G [00:05<00:37, 82.6MB/s][A
Downloading (…)of-00002.safetensors:  13%|█▎        | 451M/3.50G [00:05<00:36, 83.8MB/s][A
Downloading (…)of-00002.safetensors:  13%|█▎        | 461M/3.50G [00:05<00:36, 83.9MB/s][A
Downloading (…)of-00002.safetensors:  13%|█▎        | 472M/3.50G [00:05<00:36, 83.8MB/s][A
Downloading (…)of-00002.safetensors:  14%|█▍        | 482M/3.50G [00:05<00:35, 83.9MB/s][A
Downloading (…)of-00002.safetensors:  14%|█▍        | 493M/3.50G [00:06<00:36, 81.6MB/s][A
Downloading (…)of-00002.safetensors:  14%|█▍        | 503M/3.50G [00:06<00:41, 71.7MB/s][A
Downloading (…)of-00002.safetensors:  15%|█▍        | 514M/3.50G [00:06<00:42, 70.6MB/s][A
Downloading (…)of-00002.safetensors:  15%|█▍        | 524M/3.50G [00:06<00:41, 72.5MB/s][A
Downloading (…)of-00002.safetensors:  15%|█▌        | 535M/3.50G [00:06<00:39, 74.8MB/s][A
Downloading (…)of-00002.safetensors:  16%|█▌        | 545M/3.50G [00:06<00:39, 75.4MB/s][A
Downloading (…)of-00002.safetensors:  16%|█▌        | 556M/3.50G [00:06<00:38, 76.2MB/s][A
Downloading (…)of-00002.safetensors:  16%|█▌        | 566M/3.50G [00:07<00:38, 76.3MB/s][A
Downloading (…)of-00002.safetensors:  16%|█▋        | 577M/3.50G [00:07<00:37, 77.3MB/s][A
Downloading (…)of-00002.safetensors:  17%|█▋        | 587M/3.50G [00:07<00:36, 80.0MB/s][A
Downloading (…)of-00002.safetensors:  17%|█▋        | 598M/3.50G [00:07<00:34, 83.0MB/s][A
Downloading (…)of-00002.safetensors:  17%|█▋        | 608M/3.50G [00:07<00:35, 80.9MB/s][A
Downloading (…)of-00002.safetensors:  18%|█▊        | 619M/3.50G [00:07<00:34, 82.7MB/s][A
Downloading (…)of-00002.safetensors:  18%|█▊        | 629M/3.50G [00:07<00:34, 83.0MB/s][A
Downloading (…)of-00002.safetensors:  18%|█▊        | 640M/3.50G [00:07<00:33, 84.6MB/s][A
Downloading (…)of-00002.safetensors:  19%|█▊        | 650M/3.50G [00:08<00:34, 81.7MB/s][A
Downloading (…)of-00002.safetensors:  19%|█▉        | 661M/3.50G [00:08<00:35, 80.7MB/s][A
Downloading (…)of-00002.safetensors:  19%|█▉        | 671M/3.50G [00:08<00:34, 82.2MB/s][A
Downloading (…)of-00002.safetensors:  19%|█▉        | 682M/3.50G [00:08<00:34, 81.9MB/s][A
Downloading (…)of-00002.safetensors:  20%|█▉        | 692M/3.50G [00:08<00:34, 81.9MB/s][A
Downloading (…)of-00002.safetensors:  20%|██        | 703M/3.50G [00:08<00:35, 79.2MB/s][A
Downloading (…)of-00002.safetensors:  20%|██        | 713M/3.50G [00:08<00:34, 80.9MB/s][A
Downloading (…)of-00002.safetensors:  21%|██        | 724M/3.50G [00:08<00:34, 80.1MB/s][A
Downloading (…)of-00002.safetensors:  21%|██        | 734M/3.50G [00:09<00:34, 81.1MB/s][A
Downloading (…)of-00002.safetensors:  21%|██▏       | 744M/3.50G [00:09<00:33, 82.4MB/s][A
Downloading (…)of-00002.safetensors:  22%|██▏       | 755M/3.50G [00:09<00:32, 84.6MB/s][A
Downloading (…)of-00002.safetensors:  22%|██▏       | 765M/3.50G [00:09<00:33, 82.6MB/s][A
Downloading (…)of-00002.safetensors:  22%|██▏       | 776M/3.50G [00:09<00:32, 84.3MB/s][A
Downloading (…)of-00002.safetensors:  22%|██▏       | 786M/3.50G [00:09<00:31, 85.8MB/s][A
Downloading (…)of-00002.safetensors:  23%|██▎       | 797M/3.50G [00:09<00:33, 80.0MB/s][A
Downloading (…)of-00002.safetensors:  23%|██▎       | 807M/3.50G [00:10<00:33, 80.9MB/s][A
Downloading (…)of-00002.safetensors:  23%|██▎       | 818M/3.50G [00:10<00:32, 81.8MB/s][A
Downloading (…)of-00002.safetensors:  24%|██▎       | 828M/3.50G [00:10<00:32, 83.1MB/s][A
Downloading (…)of-00002.safetensors:  24%|██▍       | 839M/3.50G [00:10<00:31, 83.9MB/s][A
Downloading (…)of-00002.safetensors:  24%|██▍       | 849M/3.50G [00:10<00:33, 78.4MB/s][A
Downloading (…)of-00002.safetensors:  25%|██▍       | 860M/3.50G [00:10<00:32, 80.8MB/s][A
Downloading (…)of-00002.safetensors:  25%|██▍       | 870M/3.50G [00:10<00:32, 80.9MB/s][A
Downloading (…)of-00002.safetensors:  25%|██▌       | 881M/3.50G [00:10<00:32, 81.0MB/s][A
Downloading (…)of-00002.safetensors:  25%|██▌       | 891M/3.50G [00:11<00:37, 69.3MB/s][A
Downloading (…)of-00002.safetensors:  26%|██▌       | 902M/3.50G [00:11<00:36, 71.8MB/s][A
Downloading (…)of-00002.safetensors:  26%|██▌       | 912M/3.50G [00:11<00:35, 73.6MB/s][A
Downloading (…)of-00002.safetensors:  26%|██▋       | 923M/3.50G [00:11<00:34, 75.5MB/s][A
Downloading (…)of-00002.safetensors:  27%|██▋       | 933M/3.50G [00:11<00:33, 76.1MB/s][A
Downloading (…)of-00002.safetensors:  27%|██▋       | 944M/3.50G [00:11<00:32, 78.5MB/s][A
Downloading (…)of-00002.safetensors:  27%|██▋       | 954M/3.50G [00:11<00:32, 78.6MB/s][A
Downloading (…)of-00002.safetensors:  28%|██▊       | 965M/3.50G [00:12<00:32, 78.7MB/s][A
Downloading (…)of-00002.safetensors:  28%|██▊       | 975M/3.50G [00:12<00:32, 78.6MB/s][A
Downloading (…)of-00002.safetensors:  28%|██▊       | 986M/3.50G [00:12<00:33, 75.8MB/s][A
Downloading (…)of-00002.safetensors:  28%|██▊       | 996M/3.50G [00:12<00:32, 76.2MB/s][A
Downloading (…)of-00002.safetensors:  29%|██▉       | 1.01G/3.50G [00:12<00:32, 76.9MB/s][A
Downloading (…)of-00002.safetensors:  29%|██▉       | 1.02G/3.50G [00:12<00:32, 77.2MB/s][A
Downloading (…)of-00002.safetensors:  29%|██▉       | 1.03G/3.50G [00:12<00:31, 77.6MB/s][A
Downloading (…)of-00002.safetensors:  30%|██▉       | 1.04G/3.50G [00:12<00:31, 78.1MB/s][A
Downloading (…)of-00002.safetensors:  30%|██▉       | 1.05G/3.50G [00:13<00:30, 79.2MB/s][A
Downloading (…)of-00002.safetensors:  30%|███       | 1.06G/3.50G [00:13<00:32, 75.5MB/s][A
Downloading (…)of-00002.safetensors:  31%|███       | 1.07G/3.50G [00:13<00:32, 75.1MB/s][A
Downloading (…)of-00002.safetensors:  31%|███       | 1.08G/3.50G [00:13<00:31, 77.9MB/s][A
Downloading (…)of-00002.safetensors:  31%|███       | 1.09G/3.50G [00:13<00:30, 78.0MB/s][A
Downloading (…)of-00002.safetensors:  31%|███▏      | 1.10G/3.50G [00:13<00:30, 78.7MB/s][A
Downloading (…)of-00002.safetensors:  32%|███▏      | 1.11G/3.50G [00:13<00:30, 79.3MB/s][A
Downloading (…)of-00002.safetensors:  32%|███▏      | 1.12G/3.50G [00:14<00:29, 81.5MB/s][A
Downloading (…)of-00002.safetensors:  32%|███▏      | 1.13G/3.50G [00:14<00:29, 81.5MB/s][A
Downloading (…)of-00002.safetensors:  33%|███▎      | 1.14G/3.50G [00:14<00:29, 78.8MB/s][A
Downloading (…)of-00002.safetensors:  33%|███▎      | 1.15G/3.50G [00:14<00:30, 76.8MB/s][A
Downloading (…)of-00002.safetensors:  33%|███▎      | 1.16G/3.50G [00:14<00:31, 75.3MB/s][A
Downloading (…)of-00002.safetensors:  34%|███▎      | 1.17G/3.50G [00:14<00:29, 77.8MB/s][A
Downloading (…)of-00002.safetensors:  34%|███▍      | 1.18G/3.50G [00:14<00:30, 77.0MB/s][A
Downloading (…)of-00002.safetensors:  34%|███▍      | 1.20G/3.50G [00:14<00:29, 78.2MB/s][A
Downloading (…)of-00002.safetensors:  34%|███▍      | 1.21G/3.50G [00:15<00:28, 80.1MB/s][A
Downloading (…)of-00002.safetensors:  35%|███▍      | 1.22G/3.50G [00:15<00:29, 76.4MB/s][A
Downloading (…)of-00002.safetensors:  35%|███▌      | 1.23G/3.50G [00:15<00:28, 78.7MB/s][A
Downloading (…)of-00002.safetensors:  35%|███▌      | 1.24G/3.50G [00:15<00:28, 80.6MB/s][A
Downloading (…)of-00002.safetensors:  36%|███▌      | 1.25G/3.50G [00:15<00:27, 80.9MB/s][A
Downloading (…)of-00002.safetensors:  36%|███▌      | 1.26G/3.50G [00:15<00:28, 79.8MB/s][A
Downloading (…)of-00002.safetensors:  36%|███▌      | 1.27G/3.50G [00:15<00:27, 80.3MB/s][A
Downloading (…)of-00002.safetensors:  37%|███▋      | 1.28G/3.50G [00:16<00:27, 81.5MB/s][A
Downloading (…)of-00002.safetensors:  37%|███▋      | 1.29G/3.50G [00:16<00:26, 82.9MB/s][A
Downloading (…)of-00002.safetensors:  37%|███▋      | 1.30G/3.50G [00:16<00:29, 75.8MB/s][A
Downloading (…)of-00002.safetensors:  37%|███▋      | 1.31G/3.50G [00:16<00:28, 78.1MB/s][A
Downloading (…)of-00002.safetensors:  38%|███▊      | 1.32G/3.50G [00:16<00:28, 77.3MB/s][A
Downloading (…)of-00002.safetensors:  38%|███▊      | 1.33G/3.50G [00:16<00:27, 78.7MB/s][A
Downloading (…)of-00002.safetensors:  38%|███▊      | 1.34G/3.50G [00:16<00:26, 80.1MB/s][A
Downloading (…)of-00002.safetensors:  39%|███▊      | 1.35G/3.50G [00:16<00:27, 79.1MB/s][A
Downloading (…)of-00002.safetensors:  39%|███▉      | 1.36G/3.50G [00:17<00:27, 78.7MB/s][A
Downloading (…)of-00002.safetensors:  39%|███▉      | 1.37G/3.50G [00:17<00:26, 80.2MB/s][A
Downloading (…)of-00002.safetensors:  40%|███▉      | 1.38G/3.50G [00:17<00:25, 81.6MB/s][A
Downloading (…)of-00002.safetensors:  40%|███▉      | 1.39G/3.50G [00:17<00:25, 81.4MB/s][A
Downloading (…)of-00002.safetensors:  40%|████      | 1.41G/3.50G [00:17<00:25, 81.6MB/s][A
Downloading (…)of-00002.safetensors:  40%|████      | 1.42G/3.50G [00:17<00:25, 81.3MB/s][A
Downloading (…)of-00002.safetensors:  41%|████      | 1.43G/3.50G [00:17<00:25, 80.2MB/s][A
Downloading (…)of-00002.safetensors:  41%|████      | 1.44G/3.50G [00:18<00:26, 78.7MB/s][A
Downloading (…)of-00002.safetensors:  41%|████▏     | 1.45G/3.50G [00:18<00:26, 78.1MB/s][A
Downloading (…)of-00002.safetensors:  42%|████▏     | 1.46G/3.50G [00:18<00:26, 78.2MB/s][A
Downloading (…)of-00002.safetensors:  42%|████▏     | 1.47G/3.50G [00:18<00:25, 78.8MB/s][A
Downloading (…)of-00002.safetensors:  42%|████▏     | 1.48G/3.50G [00:18<00:33, 60.3MB/s][A
Downloading (…)of-00002.safetensors:  43%|████▎     | 1.50G/3.50G [00:18<00:24, 82.8MB/s][A
Downloading (…)of-00002.safetensors:  43%|████▎     | 1.51G/3.50G [00:18<00:24, 82.6MB/s][A
Downloading (…)of-00002.safetensors:  43%|████▎     | 1.52G/3.50G [00:19<00:24, 81.7MB/s][A
Downloading (…)of-00002.safetensors:  44%|████▎     | 1.53G/3.50G [00:19<00:24, 81.2MB/s][A
Downloading (…)of-00002.safetensors:  44%|████▍     | 1.54G/3.50G [00:19<00:24, 79.2MB/s][A
Downloading (…)of-00002.safetensors:  44%|████▍     | 1.55G/3.50G [00:19<00:24, 80.4MB/s][A
Downloading (…)of-00002.safetensors:  45%|████▍     | 1.56G/3.50G [00:19<00:23, 82.8MB/s][A
Downloading (…)of-00002.safetensors:  45%|████▍     | 1.57G/3.50G [00:19<00:23, 83.0MB/s][A
Downloading (…)of-00002.safetensors:  45%|████▌     | 1.58G/3.50G [00:19<00:23, 80.8MB/s][A
Downloading (…)of-00002.safetensors:  46%|████▌     | 1.59G/3.50G [00:20<00:23, 80.6MB/s][A
Downloading (…)of-00002.safetensors:  46%|████▌     | 1.60G/3.50G [00:20<00:24, 78.8MB/s][A
Downloading (…)of-00002.safetensors:  46%|████▌     | 1.61G/3.50G [00:20<00:23, 80.6MB/s][A
Downloading (…)of-00002.safetensors:  46%|████▋     | 1.63G/3.50G [00:20<00:24, 77.4MB/s][A
Downloading (…)of-00002.safetensors:  47%|████▋     | 1.64G/3.50G [00:20<00:25, 73.0MB/s][A
Downloading (…)of-00002.safetensors:  47%|████▋     | 1.65G/3.50G [00:20<00:24, 74.9MB/s][A
Downloading (…)of-00002.safetensors:  47%|████▋     | 1.66G/3.50G [00:20<00:24, 76.5MB/s][A
Downloading (…)of-00002.safetensors:  48%|████▊     | 1.67G/3.50G [00:20<00:23, 79.4MB/s][A
Downloading (…)of-00002.safetensors:  48%|████▊     | 1.68G/3.50G [00:21<00:22, 80.8MB/s][A
Downloading (…)of-00002.safetensors:  48%|████▊     | 1.69G/3.50G [00:21<00:22, 80.7MB/s][A
Downloading (…)of-00002.safetensors:  49%|████▊     | 1.70G/3.50G [00:21<00:22, 81.3MB/s][A
Downloading (…)of-00002.safetensors:  49%|████▉     | 1.71G/3.50G [00:21<00:22, 80.7MB/s][A
Downloading (…)of-00002.safetensors:  49%|████▉     | 1.72G/3.50G [00:21<00:23, 76.9MB/s][A
Downloading (…)of-00002.safetensors:  49%|████▉     | 1.73G/3.50G [00:21<00:22, 77.1MB/s][A
Downloading (…)of-00002.safetensors:  50%|████▉     | 1.74G/3.50G [00:21<00:22, 77.8MB/s][A
Downloading (…)of-00002.safetensors:  50%|█████     | 1.75G/3.50G [00:22<00:21, 80.0MB/s][A
Downloading (…)of-00002.safetensors:  50%|█████     | 1.76G/3.50G [00:22<00:21, 81.3MB/s][A
Downloading (…)of-00002.safetensors:  51%|█████     | 1.77G/3.50G [00:22<00:20, 84.4MB/s][A
Downloading (…)of-00002.safetensors:  51%|█████     | 1.78G/3.50G [00:22<00:20, 83.7MB/s][A
Downloading (…)of-00002.safetensors:  51%|█████     | 1.79G/3.50G [00:22<00:20, 81.7MB/s][A
Downloading (…)of-00002.safetensors:  52%|█████▏    | 1.80G/3.50G [00:22<00:20, 81.8MB/s][A
Downloading (…)of-00002.safetensors:  52%|█████▏    | 1.81G/3.50G [00:22<00:20, 80.8MB/s][A
Downloading (…)of-00002.safetensors:  52%|█████▏    | 1.82G/3.50G [00:22<00:20, 80.4MB/s][A
Downloading (…)of-00002.safetensors:  52%|█████▏    | 1.84G/3.50G [00:23<00:20, 80.8MB/s][A
Downloading (…)of-00002.safetensors:  53%|█████▎    | 1.85G/3.50G [00:23<00:20, 82.0MB/s][A
Downloading (…)of-00002.safetensors:  53%|█████▎    | 1.86G/3.50G [00:23<00:19, 84.7MB/s][A
Downloading (…)of-00002.safetensors:  53%|█████▎    | 1.87G/3.50G [00:23<00:19, 83.0MB/s][A
Downloading (…)of-00002.safetensors:  54%|█████▎    | 1.88G/3.50G [00:23<00:19, 83.4MB/s][A
Downloading (…)of-00002.safetensors:  54%|█████▍    | 1.89G/3.50G [00:23<00:19, 81.9MB/s][A
Downloading (…)of-00002.safetensors:  54%|█████▍    | 1.90G/3.50G [00:23<00:19, 82.9MB/s][A
Downloading (…)of-00002.safetensors:  55%|█████▍    | 1.91G/3.50G [00:23<00:19, 83.1MB/s][A
Downloading (…)of-00002.safetensors:  55%|█████▍    | 1.92G/3.50G [00:24<00:19, 80.6MB/s][A
Downloading (…)of-00002.safetensors:  55%|█████▌    | 1.93G/3.50G [00:24<00:19, 80.1MB/s][A
Downloading (…)of-00002.safetensors:  55%|█████▌    | 1.94G/3.50G [00:24<00:19, 78.7MB/s][A
Downloading (…)of-00002.safetensors:  56%|█████▌    | 1.95G/3.50G [00:24<00:19, 79.7MB/s][A
Downloading (…)of-00002.safetensors:  56%|█████▌    | 1.96G/3.50G [00:24<00:19, 80.9MB/s][A
Downloading (…)of-00002.safetensors:  56%|█████▋    | 1.97G/3.50G [00:24<00:18, 81.4MB/s][A
Downloading (…)of-00002.safetensors:  57%|█████▋    | 1.98G/3.50G [00:24<00:18, 81.1MB/s][A
Downloading (…)of-00002.safetensors:  57%|█████▋    | 1.99G/3.50G [00:24<00:18, 81.1MB/s][A
Downloading (…)of-00002.safetensors:  57%|█████▋    | 2.00G/3.50G [00:25<00:18, 80.2MB/s][A
Downloading (…)of-00002.safetensors:  58%|█████▊    | 2.01G/3.50G [00:25<00:18, 79.0MB/s][A
Downloading (…)of-00002.safetensors:  58%|█████▊    | 2.02G/3.50G [00:25<00:18, 80.5MB/s][A
Downloading (…)of-00002.safetensors:  58%|█████▊    | 2.03G/3.50G [00:25<00:18, 81.3MB/s][A
Downloading (…)of-00002.safetensors:  58%|█████▊    | 2.04G/3.50G [00:25<00:17, 84.0MB/s][A
Downloading (…)of-00002.safetensors:  59%|█████▊    | 2.06G/3.50G [00:25<00:17, 84.7MB/s][A
Downloading (…)of-00002.safetensors:  59%|█████▉    | 2.07G/3.50G [00:25<00:17, 81.8MB/s][A
Downloading (…)of-00002.safetensors:  59%|█████▉    | 2.08G/3.50G [00:25<00:17, 81.9MB/s][A
Downloading (…)of-00002.safetensors:  60%|█████▉    | 2.09G/3.50G [00:26<00:17, 82.9MB/s][A
Downloading (…)of-00002.safetensors:  60%|█████▉    | 2.10G/3.50G [00:26<00:17, 81.9MB/s][A
Downloading (…)of-00002.safetensors:  60%|██████    | 2.11G/3.50G [00:26<00:16, 82.8MB/s][A
Downloading (…)of-00002.safetensors:  61%|██████    | 2.12G/3.50G [00:26<00:17, 77.7MB/s][A
Downloading (…)of-00002.safetensors:  61%|██████    | 2.13G/3.50G [00:26<00:17, 79.5MB/s][A
Downloading (…)of-00002.safetensors:  61%|██████    | 2.14G/3.50G [00:26<00:16, 80.3MB/s][A
Downloading (…)of-00002.safetensors:  61%|██████▏   | 2.15G/3.50G [00:26<00:16, 81.4MB/s][A
Downloading (…)of-00002.safetensors:  62%|██████▏   | 2.16G/3.50G [00:27<00:16, 82.2MB/s][A
Downloading (…)of-00002.safetensors:  62%|██████▏   | 2.17G/3.50G [00:27<00:15, 83.7MB/s][A
Downloading (…)of-00002.safetensors:  62%|██████▏   | 2.18G/3.50G [00:27<00:15, 83.1MB/s][A
Downloading (…)of-00002.safetensors:  63%|██████▎   | 2.19G/3.50G [00:27<00:15, 85.4MB/s][A
Downloading (…)of-00002.safetensors:  63%|██████▎   | 2.20G/3.50G [00:27<00:15, 85.7MB/s][A
Downloading (…)of-00002.safetensors:  63%|██████▎   | 2.21G/3.50G [00:27<00:15, 83.7MB/s][A
Downloading (…)of-00002.safetensors:  64%|██████▎   | 2.22G/3.50G [00:27<00:15, 81.7MB/s][A
Downloading (…)of-00002.safetensors:  64%|██████▍   | 2.23G/3.50G [00:27<00:15, 82.9MB/s][A
Downloading (…)of-00002.safetensors:  64%|██████▍   | 2.24G/3.50G [00:28<00:15, 82.0MB/s][A
Downloading (…)of-00002.safetensors:  64%|██████▍   | 2.25G/3.50G [00:28<00:15, 81.6MB/s][A
Downloading (…)of-00002.safetensors:  65%|██████▍   | 2.26G/3.50G [00:28<00:15, 79.3MB/s][A
Downloading (…)of-00002.safetensors:  65%|██████▌   | 2.28G/3.50G [00:28<00:15, 79.7MB/s][A
Downloading (…)of-00002.safetensors:  65%|██████▌   | 2.29G/3.50G [00:28<00:15, 80.0MB/s][A
Downloading (…)of-00002.safetensors:  66%|██████▌   | 2.30G/3.50G [00:28<00:15, 80.1MB/s][A
Downloading (…)of-00002.safetensors:  66%|██████▌   | 2.31G/3.50G [00:28<00:15, 77.9MB/s][A
Downloading (…)of-00002.safetensors:  66%|██████▌   | 2.32G/3.50G [00:28<00:14, 80.8MB/s][A
Downloading (…)of-00002.safetensors:  67%|██████▋   | 2.33G/3.50G [00:29<00:14, 82.6MB/s][A
Downloading (…)of-00002.safetensors:  67%|██████▋   | 2.34G/3.50G [00:29<00:13, 85.0MB/s][A
Downloading (…)of-00002.safetensors:  67%|██████▋   | 2.35G/3.50G [00:29<00:13, 83.3MB/s][A
Downloading (…)of-00002.safetensors:  67%|██████▋   | 2.36G/3.50G [00:29<00:13, 83.3MB/s][A
Downloading (…)of-00002.safetensors:  68%|██████▊   | 2.37G/3.50G [00:29<00:13, 82.3MB/s][A
Downloading (…)of-00002.safetensors:  68%|██████▊   | 2.38G/3.50G [00:29<00:13, 83.7MB/s][A
Downloading (…)of-00002.safetensors:  68%|██████▊   | 2.39G/3.50G [00:29<00:13, 84.2MB/s][A
Downloading (…)of-00002.safetensors:  69%|██████▊   | 2.40G/3.50G [00:29<00:13, 84.5MB/s][A
Downloading (…)of-00002.safetensors:  69%|██████▉   | 2.41G/3.50G [00:30<00:13, 82.3MB/s][A
Downloading (…)of-00002.safetensors:  69%|██████▉   | 2.42G/3.50G [00:30<00:13, 81.5MB/s][A
Downloading (…)of-00002.safetensors:  69%|██████▉   | 2.43G/3.50G [00:30<00:13, 79.8MB/s][A
Downloading (…)of-00002.safetensors:  70%|██████▉   | 2.44G/3.50G [00:30<00:13, 81.1MB/s][A
Downloading (…)of-00002.safetensors:  70%|███████   | 2.45G/3.50G [00:30<00:12, 81.2MB/s][A
Downloading (…)of-00002.safetensors:  70%|███████   | 2.46G/3.50G [00:30<00:13, 74.8MB/s][A
Downloading (…)of-00002.safetensors:  71%|███████   | 2.47G/3.50G [00:30<00:13, 75.6MB/s][A
Downloading (…)of-00002.safetensors:  71%|███████   | 2.49G/3.50G [00:31<00:12, 78.4MB/s][A
Downloading (…)of-00002.safetensors:  71%|███████▏  | 2.50G/3.50G [00:31<00:12, 80.7MB/s][A
Downloading (…)of-00002.safetensors:  72%|███████▏  | 2.51G/3.50G [00:31<00:12, 79.2MB/s][A
Downloading (…)of-00002.safetensors:  72%|███████▏  | 2.52G/3.50G [00:31<00:12, 81.2MB/s][A
Downloading (…)of-00002.safetensors:  72%|███████▏  | 2.53G/3.50G [00:31<00:11, 82.1MB/s][A
Downloading (…)of-00002.safetensors:  72%|███████▏  | 2.54G/3.50G [00:31<00:11, 82.5MB/s][A
Downloading (…)of-00002.safetensors:  73%|███████▎  | 2.55G/3.50G [00:31<00:11, 82.1MB/s][A
Downloading (…)of-00002.safetensors:  73%|███████▎  | 2.56G/3.50G [00:31<00:11, 80.9MB/s][A
Downloading (…)of-00002.safetensors:  73%|███████▎  | 2.57G/3.50G [00:32<00:11, 81.1MB/s][A
Downloading (…)of-00002.safetensors:  74%|███████▎  | 2.58G/3.50G [00:32<00:11, 82.7MB/s][A
Downloading (…)of-00002.safetensors:  74%|███████▍  | 2.59G/3.50G [00:32<00:10, 84.1MB/s][A
Downloading (…)of-00002.safetensors:  74%|███████▍  | 2.60G/3.50G [00:32<00:11, 81.3MB/s][A
Downloading (…)of-00002.safetensors:  75%|███████▍  | 2.61G/3.50G [00:32<00:10, 81.7MB/s][A
Downloading (…)of-00002.safetensors:  75%|███████▍  | 2.62G/3.50G [00:32<00:10, 82.9MB/s][A
Downloading (…)of-00002.safetensors:  75%|███████▌  | 2.63G/3.50G [00:32<00:10, 81.8MB/s][A
Downloading (…)of-00002.safetensors:  75%|███████▌  | 2.64G/3.50G [00:32<00:10, 80.3MB/s][A
Downloading (…)of-00002.safetensors:  76%|███████▌  | 2.65G/3.50G [00:33<00:10, 81.6MB/s][A
Downloading (…)of-00002.safetensors:  76%|███████▌  | 2.66G/3.50G [00:33<00:09, 84.0MB/s][A
Downloading (…)of-00002.safetensors:  76%|███████▋  | 2.67G/3.50G [00:33<00:09, 82.8MB/s][A
Downloading (…)of-00002.safetensors:  77%|███████▋  | 2.68G/3.50G [00:33<00:09, 83.4MB/s][A
Downloading (…)of-00002.safetensors:  77%|███████▋  | 2.69G/3.50G [00:33<00:09, 82.3MB/s][A
Downloading (…)of-00002.safetensors:  77%|███████▋  | 2.71G/3.50G [00:33<00:09, 82.4MB/s][A
Downloading (…)of-00002.safetensors:  78%|███████▊  | 2.72G/3.50G [00:33<00:09, 83.0MB/s][A
Downloading (…)of-00002.safetensors:  78%|███████▊  | 2.73G/3.50G [00:33<00:09, 83.3MB/s][A
Downloading (…)of-00002.safetensors:  78%|███████▊  | 2.74G/3.50G [00:34<00:09, 81.7MB/s][A
Downloading (…)of-00002.safetensors:  78%|███████▊  | 2.75G/3.50G [00:34<00:09, 83.4MB/s][A
Downloading (…)of-00002.safetensors:  79%|███████▉  | 2.76G/3.50G [00:34<00:09, 80.0MB/s][A
Downloading (…)of-00002.safetensors:  79%|███████▉  | 2.77G/3.50G [00:34<00:08, 82.0MB/s][A
Downloading (…)of-00002.safetensors:  79%|███████▉  | 2.78G/3.50G [00:34<00:08, 83.2MB/s][A
Downloading (…)of-00002.safetensors:  80%|███████▉  | 2.79G/3.50G [00:34<00:08, 85.4MB/s][A
Downloading (…)of-00002.safetensors:  80%|███████▉  | 2.80G/3.50G [00:34<00:08, 83.1MB/s][A
Downloading (…)of-00002.safetensors:  80%|████████  | 2.81G/3.50G [00:34<00:08, 79.8MB/s][A
Downloading (…)of-00002.safetensors:  81%|████████  | 2.82G/3.50G [00:35<00:08, 82.7MB/s][A
Downloading (…)of-00002.safetensors:  81%|████████  | 2.83G/3.50G [00:35<00:08, 83.1MB/s][A
Downloading (…)of-00002.safetensors:  81%|████████  | 2.84G/3.50G [00:35<00:08, 77.5MB/s][A
Downloading (…)of-00002.safetensors:  81%|████████▏ | 2.85G/3.50G [00:35<00:08, 74.4MB/s][A
Downloading (…)of-00002.safetensors:  82%|████████▏ | 2.86G/3.50G [00:35<00:08, 74.9MB/s][A
Downloading (…)of-00002.safetensors:  82%|████████▏ | 2.87G/3.50G [00:35<00:08, 75.0MB/s][A
Downloading (…)of-00002.safetensors:  82%|████████▏ | 2.88G/3.50G [00:35<00:08, 76.6MB/s][A
Downloading (…)of-00002.safetensors:  83%|████████▎ | 2.89G/3.50G [00:36<00:08, 75.4MB/s][A
Downloading (…)of-00002.safetensors:  83%|████████▎ | 2.90G/3.50G [00:36<00:07, 76.8MB/s][A
Downloading (…)of-00002.safetensors:  83%|████████▎ | 2.92G/3.50G [00:36<00:08, 72.6MB/s][A
Downloading (…)of-00002.safetensors:  84%|████████▎ | 2.93G/3.50G [00:36<00:08, 71.8MB/s][A
Downloading (…)of-00002.safetensors:  84%|████████▍ | 2.94G/3.50G [00:36<00:07, 74.4MB/s][A
Downloading (…)of-00002.safetensors:  84%|████████▍ | 2.95G/3.50G [00:36<00:07, 76.5MB/s][A
Downloading (…)of-00002.safetensors:  84%|████████▍ | 2.96G/3.50G [00:36<00:06, 78.0MB/s][A
Downloading (…)of-00002.safetensors:  85%|████████▍ | 2.97G/3.50G [00:37<00:06, 79.6MB/s][A
Downloading (…)of-00002.safetensors:  85%|████████▌ | 2.98G/3.50G [00:37<00:06, 79.5MB/s][A
Downloading (…)of-00002.safetensors:  85%|████████▌ | 2.99G/3.50G [00:37<00:06, 79.5MB/s][A
Downloading (…)of-00002.safetensors:  86%|████████▌ | 3.00G/3.50G [00:37<00:06, 80.6MB/s][A
Downloading (…)of-00002.safetensors:  86%|████████▌ | 3.01G/3.50G [00:37<00:05, 82.9MB/s][A
Downloading (…)of-00002.safetensors:  86%|████████▋ | 3.02G/3.50G [00:37<00:05, 83.3MB/s][A
Downloading (…)of-00002.safetensors:  87%|████████▋ | 3.03G/3.50G [00:37<00:06, 75.3MB/s][A
Downloading (…)of-00002.safetensors:  87%|████████▋ | 3.04G/3.50G [00:37<00:05, 81.9MB/s][A
Downloading (…)of-00002.safetensors:  87%|████████▋ | 3.06G/3.50G [00:38<00:05, 85.1MB/s][A
Downloading (…)of-00002.safetensors:  88%|████████▊ | 3.07G/3.50G [00:38<00:05, 83.2MB/s][A
Downloading (…)of-00002.safetensors:  88%|████████▊ | 3.08G/3.50G [00:38<00:05, 82.8MB/s][A
Downloading (…)of-00002.safetensors:  88%|████████▊ | 3.09G/3.50G [00:38<00:04, 82.7MB/s][A
Downloading (…)of-00002.safetensors:  89%|████████▊ | 3.10G/3.50G [00:38<00:04, 82.3MB/s][A
Downloading (…)of-00002.safetensors:  89%|████████▉ | 3.11G/3.50G [00:38<00:04, 83.5MB/s][A
Downloading (…)of-00002.safetensors:  89%|████████▉ | 3.12G/3.50G [00:38<00:04, 81.9MB/s][A
Downloading (…)of-00002.safetensors:  90%|████████▉ | 3.14G/3.50G [00:39<00:04, 83.2MB/s][A
Downloading (…)of-00002.safetensors:  90%|████████▉ | 3.15G/3.50G [00:39<00:04, 81.2MB/s][A
Downloading (…)of-00002.safetensors:  90%|█████████ | 3.16G/3.50G [00:39<00:04, 82.4MB/s][A
Downloading (…)of-00002.safetensors:  90%|█████████ | 3.17G/3.50G [00:39<00:04, 78.4MB/s][A
Downloading (…)of-00002.safetensors:  91%|█████████ | 3.18G/3.50G [00:39<00:04, 79.3MB/s][A
Downloading (…)of-00002.safetensors:  91%|█████████ | 3.19G/3.50G [00:39<00:04, 75.7MB/s][A
Downloading (…)of-00002.safetensors:  91%|█████████▏| 3.20G/3.50G [00:39<00:03, 79.6MB/s][A
Downloading (…)of-00002.safetensors:  92%|█████████▏| 3.21G/3.50G [00:39<00:03, 81.7MB/s][A
Downloading (…)of-00002.safetensors:  92%|█████████▏| 3.22G/3.50G [00:40<00:03, 82.8MB/s][A
Downloading (…)of-00002.safetensors:  92%|█████████▏| 3.23G/3.50G [00:40<00:03, 84.2MB/s][A
Downloading (…)of-00002.safetensors:  93%|█████████▎| 3.24G/3.50G [00:40<00:03, 85.4MB/s][A
Downloading (…)of-00002.safetensors:  93%|█████████▎| 3.25G/3.50G [00:40<00:02, 85.5MB/s][A
Downloading (…)of-00002.safetensors:  93%|█████████▎| 3.26G/3.50G [00:40<00:02, 86.6MB/s][A
Downloading (…)of-00002.safetensors:  93%|█████████▎| 3.27G/3.50G [00:40<00:02, 83.9MB/s][A
Downloading (…)of-00002.safetensors:  94%|█████████▍| 3.28G/3.50G [00:40<00:02, 84.0MB/s][A
Downloading (…)of-00002.safetensors:  94%|█████████▍| 3.29G/3.50G [00:40<00:02, 84.6MB/s][A
Downloading (…)of-00002.safetensors:  94%|█████████▍| 3.30G/3.50G [00:41<00:02, 85.6MB/s][A
Downloading (…)of-00002.safetensors:  95%|█████████▍| 3.31G/3.50G [00:41<00:02, 79.3MB/s][A
Downloading (…)of-00002.safetensors:  95%|█████████▍| 3.32G/3.50G [00:41<00:02, 81.0MB/s][A
Downloading (…)of-00002.safetensors:  95%|█████████▌| 3.33G/3.50G [00:41<00:02, 79.8MB/s][A
Downloading (…)of-00002.safetensors:  96%|█████████▌| 3.34G/3.50G [00:41<00:01, 80.9MB/s][A
Downloading (…)of-00002.safetensors:  96%|█████████▌| 3.36G/3.50G [00:41<00:01, 79.1MB/s][A
Downloading (…)of-00002.safetensors:  96%|█████████▌| 3.37G/3.50G [00:41<00:01, 75.2MB/s][A
Downloading (…)of-00002.safetensors:  96%|█████████▋| 3.38G/3.50G [00:42<00:01, 78.1MB/s][A
Downloading (…)of-00002.safetensors:  97%|█████████▋| 3.39G/3.50G [00:42<00:01, 79.4MB/s][A
Downloading (…)of-00002.safetensors:  97%|█████████▋| 3.40G/3.50G [00:42<00:01, 80.4MB/s][A
Downloading (…)of-00002.safetensors:  97%|█████████▋| 3.41G/3.50G [00:42<00:01, 77.9MB/s][A
Downloading (…)of-00002.safetensors:  98%|█████████▊| 3.42G/3.50G [00:42<00:01, 80.7MB/s][A
Downloading (…)of-00002.safetensors:  98%|█████████▊| 3.43G/3.50G [00:42<00:00, 82.7MB/s][A
Downloading (…)of-00002.safetensors:  98%|█████████▊| 3.44G/3.50G [00:42<00:00, 83.5MB/s][A
Downloading (…)of-00002.safetensors:  99%|█████████▊| 3.45G/3.50G [00:42<00:00, 81.2MB/s][A
Downloading (…)of-00002.safetensors:  99%|█████████▉| 3.46G/3.50G [00:43<00:00, 77.0MB/s][A
Downloading (…)of-00002.safetensors:  99%|█████████▉| 3.47G/3.50G [00:43<00:00, 78.2MB/s][A
Downloading (…)of-00002.safetensors:  99%|█████████▉| 3.48G/3.50G [00:43<00:00, 80.0MB/s][A
Downloading (…)of-00002.safetensors: 100%|█████████▉| 3.49G/3.50G [00:43<00:00, 81.9MB/s][A
Downloading (…)of-00002.safetensors: 100%|██████████| 3.50G/3.50G [00:43<00:00, 81.8MB/s][ADownloading (…)of-00002.safetensors: 100%|██████████| 3.50G/3.50G [00:43<00:00, 80.3MB/s]
Downloading shards: 100%|██████████| 2/2 [02:52<00:00, 78.69s/it] Downloading shards: 100%|██████████| 2/2 [02:52<00:00, 86.18s/it]
You are attempting to use Flash Attention 2.0 with a model initialized on CPU. Make sure to move the model to GPU after initializing it on CPU with `model.to('cuda')`.
Loading checkpoint shards:   0%|          | 0/2 [00:00<?, ?it/s]Loading checkpoint shards:  50%|█████     | 1/2 [00:34<00:34, 34.81s/it]Loading checkpoint shards: 100%|██████████| 2/2 [00:46<00:00, 21.20s/it]Loading checkpoint shards: 100%|██████████| 2/2 [00:46<00:00, 23.24s/it]
Downloading generation_config.json:   0%|          | 0.00/188 [00:00<?, ?B/s]Downloading generation_config.json: 100%|██████████| 188/188 [00:00<00:00, 30.4kB/s]
Downloading .gitattributes:   0%|          | 0.00/1.48k [00:00<?, ?B/s]Downloading .gitattributes: 100%|██████████| 1.48k/1.48k [00:00<00:00, 1.12MB/s]
Downloading 1_Pooling/config.json:   0%|          | 0.00/270 [00:00<?, ?B/s]Downloading 1_Pooling/config.json: 100%|██████████| 270/270 [00:00<00:00, 374kB/s]
Downloading 2_Dense/config.json:   0%|          | 0.00/116 [00:00<?, ?B/s]Downloading 2_Dense/config.json: 100%|██████████| 116/116 [00:00<00:00, 200kB/s]
Downloading pytorch_model.bin:   0%|          | 0.00/3.15M [00:00<?, ?B/s]Downloading pytorch_model.bin: 100%|██████████| 3.15M/3.15M [00:00<00:00, 13.7MB/s]Downloading pytorch_model.bin: 100%|██████████| 3.15M/3.15M [00:00<00:00, 13.6MB/s]
Downloading README.md:   0%|          | 0.00/66.3k [00:00<?, ?B/s]Downloading README.md: 100%|██████████| 66.3k/66.3k [00:00<00:00, 87.0MB/s]
Downloading config.json:   0%|          | 0.00/1.53k [00:00<?, ?B/s]Downloading config.json: 100%|██████████| 1.53k/1.53k [00:00<00:00, 2.73MB/s]
Downloading (…)ce_transformers.json:   0%|          | 0.00/122 [00:00<?, ?B/s]Downloading (…)ce_transformers.json: 100%|██████████| 122/122 [00:00<00:00, 312kB/s]
Downloading pytorch_model.bin:   0%|          | 0.00/1.34G [00:00<?, ?B/s]Downloading pytorch_model.bin:   2%|▏         | 31.5M/1.34G [00:00<00:05, 226MB/s]Downloading pytorch_model.bin:   5%|▍         | 62.9M/1.34G [00:00<00:05, 245MB/s]Downloading pytorch_model.bin:   7%|▋         | 94.4M/1.34G [00:00<00:04, 251MB/s]Downloading pytorch_model.bin:   9%|▉         | 126M/1.34G [00:00<00:04, 254MB/s] Downloading pytorch_model.bin:  12%|█▏        | 157M/1.34G [00:00<00:04, 255MB/s]Downloading pytorch_model.bin:  14%|█▍        | 189M/1.34G [00:00<00:04, 254MB/s]Downloading pytorch_model.bin:  16%|█▋        | 220M/1.34G [00:00<00:04, 254MB/s]Downloading pytorch_model.bin:  19%|█▉        | 252M/1.34G [00:00<00:04, 255MB/s]Downloading pytorch_model.bin:  21%|██        | 283M/1.34G [00:01<00:04, 256MB/s]Downloading pytorch_model.bin:  23%|██▎       | 315M/1.34G [00:01<00:03, 257MB/s]Downloading pytorch_model.bin:  26%|██▌       | 346M/1.34G [00:01<00:03, 259MB/s]Downloading pytorch_model.bin:  28%|██▊       | 377M/1.34G [00:01<00:03, 260MB/s]Downloading pytorch_model.bin:  31%|███       | 409M/1.34G [00:01<00:03, 261MB/s]Downloading pytorch_model.bin:  33%|███▎      | 440M/1.34G [00:01<00:03, 261MB/s]Downloading pytorch_model.bin:  35%|███▌      | 472M/1.34G [00:01<00:03, 262MB/s]Downloading pytorch_model.bin:  38%|███▊      | 503M/1.34G [00:01<00:03, 263MB/s]Downloading pytorch_model.bin:  40%|███▉      | 535M/1.34G [00:02<00:03, 263MB/s]Downloading pytorch_model.bin:  42%|████▏     | 566M/1.34G [00:02<00:02, 263MB/s]Downloading pytorch_model.bin:  45%|████▍     | 598M/1.34G [00:02<00:02, 259MB/s]Downloading pytorch_model.bin:  47%|████▋     | 629M/1.34G [00:02<00:02, 258MB/s]Downloading pytorch_model.bin:  49%|████▉     | 661M/1.34G [00:02<00:02, 256MB/s]Downloading pytorch_model.bin:  52%|█████▏    | 692M/1.34G [00:02<00:02, 255MB/s]Downloading pytorch_model.bin:  54%|█████▍    | 724M/1.34G [00:02<00:02, 255MB/s]Downloading pytorch_model.bin:  56%|█████▋    | 755M/1.34G [00:02<00:02, 256MB/s]Downloading pytorch_model.bin:  59%|█████▊    | 786M/1.34G [00:03<00:02, 255MB/s]Downloading pytorch_model.bin:  61%|██████    | 818M/1.34G [00:03<00:02, 255MB/s]Downloading pytorch_model.bin:  63%|██████▎   | 849M/1.34G [00:03<00:01, 254MB/s]Downloading pytorch_model.bin:  66%|██████▌   | 881M/1.34G [00:03<00:01, 254MB/s]Downloading pytorch_model.bin:  68%|██████▊   | 912M/1.34G [00:03<00:01, 255MB/s]Downloading pytorch_model.bin:  70%|███████   | 944M/1.34G [00:03<00:01, 255MB/s]Downloading pytorch_model.bin:  73%|███████▎  | 975M/1.34G [00:03<00:01, 255MB/s]Downloading pytorch_model.bin:  75%|███████▌  | 1.01G/1.34G [00:03<00:01, 255MB/s]Downloading pytorch_model.bin:  77%|███████▋  | 1.04G/1.34G [00:04<00:01, 255MB/s]Downloading pytorch_model.bin:  80%|███████▉  | 1.07G/1.34G [00:04<00:01, 256MB/s]Downloading pytorch_model.bin:  82%|████████▏ | 1.10G/1.34G [00:04<00:00, 255MB/s]Downloading pytorch_model.bin:  85%|████████▍ | 1.13G/1.34G [00:04<00:00, 255MB/s]Downloading pytorch_model.bin:  87%|████████▋ | 1.16G/1.34G [00:04<00:00, 254MB/s]Downloading pytorch_model.bin:  89%|████████▉ | 1.20G/1.34G [00:04<00:00, 254MB/s]Downloading pytorch_model.bin:  92%|█████████▏| 1.23G/1.34G [00:04<00:00, 254MB/s]Downloading pytorch_model.bin:  94%|█████████▍| 1.26G/1.34G [00:04<00:00, 255MB/s]Downloading pytorch_model.bin:  96%|█████████▋| 1.29G/1.34G [00:05<00:00, 255MB/s]Downloading pytorch_model.bin:  99%|█████████▊| 1.32G/1.34G [00:05<00:00, 252MB/s]Downloading pytorch_model.bin: 100%|██████████| 1.34G/1.34G [00:05<00:00, 255MB/s]
Downloading (…)nce_bert_config.json:   0%|          | 0.00/53.0 [00:00<?, ?B/s]Downloading (…)nce_bert_config.json: 100%|██████████| 53.0/53.0 [00:00<00:00, 12.6kB/s]
Downloading (…)cial_tokens_map.json:   0%|          | 0.00/2.20k [00:00<?, ?B/s]Downloading (…)cial_tokens_map.json: 100%|██████████| 2.20k/2.20k [00:00<00:00, 2.00MB/s]
Downloading spiece.model:   0%|          | 0.00/792k [00:00<?, ?B/s]Downloading spiece.model: 100%|██████████| 792k/792k [00:00<00:00, 146MB/s]
Downloading tokenizer.json:   0%|          | 0.00/2.42M [00:00<?, ?B/s]Downloading tokenizer.json: 100%|██████████| 2.42M/2.42M [00:00<00:00, 27.9MB/s]
Downloading tokenizer_config.json:   0%|          | 0.00/2.41k [00:00<?, ?B/s]Downloading tokenizer_config.json: 100%|██████████| 2.41k/2.41k [00:00<00:00, 3.63MB/s]
Downloading modules.json:   0%|          | 0.00/461 [00:00<?, ?B/s]Downloading modules.json: 100%|██████████| 461/461 [00:00<00:00, 891kB/s]
Batches:   0%|          | 0/41 [00:00<?, ?it/s]Batches:   2%|▏         | 1/41 [00:00<00:17,  2.27it/s]Batches:   5%|▍         | 2/41 [00:00<00:13,  2.94it/s]Batches:   7%|▋         | 3/41 [00:00<00:11,  3.34it/s]Batches:  10%|▉         | 4/41 [00:01<00:10,  3.66it/s]Batches:  12%|█▏        | 5/41 [00:01<00:09,  3.78it/s]Batches:  15%|█▍        | 6/41 [00:01<00:08,  3.95it/s]Batches:  17%|█▋        | 7/41 [00:01<00:08,  4.17it/s]Batches:  20%|█▉        | 8/41 [00:02<00:07,  4.31it/s]Batches:  22%|██▏       | 9/41 [00:02<00:07,  4.29it/s]Batches:  24%|██▍       | 10/41 [00:02<00:07,  4.40it/s]Batches:  27%|██▋       | 11/41 [00:02<00:06,  4.54it/s]Batches:  29%|██▉       | 12/41 [00:03<00:06,  4.37it/s]Batches:  32%|███▏      | 13/41 [00:03<00:06,  4.48it/s]Batches:  34%|███▍      | 14/41 [00:03<00:05,  4.75it/s]Batches:  37%|███▋      | 15/41 [00:03<00:05,  4.98it/s]Batches:  39%|███▉      | 16/41 [00:03<00:04,  5.00it/s]Batches:  41%|████▏     | 17/41 [00:03<00:04,  4.97it/s]Batches:  44%|████▍     | 18/41 [00:04<00:04,  5.12it/s]Batches:  46%|████▋     | 19/41 [00:04<00:04,  5.27it/s]Batches:  49%|████▉     | 20/41 [00:04<00:04,  5.15it/s]Batches:  51%|█████     | 21/41 [00:04<00:03,  5.34it/s]Batches:  54%|█████▎    | 22/41 [00:04<00:03,  5.41it/s]Batches:  56%|█████▌    | 23/41 [00:05<00:03,  5.59it/s]Batches:  59%|█████▊    | 24/41 [00:05<00:02,  5.73it/s]Batches:  61%|██████    | 25/41 [00:05<00:02,  5.37it/s]Batches:  63%|██████▎   | 26/41 [00:05<00:02,  5.57it/s]Batches:  66%|██████▌   | 27/41 [00:05<00:02,  5.65it/s]Batches:  68%|██████▊   | 28/41 [00:05<00:02,  5.78it/s]Batches:  71%|███████   | 29/41 [00:06<00:01,  6.03it/s]Batches:  73%|███████▎  | 30/41 [00:06<00:01,  6.08it/s]Batches:  76%|███████▌  | 31/41 [00:06<00:01,  6.13it/s]Batches:  78%|███████▊  | 32/41 [00:06<00:01,  6.30it/s]Batches:  80%|████████  | 33/41 [00:06<00:01,  6.43it/s]Batches:  83%|████████▎ | 34/41 [00:06<00:01,  6.37it/s]Batches:  85%|████████▌ | 35/41 [00:07<00:00,  6.47it/s]Batches:  88%|████████▊ | 36/41 [00:07<00:00,  6.36it/s]Batches:  90%|█████████ | 37/41 [00:07<00:00,  6.68it/s]Batches:  93%|█████████▎| 38/41 [00:07<00:00,  6.75it/s]Batches:  95%|█████████▌| 39/41 [00:07<00:00,  7.07it/s]Batches:  98%|█████████▊| 40/41 [00:07<00:00,  7.46it/s]Batches: 100%|██████████| 41/41 [00:07<00:00,  5.29it/s]
Map:   0%|          | 0/500 [00:00<?, ? examples/s]Map: 100%|██████████| 500/500 [00:00<00:00, 16166.39 examples/s]
Traceback (most recent call last):
  File "/usr/local/lib/python3.8/dist-packages/datasets/arrow_dataset.py", line 3500, in _map_single
    writer.finalize()  # close_stream=bool(buf_writer is None))  # We only close if we are writing in a file
  File "/usr/local/lib/python3.8/dist-packages/datasets/arrow_writer.py", line 586, in finalize
    self.write_examples_on_file()
  File "/usr/local/lib/python3.8/dist-packages/datasets/arrow_writer.py", line 444, in write_examples_on_file
    batch_examples[col] = [
  File "/usr/local/lib/python3.8/dist-packages/datasets/arrow_writer.py", line 445, in <listcomp>
    row[0][col].to_pylist()[0] if isinstance(row[0][col], (pa.Array, pa.ChunkedArray)) else row[0][col]
KeyError: 'Example_0'

During handling of the above exception, another exception occurred:

Traceback (most recent call last):
  File "main.py", line 85, in <module>
    attacker(args)
  File "/mnt/data/mvp/src/test.py", line 201, in attacker
    my_dataset = my_dataset[split].map(lambda x: convert_to_icl(x, icl_examples, verbalizer), batched=False)
  File "/usr/local/lib/python3.8/dist-packages/datasets/arrow_dataset.py", line 592, in wrapper
    out: Union["Dataset", "DatasetDict"] = func(self, *args, **kwargs)
  File "/usr/local/lib/python3.8/dist-packages/datasets/arrow_dataset.py", line 557, in wrapper
    out: Union["Dataset", "DatasetDict"] = func(self, *args, **kwargs)
  File "/usr/local/lib/python3.8/dist-packages/datasets/arrow_dataset.py", line 3097, in map
    for rank, done, content in Dataset._map_single(**dataset_kwargs):
  File "/usr/local/lib/python3.8/dist-packages/datasets/arrow_dataset.py", line 3505, in _map_single
    writer.finalize()
  File "/usr/local/lib/python3.8/dist-packages/datasets/arrow_writer.py", line 586, in finalize
    self.write_examples_on_file()
  File "/usr/local/lib/python3.8/dist-packages/datasets/arrow_writer.py", line 444, in write_examples_on_file
    batch_examples[col] = [
  File "/usr/local/lib/python3.8/dist-packages/datasets/arrow_writer.py", line 445, in <listcomp>
    row[0][col].to_pylist()[0] if isinstance(row[0][col], (pa.Array, pa.ChunkedArray)) else row[0][col]
KeyError: 'Example_0'
2024-03-10 15:54:04.888177: I tensorflow/core/platform/cpu_feature_guard.cc:182] This TensorFlow binary is optimized to use available CPU instructions in performance-critical operations.
To enable the following instructions: AVX2 FMA, in other operations, rebuild TensorFlow with the appropriate compiler flags.
2024-03-10 15:54:05.655007: W tensorflow/compiler/tf2tensorrt/utils/py_utils.cc:38] TF-TRT Warning: Could not find TensorRT
2024-03-10 15:54:12.699679: I tensorflow/compiler/xla/stream_executor/cuda/cuda_gpu_executor.cc:996] successful NUMA node read from SysFS had negative value (-1), but there must be at least one NUMA node, so returning NUMA node zero. See more at https://github.com/torvalds/linux/blob/v6.0/Documentation/ABI/testing/sysfs-bus-pci#L344-L355
2024-03-10 15:54:12.708900: I tensorflow/compiler/xla/stream_executor/cuda/cuda_gpu_executor.cc:996] successful NUMA node read from SysFS had negative value (-1), but there must be at least one NUMA node, so returning NUMA node zero. See more at https://github.com/torvalds/linux/blob/v6.0/Documentation/ABI/testing/sysfs-bus-pci#L344-L355
2024-03-10 15:54:12.711274: I tensorflow/compiler/xla/stream_executor/cuda/cuda_gpu_executor.cc:996] successful NUMA node read from SysFS had negative value (-1), but there must be at least one NUMA node, so returning NUMA node zero. See more at https://github.com/torvalds/linux/blob/v6.0/Documentation/ABI/testing/sysfs-bus-pci#L344-L355
2024-03-10 15:54:12.725620: I tensorflow/compiler/xla/stream_executor/cuda/cuda_gpu_executor.cc:996] successful NUMA node read from SysFS had negative value (-1), but there must be at least one NUMA node, so returning NUMA node zero. See more at https://github.com/torvalds/linux/blob/v6.0/Documentation/ABI/testing/sysfs-bus-pci#L344-L355
2024-03-10 15:54:12.727971: I tensorflow/compiler/xla/stream_executor/cuda/cuda_gpu_executor.cc:996] successful NUMA node read from SysFS had negative value (-1), but there must be at least one NUMA node, so returning NUMA node zero. See more at https://github.com/torvalds/linux/blob/v6.0/Documentation/ABI/testing/sysfs-bus-pci#L344-L355
2024-03-10 15:54:12.730292: I tensorflow/compiler/xla/stream_executor/cuda/cuda_gpu_executor.cc:996] successful NUMA node read from SysFS had negative value (-1), but there must be at least one NUMA node, so returning NUMA node zero. See more at https://github.com/torvalds/linux/blob/v6.0/Documentation/ABI/testing/sysfs-bus-pci#L344-L355
2024-03-10 15:54:12.907238: I tensorflow/compiler/xla/stream_executor/cuda/cuda_gpu_executor.cc:996] successful NUMA node read from SysFS had negative value (-1), but there must be at least one NUMA node, so returning NUMA node zero. See more at https://github.com/torvalds/linux/blob/v6.0/Documentation/ABI/testing/sysfs-bus-pci#L344-L355
2024-03-10 15:54:12.908749: I tensorflow/compiler/xla/stream_executor/cuda/cuda_gpu_executor.cc:996] successful NUMA node read from SysFS had negative value (-1), but there must be at least one NUMA node, so returning NUMA node zero. See more at https://github.com/torvalds/linux/blob/v6.0/Documentation/ABI/testing/sysfs-bus-pci#L344-L355
2024-03-10 15:54:12.910121: I tensorflow/compiler/xla/stream_executor/cuda/cuda_gpu_executor.cc:996] successful NUMA node read from SysFS had negative value (-1), but there must be at least one NUMA node, so returning NUMA node zero. See more at https://github.com/torvalds/linux/blob/v6.0/Documentation/ABI/testing/sysfs-bus-pci#L344-L355
2024-03-10 15:54:12.911509: I tensorflow/core/common_runtime/gpu/gpu_device.cc:1635] Created device /job:localhost/replica:0/task:0/device:GPU:0 with 79087 MB memory:  -> device: 0, name: NVIDIA A100-SXM4-80GB, pci bus id: 0000:08:00.0, compute capability: 8.0
/mnt/data/mvp/src/utils/funcs.py:261: FutureWarning: load_metric is deprecated and will be removed in the next major version of datasets. Use 'evaluate.load' instead, from the new library 🤗 Evaluate: https://huggingface.co/docs/evaluate
  metric = load_metric('accuracy')
You are attempting to use Flash Attention 2.0 with a model initialized on CPU. Make sure to move the model to GPU after initializing it on CPU with `model.to('cuda')`.
Loading checkpoint shards:   0%|          | 0/2 [00:00<?, ?it/s]Loading checkpoint shards:  50%|█████     | 1/2 [00:33<00:33, 33.83s/it]Loading checkpoint shards: 100%|██████████| 2/2 [00:45<00:00, 20.75s/it]Loading checkpoint shards: 100%|██████████| 2/2 [00:45<00:00, 22.72s/it]
Map:   0%|          | 0/500 [00:00<?, ? examples/s]Map: 100%|██████████| 500/500 [00:00<00:00, 15350.14 examples/s]
Traceback (most recent call last):
  File "/usr/local/lib/python3.8/dist-packages/datasets/arrow_dataset.py", line 3500, in _map_single
    writer.finalize()  # close_stream=bool(buf_writer is None))  # We only close if we are writing in a file
  File "/usr/local/lib/python3.8/dist-packages/datasets/arrow_writer.py", line 586, in finalize
    self.write_examples_on_file()
  File "/usr/local/lib/python3.8/dist-packages/datasets/arrow_writer.py", line 444, in write_examples_on_file
    batch_examples[col] = [
  File "/usr/local/lib/python3.8/dist-packages/datasets/arrow_writer.py", line 445, in <listcomp>
    row[0][col].to_pylist()[0] if isinstance(row[0][col], (pa.Array, pa.ChunkedArray)) else row[0][col]
KeyError: 'Example_0'

During handling of the above exception, another exception occurred:

Traceback (most recent call last):
  File "main.py", line 85, in <module>
    attacker(args)
  File "/mnt/data/mvp/src/test.py", line 201, in attacker
    my_dataset = my_dataset[split].map(lambda x: convert_to_icl(x, icl_examples, verbalizer), batched=False)
  File "/usr/local/lib/python3.8/dist-packages/datasets/arrow_dataset.py", line 592, in wrapper
    out: Union["Dataset", "DatasetDict"] = func(self, *args, **kwargs)
  File "/usr/local/lib/python3.8/dist-packages/datasets/arrow_dataset.py", line 557, in wrapper
    out: Union["Dataset", "DatasetDict"] = func(self, *args, **kwargs)
  File "/usr/local/lib/python3.8/dist-packages/datasets/arrow_dataset.py", line 3097, in map
    for rank, done, content in Dataset._map_single(**dataset_kwargs):
  File "/usr/local/lib/python3.8/dist-packages/datasets/arrow_dataset.py", line 3505, in _map_single
    writer.finalize()
  File "/usr/local/lib/python3.8/dist-packages/datasets/arrow_writer.py", line 586, in finalize
    self.write_examples_on_file()
  File "/usr/local/lib/python3.8/dist-packages/datasets/arrow_writer.py", line 444, in write_examples_on_file
    batch_examples[col] = [
  File "/usr/local/lib/python3.8/dist-packages/datasets/arrow_writer.py", line 445, in <listcomp>
    row[0][col].to_pylist()[0] if isinstance(row[0][col], (pa.Array, pa.ChunkedArray)) else row[0][col]
KeyError: 'Example_0'
1+2+meta-llama/Llama-2-7b-hf+mvp
./checkpoints/trec/meta-llama/Llama-2-7b-hf/swap_labels/retrieval_icl-seed-1-shot-2
2024-03-10 15:57:17.187491: I tensorflow/core/platform/cpu_feature_guard.cc:182] This TensorFlow binary is optimized to use available CPU instructions in performance-critical operations.
To enable the following instructions: AVX2 FMA, in other operations, rebuild TensorFlow with the appropriate compiler flags.
2024-03-10 15:57:17.932954: W tensorflow/compiler/tf2tensorrt/utils/py_utils.cc:38] TF-TRT Warning: Could not find TensorRT
2024-03-10 15:57:24.813143: I tensorflow/compiler/xla/stream_executor/cuda/cuda_gpu_executor.cc:996] successful NUMA node read from SysFS had negative value (-1), but there must be at least one NUMA node, so returning NUMA node zero. See more at https://github.com/torvalds/linux/blob/v6.0/Documentation/ABI/testing/sysfs-bus-pci#L344-L355
2024-03-10 15:57:24.822839: I tensorflow/compiler/xla/stream_executor/cuda/cuda_gpu_executor.cc:996] successful NUMA node read from SysFS had negative value (-1), but there must be at least one NUMA node, so returning NUMA node zero. See more at https://github.com/torvalds/linux/blob/v6.0/Documentation/ABI/testing/sysfs-bus-pci#L344-L355
2024-03-10 15:57:24.825211: I tensorflow/compiler/xla/stream_executor/cuda/cuda_gpu_executor.cc:996] successful NUMA node read from SysFS had negative value (-1), but there must be at least one NUMA node, so returning NUMA node zero. See more at https://github.com/torvalds/linux/blob/v6.0/Documentation/ABI/testing/sysfs-bus-pci#L344-L355
2024-03-10 15:57:24.839709: I tensorflow/compiler/xla/stream_executor/cuda/cuda_gpu_executor.cc:996] successful NUMA node read from SysFS had negative value (-1), but there must be at least one NUMA node, so returning NUMA node zero. See more at https://github.com/torvalds/linux/blob/v6.0/Documentation/ABI/testing/sysfs-bus-pci#L344-L355
2024-03-10 15:57:24.842060: I tensorflow/compiler/xla/stream_executor/cuda/cuda_gpu_executor.cc:996] successful NUMA node read from SysFS had negative value (-1), but there must be at least one NUMA node, so returning NUMA node zero. See more at https://github.com/torvalds/linux/blob/v6.0/Documentation/ABI/testing/sysfs-bus-pci#L344-L355
2024-03-10 15:57:24.844386: I tensorflow/compiler/xla/stream_executor/cuda/cuda_gpu_executor.cc:996] successful NUMA node read from SysFS had negative value (-1), but there must be at least one NUMA node, so returning NUMA node zero. See more at https://github.com/torvalds/linux/blob/v6.0/Documentation/ABI/testing/sysfs-bus-pci#L344-L355
2024-03-10 15:57:25.024204: I tensorflow/compiler/xla/stream_executor/cuda/cuda_gpu_executor.cc:996] successful NUMA node read from SysFS had negative value (-1), but there must be at least one NUMA node, so returning NUMA node zero. See more at https://github.com/torvalds/linux/blob/v6.0/Documentation/ABI/testing/sysfs-bus-pci#L344-L355
2024-03-10 15:57:25.025722: I tensorflow/compiler/xla/stream_executor/cuda/cuda_gpu_executor.cc:996] successful NUMA node read from SysFS had negative value (-1), but there must be at least one NUMA node, so returning NUMA node zero. See more at https://github.com/torvalds/linux/blob/v6.0/Documentation/ABI/testing/sysfs-bus-pci#L344-L355
2024-03-10 15:57:25.027092: I tensorflow/compiler/xla/stream_executor/cuda/cuda_gpu_executor.cc:996] successful NUMA node read from SysFS had negative value (-1), but there must be at least one NUMA node, so returning NUMA node zero. See more at https://github.com/torvalds/linux/blob/v6.0/Documentation/ABI/testing/sysfs-bus-pci#L344-L355
2024-03-10 15:57:25.028484: I tensorflow/core/common_runtime/gpu/gpu_device.cc:1635] Created device /job:localhost/replica:0/task:0/device:GPU:0 with 79087 MB memory:  -> device: 0, name: NVIDIA A100-SXM4-80GB, pci bus id: 0000:08:00.0, compute capability: 8.0
/mnt/data/mvp/src/utils/funcs.py:261: FutureWarning: load_metric is deprecated and will be removed in the next major version of datasets. Use 'evaluate.load' instead, from the new library 🤗 Evaluate: https://huggingface.co/docs/evaluate
  metric = load_metric('accuracy')
You are attempting to use Flash Attention 2.0 with a model initialized on CPU. Make sure to move the model to GPU after initializing it on CPU with `model.to('cuda')`.
Loading checkpoint shards:   0%|          | 0/2 [00:00<?, ?it/s]Loading checkpoint shards:  50%|█████     | 1/2 [00:33<00:33, 33.01s/it]Loading checkpoint shards: 100%|██████████| 2/2 [00:44<00:00, 20.41s/it]Loading checkpoint shards: 100%|██████████| 2/2 [00:44<00:00, 22.30s/it]
Map:   0%|          | 0/500 [00:00<?, ? examples/s]Map: 100%|██████████| 500/500 [00:00<00:00, 17660.52 examples/s]
Traceback (most recent call last):
  File "/usr/local/lib/python3.8/dist-packages/datasets/arrow_dataset.py", line 3500, in _map_single
    writer.finalize()  # close_stream=bool(buf_writer is None))  # We only close if we are writing in a file
  File "/usr/local/lib/python3.8/dist-packages/datasets/arrow_writer.py", line 586, in finalize
    self.write_examples_on_file()
  File "/usr/local/lib/python3.8/dist-packages/datasets/arrow_writer.py", line 444, in write_examples_on_file
    batch_examples[col] = [
  File "/usr/local/lib/python3.8/dist-packages/datasets/arrow_writer.py", line 445, in <listcomp>
    row[0][col].to_pylist()[0] if isinstance(row[0][col], (pa.Array, pa.ChunkedArray)) else row[0][col]
KeyError: 'Example_0'

During handling of the above exception, another exception occurred:

Traceback (most recent call last):
  File "main.py", line 85, in <module>
    attacker(args)
  File "/mnt/data/mvp/src/test.py", line 201, in attacker
    my_dataset = my_dataset[split].map(lambda x: convert_to_icl(x, icl_examples, verbalizer), batched=False)
  File "/usr/local/lib/python3.8/dist-packages/datasets/arrow_dataset.py", line 592, in wrapper
    out: Union["Dataset", "DatasetDict"] = func(self, *args, **kwargs)
  File "/usr/local/lib/python3.8/dist-packages/datasets/arrow_dataset.py", line 557, in wrapper
    out: Union["Dataset", "DatasetDict"] = func(self, *args, **kwargs)
  File "/usr/local/lib/python3.8/dist-packages/datasets/arrow_dataset.py", line 3097, in map
    for rank, done, content in Dataset._map_single(**dataset_kwargs):
  File "/usr/local/lib/python3.8/dist-packages/datasets/arrow_dataset.py", line 3505, in _map_single
    writer.finalize()
  File "/usr/local/lib/python3.8/dist-packages/datasets/arrow_writer.py", line 586, in finalize
    self.write_examples_on_file()
  File "/usr/local/lib/python3.8/dist-packages/datasets/arrow_writer.py", line 444, in write_examples_on_file
    batch_examples[col] = [
  File "/usr/local/lib/python3.8/dist-packages/datasets/arrow_writer.py", line 445, in <listcomp>
    row[0][col].to_pylist()[0] if isinstance(row[0][col], (pa.Array, pa.ChunkedArray)) else row[0][col]
KeyError: 'Example_0'
2024-03-10 16:00:28.794481: I tensorflow/core/platform/cpu_feature_guard.cc:182] This TensorFlow binary is optimized to use available CPU instructions in performance-critical operations.
To enable the following instructions: AVX2 FMA, in other operations, rebuild TensorFlow with the appropriate compiler flags.
2024-03-10 16:00:29.541457: W tensorflow/compiler/tf2tensorrt/utils/py_utils.cc:38] TF-TRT Warning: Could not find TensorRT
2024-03-10 16:00:36.600647: I tensorflow/compiler/xla/stream_executor/cuda/cuda_gpu_executor.cc:996] successful NUMA node read from SysFS had negative value (-1), but there must be at least one NUMA node, so returning NUMA node zero. See more at https://github.com/torvalds/linux/blob/v6.0/Documentation/ABI/testing/sysfs-bus-pci#L344-L355
2024-03-10 16:00:36.610296: I tensorflow/compiler/xla/stream_executor/cuda/cuda_gpu_executor.cc:996] successful NUMA node read from SysFS had negative value (-1), but there must be at least one NUMA node, so returning NUMA node zero. See more at https://github.com/torvalds/linux/blob/v6.0/Documentation/ABI/testing/sysfs-bus-pci#L344-L355
2024-03-10 16:00:36.612665: I tensorflow/compiler/xla/stream_executor/cuda/cuda_gpu_executor.cc:996] successful NUMA node read from SysFS had negative value (-1), but there must be at least one NUMA node, so returning NUMA node zero. See more at https://github.com/torvalds/linux/blob/v6.0/Documentation/ABI/testing/sysfs-bus-pci#L344-L355
2024-03-10 16:00:36.627111: I tensorflow/compiler/xla/stream_executor/cuda/cuda_gpu_executor.cc:996] successful NUMA node read from SysFS had negative value (-1), but there must be at least one NUMA node, so returning NUMA node zero. See more at https://github.com/torvalds/linux/blob/v6.0/Documentation/ABI/testing/sysfs-bus-pci#L344-L355
2024-03-10 16:00:36.629467: I tensorflow/compiler/xla/stream_executor/cuda/cuda_gpu_executor.cc:996] successful NUMA node read from SysFS had negative value (-1), but there must be at least one NUMA node, so returning NUMA node zero. See more at https://github.com/torvalds/linux/blob/v6.0/Documentation/ABI/testing/sysfs-bus-pci#L344-L355
2024-03-10 16:00:36.631794: I tensorflow/compiler/xla/stream_executor/cuda/cuda_gpu_executor.cc:996] successful NUMA node read from SysFS had negative value (-1), but there must be at least one NUMA node, so returning NUMA node zero. See more at https://github.com/torvalds/linux/blob/v6.0/Documentation/ABI/testing/sysfs-bus-pci#L344-L355
2024-03-10 16:00:36.810646: I tensorflow/compiler/xla/stream_executor/cuda/cuda_gpu_executor.cc:996] successful NUMA node read from SysFS had negative value (-1), but there must be at least one NUMA node, so returning NUMA node zero. See more at https://github.com/torvalds/linux/blob/v6.0/Documentation/ABI/testing/sysfs-bus-pci#L344-L355
2024-03-10 16:00:36.812198: I tensorflow/compiler/xla/stream_executor/cuda/cuda_gpu_executor.cc:996] successful NUMA node read from SysFS had negative value (-1), but there must be at least one NUMA node, so returning NUMA node zero. See more at https://github.com/torvalds/linux/blob/v6.0/Documentation/ABI/testing/sysfs-bus-pci#L344-L355
2024-03-10 16:00:36.813575: I tensorflow/compiler/xla/stream_executor/cuda/cuda_gpu_executor.cc:996] successful NUMA node read from SysFS had negative value (-1), but there must be at least one NUMA node, so returning NUMA node zero. See more at https://github.com/torvalds/linux/blob/v6.0/Documentation/ABI/testing/sysfs-bus-pci#L344-L355
2024-03-10 16:00:36.814967: I tensorflow/core/common_runtime/gpu/gpu_device.cc:1635] Created device /job:localhost/replica:0/task:0/device:GPU:0 with 79087 MB memory:  -> device: 0, name: NVIDIA A100-SXM4-80GB, pci bus id: 0000:08:00.0, compute capability: 8.0
/mnt/data/mvp/src/utils/funcs.py:261: FutureWarning: load_metric is deprecated and will be removed in the next major version of datasets. Use 'evaluate.load' instead, from the new library 🤗 Evaluate: https://huggingface.co/docs/evaluate
  metric = load_metric('accuracy')
You are attempting to use Flash Attention 2.0 with a model initialized on CPU. Make sure to move the model to GPU after initializing it on CPU with `model.to('cuda')`.
Loading checkpoint shards:   0%|          | 0/2 [00:00<?, ?it/s]Loading checkpoint shards:  50%|█████     | 1/2 [00:31<00:31, 31.15s/it]Loading checkpoint shards: 100%|██████████| 2/2 [00:42<00:00, 19.43s/it]Loading checkpoint shards: 100%|██████████| 2/2 [00:42<00:00, 21.19s/it]
Map:   0%|          | 0/500 [00:00<?, ? examples/s]Map: 100%|██████████| 500/500 [00:00<00:00, 17555.12 examples/s]
Traceback (most recent call last):
  File "/usr/local/lib/python3.8/dist-packages/datasets/arrow_dataset.py", line 3500, in _map_single
    writer.finalize()  # close_stream=bool(buf_writer is None))  # We only close if we are writing in a file
  File "/usr/local/lib/python3.8/dist-packages/datasets/arrow_writer.py", line 586, in finalize
    self.write_examples_on_file()
  File "/usr/local/lib/python3.8/dist-packages/datasets/arrow_writer.py", line 444, in write_examples_on_file
    batch_examples[col] = [
  File "/usr/local/lib/python3.8/dist-packages/datasets/arrow_writer.py", line 445, in <listcomp>
    row[0][col].to_pylist()[0] if isinstance(row[0][col], (pa.Array, pa.ChunkedArray)) else row[0][col]
KeyError: 'Example_0'

During handling of the above exception, another exception occurred:

Traceback (most recent call last):
  File "main.py", line 85, in <module>
    attacker(args)
  File "/mnt/data/mvp/src/test.py", line 201, in attacker
    my_dataset = my_dataset[split].map(lambda x: convert_to_icl(x, icl_examples, verbalizer), batched=False)
  File "/usr/local/lib/python3.8/dist-packages/datasets/arrow_dataset.py", line 592, in wrapper
    out: Union["Dataset", "DatasetDict"] = func(self, *args, **kwargs)
  File "/usr/local/lib/python3.8/dist-packages/datasets/arrow_dataset.py", line 557, in wrapper
    out: Union["Dataset", "DatasetDict"] = func(self, *args, **kwargs)
  File "/usr/local/lib/python3.8/dist-packages/datasets/arrow_dataset.py", line 3097, in map
    for rank, done, content in Dataset._map_single(**dataset_kwargs):
  File "/usr/local/lib/python3.8/dist-packages/datasets/arrow_dataset.py", line 3505, in _map_single
    writer.finalize()
  File "/usr/local/lib/python3.8/dist-packages/datasets/arrow_writer.py", line 586, in finalize
    self.write_examples_on_file()
  File "/usr/local/lib/python3.8/dist-packages/datasets/arrow_writer.py", line 444, in write_examples_on_file
    batch_examples[col] = [
  File "/usr/local/lib/python3.8/dist-packages/datasets/arrow_writer.py", line 445, in <listcomp>
    row[0][col].to_pylist()[0] if isinstance(row[0][col], (pa.Array, pa.ChunkedArray)) else row[0][col]
KeyError: 'Example_0'
1+4+meta-llama/Llama-2-7b-hf+mvp
./checkpoints/trec/meta-llama/Llama-2-7b-hf/swap_labels/retrieval_icl-seed-1-shot-4
2024-03-10 16:03:39.094867: I tensorflow/core/platform/cpu_feature_guard.cc:182] This TensorFlow binary is optimized to use available CPU instructions in performance-critical operations.
To enable the following instructions: AVX2 FMA, in other operations, rebuild TensorFlow with the appropriate compiler flags.
2024-03-10 16:03:39.855826: W tensorflow/compiler/tf2tensorrt/utils/py_utils.cc:38] TF-TRT Warning: Could not find TensorRT
2024-03-10 16:03:46.896147: I tensorflow/compiler/xla/stream_executor/cuda/cuda_gpu_executor.cc:996] successful NUMA node read from SysFS had negative value (-1), but there must be at least one NUMA node, so returning NUMA node zero. See more at https://github.com/torvalds/linux/blob/v6.0/Documentation/ABI/testing/sysfs-bus-pci#L344-L355
2024-03-10 16:03:46.905969: I tensorflow/compiler/xla/stream_executor/cuda/cuda_gpu_executor.cc:996] successful NUMA node read from SysFS had negative value (-1), but there must be at least one NUMA node, so returning NUMA node zero. See more at https://github.com/torvalds/linux/blob/v6.0/Documentation/ABI/testing/sysfs-bus-pci#L344-L355
2024-03-10 16:03:46.908407: I tensorflow/compiler/xla/stream_executor/cuda/cuda_gpu_executor.cc:996] successful NUMA node read from SysFS had negative value (-1), but there must be at least one NUMA node, so returning NUMA node zero. See more at https://github.com/torvalds/linux/blob/v6.0/Documentation/ABI/testing/sysfs-bus-pci#L344-L355
2024-03-10 16:03:46.922867: I tensorflow/compiler/xla/stream_executor/cuda/cuda_gpu_executor.cc:996] successful NUMA node read from SysFS had negative value (-1), but there must be at least one NUMA node, so returning NUMA node zero. See more at https://github.com/torvalds/linux/blob/v6.0/Documentation/ABI/testing/sysfs-bus-pci#L344-L355
2024-03-10 16:03:46.925266: I tensorflow/compiler/xla/stream_executor/cuda/cuda_gpu_executor.cc:996] successful NUMA node read from SysFS had negative value (-1), but there must be at least one NUMA node, so returning NUMA node zero. See more at https://github.com/torvalds/linux/blob/v6.0/Documentation/ABI/testing/sysfs-bus-pci#L344-L355
2024-03-10 16:03:46.927614: I tensorflow/compiler/xla/stream_executor/cuda/cuda_gpu_executor.cc:996] successful NUMA node read from SysFS had negative value (-1), but there must be at least one NUMA node, so returning NUMA node zero. See more at https://github.com/torvalds/linux/blob/v6.0/Documentation/ABI/testing/sysfs-bus-pci#L344-L355
2024-03-10 16:03:47.111586: I tensorflow/compiler/xla/stream_executor/cuda/cuda_gpu_executor.cc:996] successful NUMA node read from SysFS had negative value (-1), but there must be at least one NUMA node, so returning NUMA node zero. See more at https://github.com/torvalds/linux/blob/v6.0/Documentation/ABI/testing/sysfs-bus-pci#L344-L355
2024-03-10 16:03:47.113152: I tensorflow/compiler/xla/stream_executor/cuda/cuda_gpu_executor.cc:996] successful NUMA node read from SysFS had negative value (-1), but there must be at least one NUMA node, so returning NUMA node zero. See more at https://github.com/torvalds/linux/blob/v6.0/Documentation/ABI/testing/sysfs-bus-pci#L344-L355
2024-03-10 16:03:47.114555: I tensorflow/compiler/xla/stream_executor/cuda/cuda_gpu_executor.cc:996] successful NUMA node read from SysFS had negative value (-1), but there must be at least one NUMA node, so returning NUMA node zero. See more at https://github.com/torvalds/linux/blob/v6.0/Documentation/ABI/testing/sysfs-bus-pci#L344-L355
2024-03-10 16:03:47.115966: I tensorflow/core/common_runtime/gpu/gpu_device.cc:1635] Created device /job:localhost/replica:0/task:0/device:GPU:0 with 79087 MB memory:  -> device: 0, name: NVIDIA A100-SXM4-80GB, pci bus id: 0000:08:00.0, compute capability: 8.0
/mnt/data/mvp/src/utils/funcs.py:261: FutureWarning: load_metric is deprecated and will be removed in the next major version of datasets. Use 'evaluate.load' instead, from the new library 🤗 Evaluate: https://huggingface.co/docs/evaluate
  metric = load_metric('accuracy')
You are attempting to use Flash Attention 2.0 with a model initialized on CPU. Make sure to move the model to GPU after initializing it on CPU with `model.to('cuda')`.
Loading checkpoint shards:   0%|          | 0/2 [00:00<?, ?it/s]Loading checkpoint shards:  50%|█████     | 1/2 [00:32<00:32, 32.44s/it]Loading checkpoint shards: 100%|██████████| 2/2 [00:43<00:00, 19.85s/it]Loading checkpoint shards: 100%|██████████| 2/2 [00:43<00:00, 21.74s/it]
Map:   0%|          | 0/500 [00:00<?, ? examples/s]Map: 100%|██████████| 500/500 [00:00<00:00, 16841.48 examples/s]
Traceback (most recent call last):
  File "/usr/local/lib/python3.8/dist-packages/datasets/arrow_dataset.py", line 3500, in _map_single
    writer.finalize()  # close_stream=bool(buf_writer is None))  # We only close if we are writing in a file
  File "/usr/local/lib/python3.8/dist-packages/datasets/arrow_writer.py", line 586, in finalize
    self.write_examples_on_file()
  File "/usr/local/lib/python3.8/dist-packages/datasets/arrow_writer.py", line 444, in write_examples_on_file
    batch_examples[col] = [
  File "/usr/local/lib/python3.8/dist-packages/datasets/arrow_writer.py", line 445, in <listcomp>
    row[0][col].to_pylist()[0] if isinstance(row[0][col], (pa.Array, pa.ChunkedArray)) else row[0][col]
KeyError: 'Example_0'

During handling of the above exception, another exception occurred:

Traceback (most recent call last):
  File "main.py", line 85, in <module>
    attacker(args)
  File "/mnt/data/mvp/src/test.py", line 201, in attacker
    my_dataset = my_dataset[split].map(lambda x: convert_to_icl(x, icl_examples, verbalizer), batched=False)
  File "/usr/local/lib/python3.8/dist-packages/datasets/arrow_dataset.py", line 592, in wrapper
    out: Union["Dataset", "DatasetDict"] = func(self, *args, **kwargs)
  File "/usr/local/lib/python3.8/dist-packages/datasets/arrow_dataset.py", line 557, in wrapper
    out: Union["Dataset", "DatasetDict"] = func(self, *args, **kwargs)
  File "/usr/local/lib/python3.8/dist-packages/datasets/arrow_dataset.py", line 3097, in map
    for rank, done, content in Dataset._map_single(**dataset_kwargs):
  File "/usr/local/lib/python3.8/dist-packages/datasets/arrow_dataset.py", line 3505, in _map_single
    writer.finalize()
  File "/usr/local/lib/python3.8/dist-packages/datasets/arrow_writer.py", line 586, in finalize
    self.write_examples_on_file()
  File "/usr/local/lib/python3.8/dist-packages/datasets/arrow_writer.py", line 444, in write_examples_on_file
    batch_examples[col] = [
  File "/usr/local/lib/python3.8/dist-packages/datasets/arrow_writer.py", line 445, in <listcomp>
    row[0][col].to_pylist()[0] if isinstance(row[0][col], (pa.Array, pa.ChunkedArray)) else row[0][col]
KeyError: 'Example_0'
2024-03-10 16:06:50.200383: I tensorflow/core/platform/cpu_feature_guard.cc:182] This TensorFlow binary is optimized to use available CPU instructions in performance-critical operations.
To enable the following instructions: AVX2 FMA, in other operations, rebuild TensorFlow with the appropriate compiler flags.
2024-03-10 16:06:50.963969: W tensorflow/compiler/tf2tensorrt/utils/py_utils.cc:38] TF-TRT Warning: Could not find TensorRT
2024-03-10 16:06:57.998496: I tensorflow/compiler/xla/stream_executor/cuda/cuda_gpu_executor.cc:996] successful NUMA node read from SysFS had negative value (-1), but there must be at least one NUMA node, so returning NUMA node zero. See more at https://github.com/torvalds/linux/blob/v6.0/Documentation/ABI/testing/sysfs-bus-pci#L344-L355
2024-03-10 16:06:58.007776: I tensorflow/compiler/xla/stream_executor/cuda/cuda_gpu_executor.cc:996] successful NUMA node read from SysFS had negative value (-1), but there must be at least one NUMA node, so returning NUMA node zero. See more at https://github.com/torvalds/linux/blob/v6.0/Documentation/ABI/testing/sysfs-bus-pci#L344-L355
2024-03-10 16:06:58.010150: I tensorflow/compiler/xla/stream_executor/cuda/cuda_gpu_executor.cc:996] successful NUMA node read from SysFS had negative value (-1), but there must be at least one NUMA node, so returning NUMA node zero. See more at https://github.com/torvalds/linux/blob/v6.0/Documentation/ABI/testing/sysfs-bus-pci#L344-L355
2024-03-10 16:06:58.024222: I tensorflow/compiler/xla/stream_executor/cuda/cuda_gpu_executor.cc:996] successful NUMA node read from SysFS had negative value (-1), but there must be at least one NUMA node, so returning NUMA node zero. See more at https://github.com/torvalds/linux/blob/v6.0/Documentation/ABI/testing/sysfs-bus-pci#L344-L355
2024-03-10 16:06:58.026577: I tensorflow/compiler/xla/stream_executor/cuda/cuda_gpu_executor.cc:996] successful NUMA node read from SysFS had negative value (-1), but there must be at least one NUMA node, so returning NUMA node zero. See more at https://github.com/torvalds/linux/blob/v6.0/Documentation/ABI/testing/sysfs-bus-pci#L344-L355
2024-03-10 16:06:58.028902: I tensorflow/compiler/xla/stream_executor/cuda/cuda_gpu_executor.cc:996] successful NUMA node read from SysFS had negative value (-1), but there must be at least one NUMA node, so returning NUMA node zero. See more at https://github.com/torvalds/linux/blob/v6.0/Documentation/ABI/testing/sysfs-bus-pci#L344-L355
2024-03-10 16:06:58.213495: I tensorflow/compiler/xla/stream_executor/cuda/cuda_gpu_executor.cc:996] successful NUMA node read from SysFS had negative value (-1), but there must be at least one NUMA node, so returning NUMA node zero. See more at https://github.com/torvalds/linux/blob/v6.0/Documentation/ABI/testing/sysfs-bus-pci#L344-L355
2024-03-10 16:06:58.215014: I tensorflow/compiler/xla/stream_executor/cuda/cuda_gpu_executor.cc:996] successful NUMA node read from SysFS had negative value (-1), but there must be at least one NUMA node, so returning NUMA node zero. See more at https://github.com/torvalds/linux/blob/v6.0/Documentation/ABI/testing/sysfs-bus-pci#L344-L355
2024-03-10 16:06:58.216394: I tensorflow/compiler/xla/stream_executor/cuda/cuda_gpu_executor.cc:996] successful NUMA node read from SysFS had negative value (-1), but there must be at least one NUMA node, so returning NUMA node zero. See more at https://github.com/torvalds/linux/blob/v6.0/Documentation/ABI/testing/sysfs-bus-pci#L344-L355
2024-03-10 16:06:58.217789: I tensorflow/core/common_runtime/gpu/gpu_device.cc:1635] Created device /job:localhost/replica:0/task:0/device:GPU:0 with 79087 MB memory:  -> device: 0, name: NVIDIA A100-SXM4-80GB, pci bus id: 0000:08:00.0, compute capability: 8.0
/mnt/data/mvp/src/utils/funcs.py:261: FutureWarning: load_metric is deprecated and will be removed in the next major version of datasets. Use 'evaluate.load' instead, from the new library 🤗 Evaluate: https://huggingface.co/docs/evaluate
  metric = load_metric('accuracy')
You are attempting to use Flash Attention 2.0 with a model initialized on CPU. Make sure to move the model to GPU after initializing it on CPU with `model.to('cuda')`.
Loading checkpoint shards:   0%|          | 0/2 [00:00<?, ?it/s]Loading checkpoint shards:  50%|█████     | 1/2 [00:32<00:32, 32.53s/it]Loading checkpoint shards: 100%|██████████| 2/2 [00:43<00:00, 20.00s/it]Loading checkpoint shards: 100%|██████████| 2/2 [00:43<00:00, 21.88s/it]
Map:   0%|          | 0/500 [00:00<?, ? examples/s]Map: 100%|██████████| 500/500 [00:00<00:00, 16702.92 examples/s]
Traceback (most recent call last):
  File "/usr/local/lib/python3.8/dist-packages/datasets/arrow_dataset.py", line 3500, in _map_single
    writer.finalize()  # close_stream=bool(buf_writer is None))  # We only close if we are writing in a file
  File "/usr/local/lib/python3.8/dist-packages/datasets/arrow_writer.py", line 586, in finalize
    self.write_examples_on_file()
  File "/usr/local/lib/python3.8/dist-packages/datasets/arrow_writer.py", line 444, in write_examples_on_file
    batch_examples[col] = [
  File "/usr/local/lib/python3.8/dist-packages/datasets/arrow_writer.py", line 445, in <listcomp>
    row[0][col].to_pylist()[0] if isinstance(row[0][col], (pa.Array, pa.ChunkedArray)) else row[0][col]
KeyError: 'Example_0'

During handling of the above exception, another exception occurred:

Traceback (most recent call last):
  File "main.py", line 85, in <module>
    attacker(args)
  File "/mnt/data/mvp/src/test.py", line 201, in attacker
    my_dataset = my_dataset[split].map(lambda x: convert_to_icl(x, icl_examples, verbalizer), batched=False)
  File "/usr/local/lib/python3.8/dist-packages/datasets/arrow_dataset.py", line 592, in wrapper
    out: Union["Dataset", "DatasetDict"] = func(self, *args, **kwargs)
  File "/usr/local/lib/python3.8/dist-packages/datasets/arrow_dataset.py", line 557, in wrapper
    out: Union["Dataset", "DatasetDict"] = func(self, *args, **kwargs)
  File "/usr/local/lib/python3.8/dist-packages/datasets/arrow_dataset.py", line 3097, in map
    for rank, done, content in Dataset._map_single(**dataset_kwargs):
  File "/usr/local/lib/python3.8/dist-packages/datasets/arrow_dataset.py", line 3505, in _map_single
    writer.finalize()
  File "/usr/local/lib/python3.8/dist-packages/datasets/arrow_writer.py", line 586, in finalize
    self.write_examples_on_file()
  File "/usr/local/lib/python3.8/dist-packages/datasets/arrow_writer.py", line 444, in write_examples_on_file
    batch_examples[col] = [
  File "/usr/local/lib/python3.8/dist-packages/datasets/arrow_writer.py", line 445, in <listcomp>
    row[0][col].to_pylist()[0] if isinstance(row[0][col], (pa.Array, pa.ChunkedArray)) else row[0][col]
KeyError: 'Example_0'
1+16+meta-llama/Llama-2-7b-hf+mvp
./checkpoints/trec/meta-llama/Llama-2-7b-hf/swap_labels/retrieval_icl-seed-1-shot-16
2024-03-10 16:10:00.613683: I tensorflow/core/platform/cpu_feature_guard.cc:182] This TensorFlow binary is optimized to use available CPU instructions in performance-critical operations.
To enable the following instructions: AVX2 FMA, in other operations, rebuild TensorFlow with the appropriate compiler flags.
2024-03-10 16:10:01.387293: W tensorflow/compiler/tf2tensorrt/utils/py_utils.cc:38] TF-TRT Warning: Could not find TensorRT
2024-03-10 16:10:08.394444: I tensorflow/compiler/xla/stream_executor/cuda/cuda_gpu_executor.cc:996] successful NUMA node read from SysFS had negative value (-1), but there must be at least one NUMA node, so returning NUMA node zero. See more at https://github.com/torvalds/linux/blob/v6.0/Documentation/ABI/testing/sysfs-bus-pci#L344-L355
2024-03-10 16:10:08.404328: I tensorflow/compiler/xla/stream_executor/cuda/cuda_gpu_executor.cc:996] successful NUMA node read from SysFS had negative value (-1), but there must be at least one NUMA node, so returning NUMA node zero. See more at https://github.com/torvalds/linux/blob/v6.0/Documentation/ABI/testing/sysfs-bus-pci#L344-L355
2024-03-10 16:10:08.406751: I tensorflow/compiler/xla/stream_executor/cuda/cuda_gpu_executor.cc:996] successful NUMA node read from SysFS had negative value (-1), but there must be at least one NUMA node, so returning NUMA node zero. See more at https://github.com/torvalds/linux/blob/v6.0/Documentation/ABI/testing/sysfs-bus-pci#L344-L355
2024-03-10 16:10:08.422027: I tensorflow/compiler/xla/stream_executor/cuda/cuda_gpu_executor.cc:996] successful NUMA node read from SysFS had negative value (-1), but there must be at least one NUMA node, so returning NUMA node zero. See more at https://github.com/torvalds/linux/blob/v6.0/Documentation/ABI/testing/sysfs-bus-pci#L344-L355
2024-03-10 16:10:08.424424: I tensorflow/compiler/xla/stream_executor/cuda/cuda_gpu_executor.cc:996] successful NUMA node read from SysFS had negative value (-1), but there must be at least one NUMA node, so returning NUMA node zero. See more at https://github.com/torvalds/linux/blob/v6.0/Documentation/ABI/testing/sysfs-bus-pci#L344-L355
2024-03-10 16:10:08.426781: I tensorflow/compiler/xla/stream_executor/cuda/cuda_gpu_executor.cc:996] successful NUMA node read from SysFS had negative value (-1), but there must be at least one NUMA node, so returning NUMA node zero. See more at https://github.com/torvalds/linux/blob/v6.0/Documentation/ABI/testing/sysfs-bus-pci#L344-L355
2024-03-10 16:10:08.607527: I tensorflow/compiler/xla/stream_executor/cuda/cuda_gpu_executor.cc:996] successful NUMA node read from SysFS had negative value (-1), but there must be at least one NUMA node, so returning NUMA node zero. See more at https://github.com/torvalds/linux/blob/v6.0/Documentation/ABI/testing/sysfs-bus-pci#L344-L355
2024-03-10 16:10:08.609135: I tensorflow/compiler/xla/stream_executor/cuda/cuda_gpu_executor.cc:996] successful NUMA node read from SysFS had negative value (-1), but there must be at least one NUMA node, so returning NUMA node zero. See more at https://github.com/torvalds/linux/blob/v6.0/Documentation/ABI/testing/sysfs-bus-pci#L344-L355
2024-03-10 16:10:08.610782: I tensorflow/compiler/xla/stream_executor/cuda/cuda_gpu_executor.cc:996] successful NUMA node read from SysFS had negative value (-1), but there must be at least one NUMA node, so returning NUMA node zero. See more at https://github.com/torvalds/linux/blob/v6.0/Documentation/ABI/testing/sysfs-bus-pci#L344-L355
2024-03-10 16:10:08.612191: I tensorflow/core/common_runtime/gpu/gpu_device.cc:1635] Created device /job:localhost/replica:0/task:0/device:GPU:0 with 79087 MB memory:  -> device: 0, name: NVIDIA A100-SXM4-80GB, pci bus id: 0000:08:00.0, compute capability: 8.0
/mnt/data/mvp/src/utils/funcs.py:261: FutureWarning: load_metric is deprecated and will be removed in the next major version of datasets. Use 'evaluate.load' instead, from the new library 🤗 Evaluate: https://huggingface.co/docs/evaluate
  metric = load_metric('accuracy')
You are attempting to use Flash Attention 2.0 with a model initialized on CPU. Make sure to move the model to GPU after initializing it on CPU with `model.to('cuda')`.
Loading checkpoint shards:   0%|          | 0/2 [00:00<?, ?it/s]Loading checkpoint shards:  50%|█████     | 1/2 [00:32<00:32, 32.84s/it]Loading checkpoint shards: 100%|██████████| 2/2 [00:44<00:00, 20.30s/it]Loading checkpoint shards: 100%|██████████| 2/2 [00:44<00:00, 22.18s/it]
Map:   0%|          | 0/500 [00:00<?, ? examples/s]Map: 100%|██████████| 500/500 [00:00<00:00, 13598.97 examples/s]
Traceback (most recent call last):
  File "/usr/local/lib/python3.8/dist-packages/datasets/arrow_dataset.py", line 3500, in _map_single
    writer.finalize()  # close_stream=bool(buf_writer is None))  # We only close if we are writing in a file
  File "/usr/local/lib/python3.8/dist-packages/datasets/arrow_writer.py", line 586, in finalize
    self.write_examples_on_file()
  File "/usr/local/lib/python3.8/dist-packages/datasets/arrow_writer.py", line 444, in write_examples_on_file
    batch_examples[col] = [
  File "/usr/local/lib/python3.8/dist-packages/datasets/arrow_writer.py", line 445, in <listcomp>
    row[0][col].to_pylist()[0] if isinstance(row[0][col], (pa.Array, pa.ChunkedArray)) else row[0][col]
KeyError: 'Example_0'

During handling of the above exception, another exception occurred:

Traceback (most recent call last):
  File "main.py", line 85, in <module>
    attacker(args)
  File "/mnt/data/mvp/src/test.py", line 201, in attacker
    my_dataset = my_dataset[split].map(lambda x: convert_to_icl(x, icl_examples, verbalizer), batched=False)
  File "/usr/local/lib/python3.8/dist-packages/datasets/arrow_dataset.py", line 592, in wrapper
    out: Union["Dataset", "DatasetDict"] = func(self, *args, **kwargs)
  File "/usr/local/lib/python3.8/dist-packages/datasets/arrow_dataset.py", line 557, in wrapper
    out: Union["Dataset", "DatasetDict"] = func(self, *args, **kwargs)
  File "/usr/local/lib/python3.8/dist-packages/datasets/arrow_dataset.py", line 3097, in map
    for rank, done, content in Dataset._map_single(**dataset_kwargs):
  File "/usr/local/lib/python3.8/dist-packages/datasets/arrow_dataset.py", line 3505, in _map_single
    writer.finalize()
  File "/usr/local/lib/python3.8/dist-packages/datasets/arrow_writer.py", line 586, in finalize
    self.write_examples_on_file()
  File "/usr/local/lib/python3.8/dist-packages/datasets/arrow_writer.py", line 444, in write_examples_on_file
    batch_examples[col] = [
  File "/usr/local/lib/python3.8/dist-packages/datasets/arrow_writer.py", line 445, in <listcomp>
    row[0][col].to_pylist()[0] if isinstance(row[0][col], (pa.Array, pa.ChunkedArray)) else row[0][col]
KeyError: 'Example_0'
2024-03-10 16:13:13.917396: I tensorflow/core/platform/cpu_feature_guard.cc:182] This TensorFlow binary is optimized to use available CPU instructions in performance-critical operations.
To enable the following instructions: AVX2 FMA, in other operations, rebuild TensorFlow with the appropriate compiler flags.
2024-03-10 16:13:14.706496: W tensorflow/compiler/tf2tensorrt/utils/py_utils.cc:38] TF-TRT Warning: Could not find TensorRT
2024-03-10 16:13:21.891254: I tensorflow/compiler/xla/stream_executor/cuda/cuda_gpu_executor.cc:996] successful NUMA node read from SysFS had negative value (-1), but there must be at least one NUMA node, so returning NUMA node zero. See more at https://github.com/torvalds/linux/blob/v6.0/Documentation/ABI/testing/sysfs-bus-pci#L344-L355
2024-03-10 16:13:21.901352: I tensorflow/compiler/xla/stream_executor/cuda/cuda_gpu_executor.cc:996] successful NUMA node read from SysFS had negative value (-1), but there must be at least one NUMA node, so returning NUMA node zero. See more at https://github.com/torvalds/linux/blob/v6.0/Documentation/ABI/testing/sysfs-bus-pci#L344-L355
2024-03-10 16:13:21.903733: I tensorflow/compiler/xla/stream_executor/cuda/cuda_gpu_executor.cc:996] successful NUMA node read from SysFS had negative value (-1), but there must be at least one NUMA node, so returning NUMA node zero. See more at https://github.com/torvalds/linux/blob/v6.0/Documentation/ABI/testing/sysfs-bus-pci#L344-L355
2024-03-10 16:13:21.918730: I tensorflow/compiler/xla/stream_executor/cuda/cuda_gpu_executor.cc:996] successful NUMA node read from SysFS had negative value (-1), but there must be at least one NUMA node, so returning NUMA node zero. See more at https://github.com/torvalds/linux/blob/v6.0/Documentation/ABI/testing/sysfs-bus-pci#L344-L355
2024-03-10 16:13:21.921108: I tensorflow/compiler/xla/stream_executor/cuda/cuda_gpu_executor.cc:996] successful NUMA node read from SysFS had negative value (-1), but there must be at least one NUMA node, so returning NUMA node zero. See more at https://github.com/torvalds/linux/blob/v6.0/Documentation/ABI/testing/sysfs-bus-pci#L344-L355
2024-03-10 16:13:21.923464: I tensorflow/compiler/xla/stream_executor/cuda/cuda_gpu_executor.cc:996] successful NUMA node read from SysFS had negative value (-1), but there must be at least one NUMA node, so returning NUMA node zero. See more at https://github.com/torvalds/linux/blob/v6.0/Documentation/ABI/testing/sysfs-bus-pci#L344-L355
2024-03-10 16:13:22.107374: I tensorflow/compiler/xla/stream_executor/cuda/cuda_gpu_executor.cc:996] successful NUMA node read from SysFS had negative value (-1), but there must be at least one NUMA node, so returning NUMA node zero. See more at https://github.com/torvalds/linux/blob/v6.0/Documentation/ABI/testing/sysfs-bus-pci#L344-L355
2024-03-10 16:13:22.108895: I tensorflow/compiler/xla/stream_executor/cuda/cuda_gpu_executor.cc:996] successful NUMA node read from SysFS had negative value (-1), but there must be at least one NUMA node, so returning NUMA node zero. See more at https://github.com/torvalds/linux/blob/v6.0/Documentation/ABI/testing/sysfs-bus-pci#L344-L355
2024-03-10 16:13:22.110272: I tensorflow/compiler/xla/stream_executor/cuda/cuda_gpu_executor.cc:996] successful NUMA node read from SysFS had negative value (-1), but there must be at least one NUMA node, so returning NUMA node zero. See more at https://github.com/torvalds/linux/blob/v6.0/Documentation/ABI/testing/sysfs-bus-pci#L344-L355
2024-03-10 16:13:22.111656: I tensorflow/core/common_runtime/gpu/gpu_device.cc:1635] Created device /job:localhost/replica:0/task:0/device:GPU:0 with 79087 MB memory:  -> device: 0, name: NVIDIA A100-SXM4-80GB, pci bus id: 0000:08:00.0, compute capability: 8.0
/mnt/data/mvp/src/utils/funcs.py:261: FutureWarning: load_metric is deprecated and will be removed in the next major version of datasets. Use 'evaluate.load' instead, from the new library 🤗 Evaluate: https://huggingface.co/docs/evaluate
  metric = load_metric('accuracy')
You are attempting to use Flash Attention 2.0 with a model initialized on CPU. Make sure to move the model to GPU after initializing it on CPU with `model.to('cuda')`.
Loading checkpoint shards:   0%|          | 0/2 [00:00<?, ?it/s]Loading checkpoint shards:  50%|█████     | 1/2 [00:33<00:33, 33.44s/it]Loading checkpoint shards: 100%|██████████| 2/2 [00:44<00:00, 20.37s/it]Loading checkpoint shards: 100%|██████████| 2/2 [00:44<00:00, 22.33s/it]
Map:   0%|          | 0/500 [00:00<?, ? examples/s]Map: 100%|██████████| 500/500 [00:00<00:00, 12340.11 examples/s]
Traceback (most recent call last):
  File "/usr/local/lib/python3.8/dist-packages/datasets/arrow_dataset.py", line 3500, in _map_single
    writer.finalize()  # close_stream=bool(buf_writer is None))  # We only close if we are writing in a file
  File "/usr/local/lib/python3.8/dist-packages/datasets/arrow_writer.py", line 586, in finalize
    self.write_examples_on_file()
  File "/usr/local/lib/python3.8/dist-packages/datasets/arrow_writer.py", line 444, in write_examples_on_file
    batch_examples[col] = [
  File "/usr/local/lib/python3.8/dist-packages/datasets/arrow_writer.py", line 445, in <listcomp>
    row[0][col].to_pylist()[0] if isinstance(row[0][col], (pa.Array, pa.ChunkedArray)) else row[0][col]
KeyError: 'Example_0'

During handling of the above exception, another exception occurred:

Traceback (most recent call last):
  File "main.py", line 85, in <module>
    attacker(args)
  File "/mnt/data/mvp/src/test.py", line 201, in attacker
    my_dataset = my_dataset[split].map(lambda x: convert_to_icl(x, icl_examples, verbalizer), batched=False)
  File "/usr/local/lib/python3.8/dist-packages/datasets/arrow_dataset.py", line 592, in wrapper
    out: Union["Dataset", "DatasetDict"] = func(self, *args, **kwargs)
  File "/usr/local/lib/python3.8/dist-packages/datasets/arrow_dataset.py", line 557, in wrapper
    out: Union["Dataset", "DatasetDict"] = func(self, *args, **kwargs)
  File "/usr/local/lib/python3.8/dist-packages/datasets/arrow_dataset.py", line 3097, in map
    for rank, done, content in Dataset._map_single(**dataset_kwargs):
  File "/usr/local/lib/python3.8/dist-packages/datasets/arrow_dataset.py", line 3505, in _map_single
    writer.finalize()
  File "/usr/local/lib/python3.8/dist-packages/datasets/arrow_writer.py", line 586, in finalize
    self.write_examples_on_file()
  File "/usr/local/lib/python3.8/dist-packages/datasets/arrow_writer.py", line 444, in write_examples_on_file
    batch_examples[col] = [
  File "/usr/local/lib/python3.8/dist-packages/datasets/arrow_writer.py", line 445, in <listcomp>
    row[0][col].to_pylist()[0] if isinstance(row[0][col], (pa.Array, pa.ChunkedArray)) else row[0][col]
KeyError: 'Example_0'
